#
# There is insufficient memory for the Java Runtime Environment to continue.
# Native memory allocation (malloc) failed to allocate 2147216 bytes for Chunk::new
# Possible reasons:
#   The system is out of physical RAM or swap space
#   The process is running with CompressedOops enabled, and the Java Heap may be blocking the growth of the native heap
# Possible solutions:
#   Reduce memory load on the system
#   Increase physical memory or swap space
#   Check if swap backing store is full
#   Decrease Java heap size (-Xmx/-Xms)
#   Decrease number of Java threads
#   Decrease Java thread stack sizes (-Xss)
#   Set larger code cache with -XX:ReservedCodeCacheSize=
#   JVM is running with Unscaled Compressed Oops mode in which the Java heap is
#     placed in the first 4GB address space. The Java Heap base address is the
#     maximum limit for the native heap growth. Please use -XX:HeapBaseMinAddress
#     to set the Java Heap base and to place the Java Heap above 4GB virtual address.
# This output file may be truncated or incomplete.
#
#  Out of Memory Error (arena.cpp:189), pid=15136, tid=16048
#
# JRE version: Java(TM) SE Runtime Environment (17.0.7+8) (build 17.0.7+8-LTS-224)
# Java VM: Java HotSpot(TM) 64-Bit Server VM (17.0.7+8-LTS-224, mixed mode, sharing, tiered, compressed oops, compressed class ptrs, g1 gc, windows-amd64)
# No core dump will be written. Minidumps are not enabled by default on client versions of Windows
#

---------------  S U M M A R Y ------------

Command Line: --add-opens=java.base/java.util=ALL-UNNAMED --add-opens=java.base/java.lang=ALL-UNNAMED --add-opens=java.base/java.lang.invoke=ALL-UNNAMED --add-opens=java.prefs/java.util.prefs=ALL-UNNAMED --add-opens=java.base/java.nio.charset=ALL-UNNAMED --add-opens=java.base/java.net=ALL-UNNAMED --add-opens=java.base/java.util.concurrent.atomic=ALL-UNNAMED -XX:MaxMetaspaceSize=384m -XX:+HeapDumpOnOutOfMemoryError -Xms256m -Xmx512m -Dfile.encoding=windows-1252 -Duser.country=PE -Duser.language=es -Duser.variant -javaagent:C:\Users\henryvf\.gradle\wrapper\dists\gradle-8.4-bin\1w5dpkrfk8irigvoxmyhowfim\gradle-8.4\lib\agents\gradle-instrumentation-agent-8.4.jar org.gradle.launcher.daemon.bootstrap.GradleDaemon 8.4

Host: Intel(R) Core(TM) i5-10210U CPU @ 1.60GHz, 8 cores, 7G,  Windows 10 , 64 bit Build 19041 (10.0.19041.3636)
Time: Sun Nov 26 11:18:47 2023 Hora est. Pacífico, Sudamérica elapsed time: 13.842218 seconds (0d 0h 0m 13s)

---------------  T H R E A D  ---------------

Current thread (0x0000012224c519b0):  JavaThread "C2 CompilerThread1" daemon [_thread_in_native, id=16048, stack(0x0000001e6f000000,0x0000001e6f100000)]


Current CompileTask:
C2:  13842 7019 %     4       org.objectweb.asm.ClassReader::readCode @ 1631 (5117 bytes)

Stack: [0x0000001e6f000000,0x0000001e6f100000]
Native frames: (J=compiled Java code, j=interpreted, Vv=VM code, C=native code)
V  [jvm.dll+0x676a4a]
V  [jvm.dll+0x7d74f4]
V  [jvm.dll+0x7d8c9e]
V  [jvm.dll+0x7d9303]
V  [jvm.dll+0x2452c5]
V  [jvm.dll+0xaaa2b]
V  [jvm.dll+0xaafcc]
V  [jvm.dll+0x3613cf]
V  [jvm.dll+0x32bba1]
V  [jvm.dll+0x32b03a]
V  [jvm.dll+0x217acf]
V  [jvm.dll+0x216f01]
V  [jvm.dll+0x1a35e0]
V  [jvm.dll+0x226a6e]
V  [jvm.dll+0x224e15]
V  [jvm.dll+0x78d05c]
V  [jvm.dll+0x78759a]
V  [jvm.dll+0x675875]
C  [ucrtbase.dll+0x21bb2]
C  [KERNEL32.DLL+0x17344]
C  [ntdll.dll+0x526b1]


---------------  P R O C E S S  ---------------

Threads class SMR info:
_java_thread_list=0x000001222338b4d0, length=42, elements={
0x0000012207d07e40, 0x00000122225b8cb0, 0x00000122225b9a30, 0x00000122225d33f0,
0x00000122225d5dc0, 0x00000122225d6680, 0x00000122225d6f40, 0x00000122225dbb80,
0x00000122225dc480, 0x00000122225dcd80, 0x00000122225a5f60, 0x00000122231bc480,
0x0000012223609b40, 0x000001222360bcf0, 0x000001222360c1c0, 0x0000012223608cd0,
0x00000122236091a0, 0x000001222360ae80, 0x000001222360b820, 0x0000012223609670,
0x000001222360b350, 0x0000012223608800, 0x000001222360a4e0, 0x000001222360a9b0,
0x00000122256c5ab0, 0x00000122256ca7b0, 0x00000122256ca2e0, 0x00000122256cac80,
0x00000122256cb150, 0x00000122256c9e10, 0x00000122256cb620, 0x00000122256c6450,
0x00000122256c5f80, 0x00000122256c6920, 0x00000122256c9470, 0x0000012224c519b0,
0x00000122256c6df0, 0x00000122256c72c0, 0x00000122256c7790, 0x00000122256c5110,
0x00000122256c7c60, 0x00000122256c9940
}

Java Threads: ( => current thread )
  0x0000012207d07e40 JavaThread "main" [_thread_blocked, id=4856, stack(0x0000001e6c100000,0x0000001e6c200000)]
  0x00000122225b8cb0 JavaThread "Reference Handler" daemon [_thread_blocked, id=15680, stack(0x0000001e6c800000,0x0000001e6c900000)]
  0x00000122225b9a30 JavaThread "Finalizer" daemon [_thread_blocked, id=6900, stack(0x0000001e6c900000,0x0000001e6ca00000)]
  0x00000122225d33f0 JavaThread "Signal Dispatcher" daemon [_thread_blocked, id=3220, stack(0x0000001e6ca00000,0x0000001e6cb00000)]
  0x00000122225d5dc0 JavaThread "Attach Listener" daemon [_thread_blocked, id=7508, stack(0x0000001e6cb00000,0x0000001e6cc00000)]
  0x00000122225d6680 JavaThread "Service Thread" daemon [_thread_blocked, id=12684, stack(0x0000001e6cc00000,0x0000001e6cd00000)]
  0x00000122225d6f40 JavaThread "Monitor Deflation Thread" daemon [_thread_blocked, id=1968, stack(0x0000001e6cd00000,0x0000001e6ce00000)]
  0x00000122225dbb80 JavaThread "C2 CompilerThread0" daemon [_thread_blocked, id=7396, stack(0x0000001e6ce00000,0x0000001e6cf00000)]
  0x00000122225dc480 JavaThread "C1 CompilerThread0" daemon [_thread_blocked, id=16324, stack(0x0000001e6cf00000,0x0000001e6d000000)]
  0x00000122225dcd80 JavaThread "Sweeper thread" daemon [_thread_blocked, id=2184, stack(0x0000001e6d000000,0x0000001e6d100000)]
  0x00000122225a5f60 JavaThread "Common-Cleaner" daemon [_thread_blocked, id=11456, stack(0x0000001e6d100000,0x0000001e6d200000)]
  0x00000122231bc480 JavaThread "Notification Thread" daemon [_thread_blocked, id=9004, stack(0x0000001e6d200000,0x0000001e6d300000)]
  0x0000012223609b40 JavaThread "Daemon health stats" [_thread_blocked, id=13000, stack(0x0000001e6db00000,0x0000001e6dc00000)]
  0x000001222360bcf0 JavaThread "Incoming local TCP Connector on port 50419" [_thread_in_native, id=16448, stack(0x0000001e6dc00000,0x0000001e6dd00000)]
  0x000001222360c1c0 JavaThread "Daemon periodic checks" [_thread_blocked, id=2480, stack(0x0000001e6dd00000,0x0000001e6de00000)]
  0x0000012223608cd0 JavaThread "Daemon" [_thread_blocked, id=13856, stack(0x0000001e6de00000,0x0000001e6df00000)]
  0x00000122236091a0 JavaThread "Handler for socket connection from /127.0.0.1:50419 to /127.0.0.1:50420" [_thread_in_native, id=9252, stack(0x0000001e6df00000,0x0000001e6e000000)]
  0x000001222360ae80 JavaThread "Cancel handler" [_thread_blocked, id=7540, stack(0x0000001e6e000000,0x0000001e6e100000)]
  0x000001222360b820 JavaThread "Daemon worker" [_thread_blocked, id=10752, stack(0x0000001e6e100000,0x0000001e6e200000)]
  0x0000012223609670 JavaThread "Asynchronous log dispatcher for DefaultDaemonConnection: socket connection from /127.0.0.1:50419 to /127.0.0.1:50420" [_thread_blocked, id=12008, stack(0x0000001e6e200000,0x0000001e6e300000)]
  0x000001222360b350 JavaThread "Stdin handler" [_thread_blocked, id=15320, stack(0x0000001e6e300000,0x0000001e6e400000)]
  0x0000012223608800 JavaThread "Daemon client event forwarder" [_thread_blocked, id=6576, stack(0x0000001e6e400000,0x0000001e6e500000)]
  0x000001222360a4e0 JavaThread "Cache worker for journal cache (C:\Users\henryvf\.gradle\caches\journal-1)" [_thread_blocked, id=4764, stack(0x0000001e6e500000,0x0000001e6e600000)]
  0x000001222360a9b0 JavaThread "File lock request listener" [_thread_in_native, id=11948, stack(0x0000001e6e600000,0x0000001e6e700000)]
  0x00000122256c5ab0 JavaThread "Cache worker for file hash cache (C:\Users\henryvf\.gradle\caches\8.4\fileHashes)" [_thread_blocked, id=11720, stack(0x0000001e6e700000,0x0000001e6e800000)]
  0x00000122256ca7b0 JavaThread "File watcher server" daemon [_thread_in_native, id=7040, stack(0x0000001e6e800000,0x0000001e6e900000)]
  0x00000122256ca2e0 JavaThread "File watcher consumer" daemon [_thread_blocked, id=9388, stack(0x0000001e6e900000,0x0000001e6ea00000)]
  0x00000122256cac80 JavaThread "jar transforms" [_thread_blocked, id=7844, stack(0x0000001e6d400000,0x0000001e6d500000)]
  0x00000122256cb150 JavaThread "jar transforms Thread 2" [_thread_blocked, id=6444, stack(0x0000001e6d500000,0x0000001e6d600000)]
  0x00000122256c9e10 JavaThread "jar transforms Thread 3" [_thread_blocked, id=12344, stack(0x0000001e6ea00000,0x0000001e6eb00000)]
  0x00000122256cb620 JavaThread "jar transforms Thread 4" [_thread_blocked, id=12664, stack(0x0000001e6eb00000,0x0000001e6ec00000)]
  0x00000122256c6450 JavaThread "jar transforms Thread 5" [_thread_blocked, id=14880, stack(0x0000001e6ec00000,0x0000001e6ed00000)]
  0x00000122256c5f80 JavaThread "jar transforms Thread 6" [_thread_blocked, id=17284, stack(0x0000001e6ed00000,0x0000001e6ee00000)]
  0x00000122256c6920 JavaThread "jar transforms Thread 7" [_thread_blocked, id=1580, stack(0x0000001e6ee00000,0x0000001e6ef00000)]
  0x00000122256c9470 JavaThread "jar transforms Thread 8" [_thread_in_Java, id=10984, stack(0x0000001e6ef00000,0x0000001e6f000000)]
=>0x0000012224c519b0 JavaThread "C2 CompilerThread1" daemon [_thread_in_native, id=16048, stack(0x0000001e6f000000,0x0000001e6f100000)]
  0x00000122256c6df0 JavaThread "Cache worker for checksums cache (E:\henry\proyectos\store-backend\.gradle\8.4\checksums)" [_thread_blocked, id=10408, stack(0x0000001e6f400000,0x0000001e6f500000)]
  0x00000122256c72c0 JavaThread "Cache worker for file hash cache (E:\henry\proyectos\store-backend\.gradle\8.4\fileHashes)" [_thread_blocked, id=16144, stack(0x0000001e6f500000,0x0000001e6f600000)]
  0x00000122256c7790 JavaThread "Cache worker for cache directory md-supplier (C:\Users\henryvf\.gradle\caches\8.4\md-supplier)" [_thread_blocked, id=9492, stack(0x0000001e6f600000,0x0000001e6f700000)]
  0x00000122256c5110 JavaThread "Cache worker for file content cache (C:\Users\henryvf\.gradle\caches\8.4\fileContent)" [_thread_blocked, id=15816, stack(0x0000001e6f700000,0x0000001e6f800000)]
  0x00000122256c7c60 JavaThread "Cache worker for cache directory md-rule (C:\Users\henryvf\.gradle\caches\8.4\md-rule)" [_thread_blocked, id=15632, stack(0x0000001e6f800000,0x0000001e6f900000)]
  0x00000122256c9940 JavaThread "Cache worker for execution history cache (C:\Users\henryvf\.gradle\caches\8.4\executionHistory)" [_thread_blocked, id=13640, stack(0x0000001e6f900000,0x0000001e6fa00000)]

Other Threads:
  0x00000122225b49a0 VMThread "VM Thread" [stack: 0x0000001e6c700000,0x0000001e6c800000] [id=8936]
  0x0000012207d3e6c0 WatcherThread [stack: 0x0000001e6d300000,0x0000001e6d400000] [id=16476]
  0x0000012207d357e0 GCTaskThread "GC Thread#0" [stack: 0x0000001e6c200000,0x0000001e6c300000] [id=5124]
  0x0000012223b38e80 GCTaskThread "GC Thread#1" [stack: 0x0000001e6d600000,0x0000001e6d700000] [id=12748]
  0x0000012224126ba0 GCTaskThread "GC Thread#2" [stack: 0x0000001e6d700000,0x0000001e6d800000] [id=9144]
  0x0000012223b37b60 GCTaskThread "GC Thread#3" [stack: 0x0000001e6d800000,0x0000001e6d900000] [id=12800]
  0x0000012223cf0420 GCTaskThread "GC Thread#4" [stack: 0x0000001e6d900000,0x0000001e6da00000] [id=1864]
  0x00000122241a0a00 GCTaskThread "GC Thread#5" [stack: 0x0000001e6da00000,0x0000001e6db00000] [id=4740]
  0x000001222942f4a0 GCTaskThread "GC Thread#6" [stack: 0x0000001e6f100000,0x0000001e6f200000] [id=9524]
  0x0000012229430770 GCTaskThread "GC Thread#7" [stack: 0x0000001e6f200000,0x0000001e6f300000] [id=9992]
  0x0000012207d35f30 ConcurrentGCThread "G1 Main Marker" [stack: 0x0000001e6c300000,0x0000001e6c400000] [id=6372]
  0x0000012207d36850 ConcurrentGCThread "G1 Conc#0" [stack: 0x0000001e6c400000,0x0000001e6c500000] [id=12796]
  0x0000012229430210 ConcurrentGCThread "G1 Conc#1" [stack: 0x0000001e6f300000,0x0000001e6f400000] [id=8000]
  0x0000012207ddecb0 ConcurrentGCThread "G1 Refine#0" [stack: 0x0000001e6c500000,0x0000001e6c600000] [id=12924]
  0x0000012222476720 ConcurrentGCThread "G1 Service" [stack: 0x0000001e6c600000,0x0000001e6c700000] [id=3196]

Threads with active compile tasks:
C2 CompilerThread1    13860 7019 %     4       org.objectweb.asm.ClassReader::readCode @ 1631 (5117 bytes)

VM state: not at safepoint (normal execution)

VM Mutex/Monitor currently owned by a thread: None

Heap address: 0x00000000e0000000, size: 512 MB, Compressed Oops mode: 32-bit

CDS archive(s) mapped at: [0x0000000800000000-0x0000000800bd0000-0x0000000800bd0000), size 12386304, SharedBaseAddress: 0x0000000800000000, ArchiveRelocationMode: 0.
Compressed class space mapped at: 0x0000000800c00000-0x0000000814000000, reserved size: 322961408
Narrow klass base: 0x0000000800000000, Narrow klass shift: 0, Narrow klass range: 0x100000000

GC Precious Log:
 CPUs: 8 total, 8 available
 Memory: 8020M
 Large Page Support: Disabled
 NUMA Support: Disabled
 Compressed Oops: Enabled (32-bit)
 Heap Region Size: 1M
 Heap Min Capacity: 256M
 Heap Initial Capacity: 256M
 Heap Max Capacity: 512M
 Pre-touch: Disabled
 Parallel Workers: 8
 Concurrent Workers: 2
 Concurrent Refinement Workers: 8
 Periodic GC: Disabled

Heap:
 garbage-first heap   total 262144K, used 93165K [0x00000000e0000000, 0x0000000100000000)
  region size 1024K, 21 young (21504K), 9 survivors (9216K)
 Metaspace       used 44236K, committed 44672K, reserved 356352K
  class space    used 6102K, committed 6272K, reserved 315392K

Heap Regions: E=young(eden), S=young(survivor), O=old, HS=humongous(starts), HC=humongous(continues), CS=collection set, F=free, OA=open archive, CA=closed archive, TAMS=top-at-mark-start (previous, next)
|   0|0x00000000e0000000, 0x00000000e0100000, 0x00000000e0100000|100%|HS|  |TAMS 0x00000000e0100000, 0x00000000e0000000| Complete 
|   1|0x00000000e0100000, 0x00000000e0200000, 0x00000000e0200000|100%|HC|  |TAMS 0x00000000e0200000, 0x00000000e0100000| Complete 
|   2|0x00000000e0200000, 0x00000000e0300000, 0x00000000e0300000|100%|HC|  |TAMS 0x00000000e0300000, 0x00000000e0200000| Complete 
|   3|0x00000000e0300000, 0x00000000e0400000, 0x00000000e0400000|100%|HC|  |TAMS 0x00000000e0400000, 0x00000000e0300000| Complete 
|   4|0x00000000e0400000, 0x00000000e0500000, 0x00000000e0500000|100%| O|  |TAMS 0x00000000e0400000, 0x00000000e0400000| Untracked 
|   5|0x00000000e0500000, 0x00000000e0600000, 0x00000000e0600000|100%| O|  |TAMS 0x00000000e0600000, 0x00000000e0500000| Untracked 
|   6|0x00000000e0600000, 0x00000000e0700000, 0x00000000e0700000|100%| O|  |TAMS 0x00000000e0700000, 0x00000000e0600000| Untracked 
|   7|0x00000000e0700000, 0x00000000e0800000, 0x00000000e0800000|100%| O|  |TAMS 0x00000000e0800000, 0x00000000e0700000| Untracked 
|   8|0x00000000e0800000, 0x00000000e0900000, 0x00000000e0900000|100%| O|  |TAMS 0x00000000e0900000, 0x00000000e0800000| Untracked 
|   9|0x00000000e0900000, 0x00000000e0a00000, 0x00000000e0a00000|100%| O|  |TAMS 0x00000000e0a00000, 0x00000000e0900000| Untracked 
|  10|0x00000000e0a00000, 0x00000000e0b00000, 0x00000000e0b00000|100%| O|  |TAMS 0x00000000e0b00000, 0x00000000e0a00000| Untracked 
|  11|0x00000000e0b00000, 0x00000000e0c00000, 0x00000000e0c00000|100%|HS|  |TAMS 0x00000000e0c00000, 0x00000000e0b00000| Complete 
|  12|0x00000000e0c00000, 0x00000000e0d00000, 0x00000000e0d00000|100%|HS|  |TAMS 0x00000000e0d00000, 0x00000000e0c00000| Complete 
|  13|0x00000000e0d00000, 0x00000000e0e00000, 0x00000000e0e00000|100%|HC|  |TAMS 0x00000000e0e00000, 0x00000000e0d00000| Complete 
|  14|0x00000000e0e00000, 0x00000000e0f00000, 0x00000000e0f00000|100%|HS|  |TAMS 0x00000000e0f00000, 0x00000000e0e00000| Complete 
|  15|0x00000000e0f00000, 0x00000000e1000000, 0x00000000e1000000|100%|HC|  |TAMS 0x00000000e1000000, 0x00000000e0f00000| Complete 
|  16|0x00000000e1000000, 0x00000000e1100000, 0x00000000e1100000|100%|HC|  |TAMS 0x00000000e1100000, 0x00000000e1000000| Complete 
|  17|0x00000000e1100000, 0x00000000e1200000, 0x00000000e1200000|100%|HS|  |TAMS 0x00000000e1200000, 0x00000000e1100000| Complete 
|  18|0x00000000e1200000, 0x00000000e1300000, 0x00000000e1300000|100%|HC|  |TAMS 0x00000000e1300000, 0x00000000e1200000| Complete 
|  19|0x00000000e1300000, 0x00000000e1400000, 0x00000000e1400000|100%|HC|  |TAMS 0x00000000e1400000, 0x00000000e1300000| Complete 
|  20|0x00000000e1400000, 0x00000000e1500000, 0x00000000e1500000|100%|HS|  |TAMS 0x00000000e1500000, 0x00000000e1400000| Complete 
|  21|0x00000000e1500000, 0x00000000e1600000, 0x00000000e1600000|100%|HC|  |TAMS 0x00000000e1600000, 0x00000000e1500000| Complete 
|  22|0x00000000e1600000, 0x00000000e1700000, 0x00000000e1700000|100%|HC|  |TAMS 0x00000000e1700000, 0x00000000e1600000| Complete 
|  23|0x00000000e1700000, 0x00000000e1800000, 0x00000000e1800000|100%|HC|  |TAMS 0x00000000e1800000, 0x00000000e1700000| Complete 
|  24|0x00000000e1800000, 0x00000000e1900000, 0x00000000e1900000|100%|HC|  |TAMS 0x00000000e1900000, 0x00000000e1800000| Complete 
|  25|0x00000000e1900000, 0x00000000e1a00000, 0x00000000e1a00000|100%|HC|  |TAMS 0x00000000e1a00000, 0x00000000e1900000| Complete 
|  26|0x00000000e1a00000, 0x00000000e1b00000, 0x00000000e1b00000|100%|HC|  |TAMS 0x00000000e1b00000, 0x00000000e1a00000| Complete 
|  27|0x00000000e1b00000, 0x00000000e1c00000, 0x00000000e1c00000|100%|HC|  |TAMS 0x00000000e1c00000, 0x00000000e1b00000| Complete 
|  28|0x00000000e1c00000, 0x00000000e1d00000, 0x00000000e1d00000|100%|HC|  |TAMS 0x00000000e1d00000, 0x00000000e1c00000| Complete 
|  29|0x00000000e1d00000, 0x00000000e1e00000, 0x00000000e1e00000|100%|HC|  |TAMS 0x00000000e1e00000, 0x00000000e1d00000| Complete 
|  30|0x00000000e1e00000, 0x00000000e1f00000, 0x00000000e1f00000|100%|HC|  |TAMS 0x00000000e1f00000, 0x00000000e1e00000| Complete 
|  31|0x00000000e1f00000, 0x00000000e2000000, 0x00000000e2000000|100%|HC|  |TAMS 0x00000000e2000000, 0x00000000e1f00000| Complete 
|  32|0x00000000e2000000, 0x00000000e2100000, 0x00000000e2100000|100%|HS|  |TAMS 0x00000000e2100000, 0x00000000e2000000| Complete 
|  33|0x00000000e2100000, 0x00000000e2200000, 0x00000000e2200000|100%|HC|  |TAMS 0x00000000e2200000, 0x00000000e2100000| Complete 
|  34|0x00000000e2200000, 0x00000000e2300000, 0x00000000e2300000|100%|HS|  |TAMS 0x00000000e2300000, 0x00000000e2200000| Complete 
|  35|0x00000000e2300000, 0x00000000e2400000, 0x00000000e2400000|100%|HC|  |TAMS 0x00000000e2400000, 0x00000000e2300000| Complete 
|  36|0x00000000e2400000, 0x00000000e2500000, 0x00000000e2500000|100%|HC|  |TAMS 0x00000000e2500000, 0x00000000e2400000| Complete 
|  37|0x00000000e2500000, 0x00000000e2600000, 0x00000000e2600000|100%|HC|  |TAMS 0x00000000e2600000, 0x00000000e2500000| Complete 
|  38|0x00000000e2600000, 0x00000000e2700000, 0x00000000e2700000|100%|HC|  |TAMS 0x00000000e2700000, 0x00000000e2600000| Complete 
|  39|0x00000000e2700000, 0x00000000e2800000, 0x00000000e2800000|100%|HC|  |TAMS 0x00000000e2800000, 0x00000000e2700000| Complete 
|  40|0x00000000e2800000, 0x00000000e2900000, 0x00000000e2900000|100%| O|  |TAMS 0x00000000e2900000, 0x00000000e2800000| Untracked 
|  41|0x00000000e2900000, 0x00000000e2a00000, 0x00000000e2a00000|100%| O|  |TAMS 0x00000000e2a00000, 0x00000000e2900000| Untracked 
|  42|0x00000000e2a00000, 0x00000000e2b00000, 0x00000000e2b00000|100%| O|  |TAMS 0x00000000e2b00000, 0x00000000e2a00000| Untracked 
|  43|0x00000000e2b00000, 0x00000000e2c00000, 0x00000000e2c00000|100%| O|  |TAMS 0x00000000e2c00000, 0x00000000e2b00000| Untracked 
|  44|0x00000000e2c00000, 0x00000000e2d00000, 0x00000000e2d00000|100%| O|  |TAMS 0x00000000e2d00000, 0x00000000e2c00000| Untracked 
|  45|0x00000000e2d00000, 0x00000000e2e00000, 0x00000000e2e00000|100%| O|  |TAMS 0x00000000e2e00000, 0x00000000e2d00000| Untracked 
|  46|0x00000000e2e00000, 0x00000000e2f00000, 0x00000000e2f00000|100%| O|  |TAMS 0x00000000e2f00000, 0x00000000e2e00000| Untracked 
|  47|0x00000000e2f00000, 0x00000000e3000000, 0x00000000e3000000|100%| O|  |TAMS 0x00000000e3000000, 0x00000000e2f00000| Untracked 
|  48|0x00000000e3000000, 0x00000000e3100000, 0x00000000e3100000|100%| O|  |TAMS 0x00000000e3100000, 0x00000000e3000000| Untracked 
|  49|0x00000000e3100000, 0x00000000e3200000, 0x00000000e3200000|100%| O|  |TAMS 0x00000000e3200000, 0x00000000e3100000| Untracked 
|  50|0x00000000e3200000, 0x00000000e3300000, 0x00000000e3300000|100%| O|  |TAMS 0x00000000e3300000, 0x00000000e3200000| Untracked 
|  51|0x00000000e3300000, 0x00000000e3400000, 0x00000000e3400000|100%| O|  |TAMS 0x00000000e3400000, 0x00000000e3300000| Untracked 
|  52|0x00000000e3400000, 0x00000000e3500000, 0x00000000e3500000|100%| O|  |TAMS 0x00000000e3500000, 0x00000000e3400000| Untracked 
|  53|0x00000000e3500000, 0x00000000e3600000, 0x00000000e3600000|100%| O|  |TAMS 0x00000000e3600000, 0x00000000e3500000| Untracked 
|  54|0x00000000e3600000, 0x00000000e3700000, 0x00000000e3700000|100%| O|  |TAMS 0x00000000e3700000, 0x00000000e3600000| Untracked 
|  55|0x00000000e3700000, 0x00000000e3800000, 0x00000000e3800000|100%| O|  |TAMS 0x00000000e3800000, 0x00000000e3700000| Untracked 
|  56|0x00000000e3800000, 0x00000000e3900000, 0x00000000e3900000|100%| O|  |TAMS 0x00000000e3900000, 0x00000000e3800000| Untracked 
|  57|0x00000000e3900000, 0x00000000e3a00000, 0x00000000e3a00000|100%| O|  |TAMS 0x00000000e3a00000, 0x00000000e3900000| Untracked 
|  58|0x00000000e3a00000, 0x00000000e3b00000, 0x00000000e3b00000|100%| O|  |TAMS 0x00000000e3b00000, 0x00000000e3a00000| Untracked 
|  59|0x00000000e3b00000, 0x00000000e3c00000, 0x00000000e3c00000|100%| O|  |TAMS 0x00000000e3c00000, 0x00000000e3b00000| Untracked 
|  60|0x00000000e3c00000, 0x00000000e3d00000, 0x00000000e3d00000|100%| O|  |TAMS 0x00000000e3c00000, 0x00000000e3c00000| Untracked 
|  61|0x00000000e3d00000, 0x00000000e3e00000, 0x00000000e3e00000|100%| O|  |TAMS 0x00000000e3d6fe00, 0x00000000e3d00000| Untracked 
|  62|0x00000000e3e00000, 0x00000000e3f00000, 0x00000000e3f00000|100%| O|  |TAMS 0x00000000e3e00000, 0x00000000e3e00000| Untracked 
|  63|0x00000000e3f00000, 0x00000000e4000000, 0x00000000e4000000|100%| O|  |TAMS 0x00000000e3f00000, 0x00000000e3f00000| Untracked 
|  64|0x00000000e4000000, 0x00000000e4100000, 0x00000000e4100000|100%| O|  |TAMS 0x00000000e4000000, 0x00000000e4000000| Untracked 
|  65|0x00000000e4100000, 0x00000000e4200000, 0x00000000e4200000|100%| O|  |TAMS 0x00000000e4100000, 0x00000000e4100000| Untracked 
|  66|0x00000000e4200000, 0x00000000e4237a00, 0x00000000e4300000| 21%| O|  |TAMS 0x00000000e4200000, 0x00000000e4200000| Untracked 
|  67|0x00000000e4300000, 0x00000000e4300000, 0x00000000e4400000|  0%| F|  |TAMS 0x00000000e4300000, 0x00000000e4300000| Untracked 
|  68|0x00000000e4400000, 0x00000000e4400000, 0x00000000e4500000|  0%| F|  |TAMS 0x00000000e4400000, 0x00000000e4400000| Untracked 
|  69|0x00000000e4500000, 0x00000000e4600000, 0x00000000e4600000|100%| O|  |TAMS 0x00000000e4500000, 0x00000000e4500000| Untracked 
|  70|0x00000000e4600000, 0x00000000e4700000, 0x00000000e4700000|100%| O|  |TAMS 0x00000000e4600000, 0x00000000e4600000| Untracked 
|  71|0x00000000e4700000, 0x00000000e4800000, 0x00000000e4800000|100%|HS|  |TAMS 0x00000000e4700000, 0x00000000e4700000| Complete 
|  72|0x00000000e4800000, 0x00000000e4900000, 0x00000000e4900000|100%|HC|  |TAMS 0x00000000e4800000, 0x00000000e4800000| Complete 
|  73|0x00000000e4900000, 0x00000000e4a00000, 0x00000000e4a00000|100%|HC|  |TAMS 0x00000000e4900000, 0x00000000e4900000| Complete 
|  74|0x00000000e4a00000, 0x00000000e4a00000, 0x00000000e4b00000|  0%| F|  |TAMS 0x00000000e4a00000, 0x00000000e4a00000| Untracked 
|  75|0x00000000e4b00000, 0x00000000e4b00000, 0x00000000e4c00000|  0%| F|  |TAMS 0x00000000e4b00000, 0x00000000e4b00000| Untracked 
|  76|0x00000000e4c00000, 0x00000000e4c00000, 0x00000000e4d00000|  0%| F|  |TAMS 0x00000000e4c00000, 0x00000000e4c00000| Untracked 
|  77|0x00000000e4d00000, 0x00000000e4d00000, 0x00000000e4e00000|  0%| F|  |TAMS 0x00000000e4d00000, 0x00000000e4d00000| Untracked 
|  78|0x00000000e4e00000, 0x00000000e4e00000, 0x00000000e4f00000|  0%| F|  |TAMS 0x00000000e4e00000, 0x00000000e4e00000| Untracked 
|  79|0x00000000e4f00000, 0x00000000e4f00000, 0x00000000e5000000|  0%| F|  |TAMS 0x00000000e4f00000, 0x00000000e4f00000| Untracked 
|  80|0x00000000e5000000, 0x00000000e5000000, 0x00000000e5100000|  0%| F|  |TAMS 0x00000000e5000000, 0x00000000e5000000| Untracked 
|  81|0x00000000e5100000, 0x00000000e5100000, 0x00000000e5200000|  0%| F|  |TAMS 0x00000000e5100000, 0x00000000e5100000| Untracked 
|  82|0x00000000e5200000, 0x00000000e5200000, 0x00000000e5300000|  0%| F|  |TAMS 0x00000000e5200000, 0x00000000e5200000| Untracked 
|  83|0x00000000e5300000, 0x00000000e5300000, 0x00000000e5400000|  0%| F|  |TAMS 0x00000000e5300000, 0x00000000e5300000| Untracked 
|  84|0x00000000e5400000, 0x00000000e5400000, 0x00000000e5500000|  0%| F|  |TAMS 0x00000000e5400000, 0x00000000e5400000| Untracked 
|  85|0x00000000e5500000, 0x00000000e5500000, 0x00000000e5600000|  0%| F|  |TAMS 0x00000000e5500000, 0x00000000e5500000| Untracked 
|  86|0x00000000e5600000, 0x00000000e5600000, 0x00000000e5700000|  0%| F|  |TAMS 0x00000000e5600000, 0x00000000e5600000| Untracked 
|  87|0x00000000e5700000, 0x00000000e5700000, 0x00000000e5800000|  0%| F|  |TAMS 0x00000000e5700000, 0x00000000e5700000| Untracked 
|  88|0x00000000e5800000, 0x00000000e5800000, 0x00000000e5900000|  0%| F|  |TAMS 0x00000000e5800000, 0x00000000e5800000| Untracked 
|  89|0x00000000e5900000, 0x00000000e5900000, 0x00000000e5a00000|  0%| F|  |TAMS 0x00000000e5900000, 0x00000000e5900000| Untracked 
|  90|0x00000000e5a00000, 0x00000000e5a00000, 0x00000000e5b00000|  0%| F|  |TAMS 0x00000000e5a00000, 0x00000000e5a00000| Untracked 
|  91|0x00000000e5b00000, 0x00000000e5b00000, 0x00000000e5c00000|  0%| F|  |TAMS 0x00000000e5b00000, 0x00000000e5b00000| Untracked 
|  92|0x00000000e5c00000, 0x00000000e5c00000, 0x00000000e5d00000|  0%| F|  |TAMS 0x00000000e5c00000, 0x00000000e5c00000| Untracked 
|  93|0x00000000e5d00000, 0x00000000e5d00000, 0x00000000e5e00000|  0%| F|  |TAMS 0x00000000e5d00000, 0x00000000e5d00000| Untracked 
|  94|0x00000000e5e00000, 0x00000000e5e00000, 0x00000000e5f00000|  0%| F|  |TAMS 0x00000000e5e00000, 0x00000000e5e00000| Untracked 
|  95|0x00000000e5f00000, 0x00000000e5f00000, 0x00000000e6000000|  0%| F|  |TAMS 0x00000000e5f00000, 0x00000000e5f00000| Untracked 
|  96|0x00000000e6000000, 0x00000000e6000000, 0x00000000e6100000|  0%| F|  |TAMS 0x00000000e6000000, 0x00000000e6000000| Untracked 
|  97|0x00000000e6100000, 0x00000000e61c3d70, 0x00000000e6200000| 76%| S|CS|TAMS 0x00000000e6100000, 0x00000000e6100000| Complete 
|  98|0x00000000e6200000, 0x00000000e6300000, 0x00000000e6300000|100%| S|CS|TAMS 0x00000000e6200000, 0x00000000e6200000| Complete 
|  99|0x00000000e6300000, 0x00000000e6400000, 0x00000000e6400000|100%| S|CS|TAMS 0x00000000e6300000, 0x00000000e6300000| Complete 
| 100|0x00000000e6400000, 0x00000000e6500000, 0x00000000e6500000|100%| S|CS|TAMS 0x00000000e6400000, 0x00000000e6400000| Complete 
| 101|0x00000000e6500000, 0x00000000e6600000, 0x00000000e6600000|100%| S|CS|TAMS 0x00000000e6500000, 0x00000000e6500000| Complete 
| 102|0x00000000e6600000, 0x00000000e6700000, 0x00000000e6700000|100%| S|CS|TAMS 0x00000000e6600000, 0x00000000e6600000| Complete 
| 103|0x00000000e6700000, 0x00000000e6700000, 0x00000000e6800000|  0%| F|  |TAMS 0x00000000e6700000, 0x00000000e6700000| Untracked 
| 104|0x00000000e6800000, 0x00000000e6900000, 0x00000000e6900000|100%| S|CS|TAMS 0x00000000e6800000, 0x00000000e6800000| Complete 
| 105|0x00000000e6900000, 0x00000000e6900000, 0x00000000e6a00000|  0%| F|  |TAMS 0x00000000e6900000, 0x00000000e6900000| Untracked 
| 106|0x00000000e6a00000, 0x00000000e6a00000, 0x00000000e6b00000|  0%| F|  |TAMS 0x00000000e6a00000, 0x00000000e6a00000| Untracked 
| 107|0x00000000e6b00000, 0x00000000e6b00000, 0x00000000e6c00000|  0%| F|  |TAMS 0x00000000e6b00000, 0x00000000e6b00000| Untracked 
| 108|0x00000000e6c00000, 0x00000000e6c00000, 0x00000000e6d00000|  0%| F|  |TAMS 0x00000000e6c00000, 0x00000000e6c00000| Untracked 
| 109|0x00000000e6d00000, 0x00000000e6d00000, 0x00000000e6e00000|  0%| F|  |TAMS 0x00000000e6d00000, 0x00000000e6d00000| Untracked 
| 110|0x00000000e6e00000, 0x00000000e6e00000, 0x00000000e6f00000|  0%| F|  |TAMS 0x00000000e6e00000, 0x00000000e6e00000| Untracked 
| 111|0x00000000e6f00000, 0x00000000e6f00000, 0x00000000e7000000|  0%| F|  |TAMS 0x00000000e6f00000, 0x00000000e6f00000| Untracked 
| 112|0x00000000e7000000, 0x00000000e7100000, 0x00000000e7100000|100%| S|CS|TAMS 0x00000000e7000000, 0x00000000e7000000| Complete 
| 113|0x00000000e7100000, 0x00000000e7200000, 0x00000000e7200000|100%| S|CS|TAMS 0x00000000e7100000, 0x00000000e7100000| Complete 
| 114|0x00000000e7200000, 0x00000000e7200000, 0x00000000e7300000|  0%| F|  |TAMS 0x00000000e7200000, 0x00000000e7200000| Untracked 
| 115|0x00000000e7300000, 0x00000000e7300000, 0x00000000e7400000|  0%| F|  |TAMS 0x00000000e7300000, 0x00000000e7300000| Untracked 
| 116|0x00000000e7400000, 0x00000000e7400000, 0x00000000e7500000|  0%| F|  |TAMS 0x00000000e7400000, 0x00000000e7400000| Untracked 
| 117|0x00000000e7500000, 0x00000000e7500000, 0x00000000e7600000|  0%| F|  |TAMS 0x00000000e7500000, 0x00000000e7500000| Untracked 
| 118|0x00000000e7600000, 0x00000000e7600000, 0x00000000e7700000|  0%| F|  |TAMS 0x00000000e7600000, 0x00000000e7600000| Untracked 
| 119|0x00000000e7700000, 0x00000000e7700000, 0x00000000e7800000|  0%| F|  |TAMS 0x00000000e7700000, 0x00000000e7700000| Untracked 
| 120|0x00000000e7800000, 0x00000000e7800000, 0x00000000e7900000|  0%| F|  |TAMS 0x00000000e7800000, 0x00000000e7800000| Untracked 
| 121|0x00000000e7900000, 0x00000000e7900000, 0x00000000e7a00000|  0%| F|  |TAMS 0x00000000e7900000, 0x00000000e7900000| Untracked 
| 122|0x00000000e7a00000, 0x00000000e7a00000, 0x00000000e7b00000|  0%| F|  |TAMS 0x00000000e7a00000, 0x00000000e7a00000| Untracked 
| 123|0x00000000e7b00000, 0x00000000e7b00000, 0x00000000e7c00000|  0%| F|  |TAMS 0x00000000e7b00000, 0x00000000e7b00000| Untracked 
| 124|0x00000000e7c00000, 0x00000000e7c00000, 0x00000000e7d00000|  0%| F|  |TAMS 0x00000000e7c00000, 0x00000000e7c00000| Untracked 
| 125|0x00000000e7d00000, 0x00000000e7d00000, 0x00000000e7e00000|  0%| F|  |TAMS 0x00000000e7d00000, 0x00000000e7d00000| Untracked 
| 126|0x00000000e7e00000, 0x00000000e7e00000, 0x00000000e7f00000|  0%| F|  |TAMS 0x00000000e7e00000, 0x00000000e7e00000| Untracked 
| 127|0x00000000e7f00000, 0x00000000e7f00000, 0x00000000e8000000|  0%| F|  |TAMS 0x00000000e7f00000, 0x00000000e7f00000| Untracked 
| 128|0x00000000e8000000, 0x00000000e8000000, 0x00000000e8100000|  0%| F|  |TAMS 0x00000000e8000000, 0x00000000e8000000| Untracked 
| 129|0x00000000e8100000, 0x00000000e8100000, 0x00000000e8200000|  0%| F|  |TAMS 0x00000000e8100000, 0x00000000e8100000| Untracked 
| 130|0x00000000e8200000, 0x00000000e8200000, 0x00000000e8300000|  0%| F|  |TAMS 0x00000000e8200000, 0x00000000e8200000| Untracked 
| 131|0x00000000e8300000, 0x00000000e8300000, 0x00000000e8400000|  0%| F|  |TAMS 0x00000000e8300000, 0x00000000e8300000| Untracked 
| 132|0x00000000e8400000, 0x00000000e8400000, 0x00000000e8500000|  0%| F|  |TAMS 0x00000000e8400000, 0x00000000e8400000| Untracked 
| 133|0x00000000e8500000, 0x00000000e8500000, 0x00000000e8600000|  0%| F|  |TAMS 0x00000000e8500000, 0x00000000e8500000| Untracked 
| 134|0x00000000e8600000, 0x00000000e8600000, 0x00000000e8700000|  0%| F|  |TAMS 0x00000000e8600000, 0x00000000e8600000| Untracked 
| 135|0x00000000e8700000, 0x00000000e8700000, 0x00000000e8800000|  0%| F|  |TAMS 0x00000000e8700000, 0x00000000e8700000| Untracked 
| 136|0x00000000e8800000, 0x00000000e8800000, 0x00000000e8900000|  0%| F|  |TAMS 0x00000000e8800000, 0x00000000e8800000| Untracked 
| 137|0x00000000e8900000, 0x00000000e8900000, 0x00000000e8a00000|  0%| F|  |TAMS 0x00000000e8900000, 0x00000000e8900000| Untracked 
| 138|0x00000000e8a00000, 0x00000000e8a00000, 0x00000000e8b00000|  0%| F|  |TAMS 0x00000000e8a00000, 0x00000000e8a00000| Untracked 
| 139|0x00000000e8b00000, 0x00000000e8b00000, 0x00000000e8c00000|  0%| F|  |TAMS 0x00000000e8b00000, 0x00000000e8b00000| Untracked 
| 140|0x00000000e8c00000, 0x00000000e8c00000, 0x00000000e8d00000|  0%| F|  |TAMS 0x00000000e8c00000, 0x00000000e8c00000| Untracked 
| 141|0x00000000e8d00000, 0x00000000e8d00000, 0x00000000e8e00000|  0%| F|  |TAMS 0x00000000e8d00000, 0x00000000e8d00000| Untracked 
| 142|0x00000000e8e00000, 0x00000000e8e00000, 0x00000000e8f00000|  0%| F|  |TAMS 0x00000000e8e00000, 0x00000000e8e00000| Untracked 
| 143|0x00000000e8f00000, 0x00000000e8f00000, 0x00000000e9000000|  0%| F|  |TAMS 0x00000000e8f00000, 0x00000000e8f00000| Untracked 
| 144|0x00000000e9000000, 0x00000000e9000000, 0x00000000e9100000|  0%| F|  |TAMS 0x00000000e9000000, 0x00000000e9000000| Untracked 
| 145|0x00000000e9100000, 0x00000000e9100000, 0x00000000e9200000|  0%| F|  |TAMS 0x00000000e9100000, 0x00000000e9100000| Untracked 
| 146|0x00000000e9200000, 0x00000000e9200000, 0x00000000e9300000|  0%| F|  |TAMS 0x00000000e9200000, 0x00000000e9200000| Untracked 
| 147|0x00000000e9300000, 0x00000000e9300000, 0x00000000e9400000|  0%| F|  |TAMS 0x00000000e9300000, 0x00000000e9300000| Untracked 
| 148|0x00000000e9400000, 0x00000000e9400000, 0x00000000e9500000|  0%| F|  |TAMS 0x00000000e9400000, 0x00000000e9400000| Untracked 
| 149|0x00000000e9500000, 0x00000000e9500000, 0x00000000e9600000|  0%| F|  |TAMS 0x00000000e9500000, 0x00000000e9500000| Untracked 
| 150|0x00000000e9600000, 0x00000000e9600000, 0x00000000e9700000|  0%| F|  |TAMS 0x00000000e9600000, 0x00000000e9600000| Untracked 
| 151|0x00000000e9700000, 0x00000000e9700000, 0x00000000e9800000|  0%| F|  |TAMS 0x00000000e9700000, 0x00000000e9700000| Untracked 
| 152|0x00000000e9800000, 0x00000000e9800000, 0x00000000e9900000|  0%| F|  |TAMS 0x00000000e9800000, 0x00000000e9800000| Untracked 
| 153|0x00000000e9900000, 0x00000000e9900000, 0x00000000e9a00000|  0%| F|  |TAMS 0x00000000e9900000, 0x00000000e9900000| Untracked 
| 154|0x00000000e9a00000, 0x00000000e9a00000, 0x00000000e9b00000|  0%| F|  |TAMS 0x00000000e9a00000, 0x00000000e9a00000| Untracked 
| 155|0x00000000e9b00000, 0x00000000e9b00000, 0x00000000e9c00000|  0%| F|  |TAMS 0x00000000e9b00000, 0x00000000e9b00000| Untracked 
| 156|0x00000000e9c00000, 0x00000000e9c00000, 0x00000000e9d00000|  0%| F|  |TAMS 0x00000000e9c00000, 0x00000000e9c00000| Untracked 
| 157|0x00000000e9d00000, 0x00000000e9d00000, 0x00000000e9e00000|  0%| F|  |TAMS 0x00000000e9d00000, 0x00000000e9d00000| Untracked 
| 158|0x00000000e9e00000, 0x00000000e9e00000, 0x00000000e9f00000|  0%| F|  |TAMS 0x00000000e9e00000, 0x00000000e9e00000| Untracked 
| 159|0x00000000e9f00000, 0x00000000e9f00000, 0x00000000ea000000|  0%| F|  |TAMS 0x00000000e9f00000, 0x00000000e9f00000| Untracked 
| 160|0x00000000ea000000, 0x00000000ea000000, 0x00000000ea100000|  0%| F|  |TAMS 0x00000000ea000000, 0x00000000ea000000| Untracked 
| 161|0x00000000ea100000, 0x00000000ea100000, 0x00000000ea200000|  0%| F|  |TAMS 0x00000000ea100000, 0x00000000ea100000| Untracked 
| 162|0x00000000ea200000, 0x00000000ea200000, 0x00000000ea300000|  0%| F|  |TAMS 0x00000000ea200000, 0x00000000ea200000| Untracked 
| 163|0x00000000ea300000, 0x00000000ea300000, 0x00000000ea400000|  0%| F|  |TAMS 0x00000000ea300000, 0x00000000ea300000| Untracked 
| 164|0x00000000ea400000, 0x00000000ea400000, 0x00000000ea500000|  0%| F|  |TAMS 0x00000000ea400000, 0x00000000ea400000| Untracked 
| 165|0x00000000ea500000, 0x00000000ea500000, 0x00000000ea600000|  0%| F|  |TAMS 0x00000000ea500000, 0x00000000ea500000| Untracked 
| 166|0x00000000ea600000, 0x00000000ea600000, 0x00000000ea700000|  0%| F|  |TAMS 0x00000000ea600000, 0x00000000ea600000| Untracked 
| 167|0x00000000ea700000, 0x00000000ea700000, 0x00000000ea800000|  0%| F|  |TAMS 0x00000000ea700000, 0x00000000ea700000| Untracked 
| 168|0x00000000ea800000, 0x00000000ea800000, 0x00000000ea900000|  0%| F|  |TAMS 0x00000000ea800000, 0x00000000ea800000| Untracked 
| 169|0x00000000ea900000, 0x00000000ea900000, 0x00000000eaa00000|  0%| F|  |TAMS 0x00000000ea900000, 0x00000000ea900000| Untracked 
| 170|0x00000000eaa00000, 0x00000000eaa00000, 0x00000000eab00000|  0%| F|  |TAMS 0x00000000eaa00000, 0x00000000eaa00000| Untracked 
| 171|0x00000000eab00000, 0x00000000eab00000, 0x00000000eac00000|  0%| F|  |TAMS 0x00000000eab00000, 0x00000000eab00000| Untracked 
| 172|0x00000000eac00000, 0x00000000eac00000, 0x00000000ead00000|  0%| F|  |TAMS 0x00000000eac00000, 0x00000000eac00000| Untracked 
| 173|0x00000000ead00000, 0x00000000ead00000, 0x00000000eae00000|  0%| F|  |TAMS 0x00000000ead00000, 0x00000000ead00000| Untracked 
| 174|0x00000000eae00000, 0x00000000eae00000, 0x00000000eaf00000|  0%| F|  |TAMS 0x00000000eae00000, 0x00000000eae00000| Untracked 
| 175|0x00000000eaf00000, 0x00000000eaf00000, 0x00000000eb000000|  0%| F|  |TAMS 0x00000000eaf00000, 0x00000000eaf00000| Untracked 
| 176|0x00000000eb000000, 0x00000000eb000000, 0x00000000eb100000|  0%| F|  |TAMS 0x00000000eb000000, 0x00000000eb000000| Untracked 
| 177|0x00000000eb100000, 0x00000000eb100000, 0x00000000eb200000|  0%| F|  |TAMS 0x00000000eb100000, 0x00000000eb100000| Untracked 
| 178|0x00000000eb200000, 0x00000000eb200000, 0x00000000eb300000|  0%| F|  |TAMS 0x00000000eb200000, 0x00000000eb200000| Untracked 
| 179|0x00000000eb300000, 0x00000000eb300000, 0x00000000eb400000|  0%| F|  |TAMS 0x00000000eb300000, 0x00000000eb300000| Untracked 
| 180|0x00000000eb400000, 0x00000000eb400000, 0x00000000eb500000|  0%| F|  |TAMS 0x00000000eb400000, 0x00000000eb400000| Untracked 
| 181|0x00000000eb500000, 0x00000000eb500000, 0x00000000eb600000|  0%| F|  |TAMS 0x00000000eb500000, 0x00000000eb500000| Untracked 
| 182|0x00000000eb600000, 0x00000000eb600000, 0x00000000eb700000|  0%| F|  |TAMS 0x00000000eb600000, 0x00000000eb600000| Untracked 
| 183|0x00000000eb700000, 0x00000000eb700000, 0x00000000eb800000|  0%| F|  |TAMS 0x00000000eb700000, 0x00000000eb700000| Untracked 
| 184|0x00000000eb800000, 0x00000000eb800000, 0x00000000eb900000|  0%| F|  |TAMS 0x00000000eb800000, 0x00000000eb800000| Untracked 
| 185|0x00000000eb900000, 0x00000000eb900000, 0x00000000eba00000|  0%| F|  |TAMS 0x00000000eb900000, 0x00000000eb900000| Untracked 
| 186|0x00000000eba00000, 0x00000000eba00000, 0x00000000ebb00000|  0%| F|  |TAMS 0x00000000eba00000, 0x00000000eba00000| Untracked 
| 187|0x00000000ebb00000, 0x00000000ebb00000, 0x00000000ebc00000|  0%| F|  |TAMS 0x00000000ebb00000, 0x00000000ebb00000| Untracked 
| 188|0x00000000ebc00000, 0x00000000ebc00000, 0x00000000ebd00000|  0%| F|  |TAMS 0x00000000ebc00000, 0x00000000ebc00000| Untracked 
| 189|0x00000000ebd00000, 0x00000000ebd00000, 0x00000000ebe00000|  0%| F|  |TAMS 0x00000000ebd00000, 0x00000000ebd00000| Untracked 
| 190|0x00000000ebe00000, 0x00000000ebe00000, 0x00000000ebf00000|  0%| F|  |TAMS 0x00000000ebe00000, 0x00000000ebe00000| Untracked 
| 191|0x00000000ebf00000, 0x00000000ebf00000, 0x00000000ec000000|  0%| F|  |TAMS 0x00000000ebf00000, 0x00000000ebf00000| Untracked 
| 192|0x00000000ec000000, 0x00000000ec000000, 0x00000000ec100000|  0%| F|  |TAMS 0x00000000ec000000, 0x00000000ec000000| Untracked 
| 193|0x00000000ec100000, 0x00000000ec100000, 0x00000000ec200000|  0%| F|  |TAMS 0x00000000ec100000, 0x00000000ec100000| Untracked 
| 194|0x00000000ec200000, 0x00000000ec200000, 0x00000000ec300000|  0%| F|  |TAMS 0x00000000ec200000, 0x00000000ec200000| Untracked 
| 195|0x00000000ec300000, 0x00000000ec300000, 0x00000000ec400000|  0%| F|  |TAMS 0x00000000ec300000, 0x00000000ec300000| Untracked 
| 196|0x00000000ec400000, 0x00000000ec400000, 0x00000000ec500000|  0%| F|  |TAMS 0x00000000ec400000, 0x00000000ec400000| Untracked 
| 197|0x00000000ec500000, 0x00000000ec500000, 0x00000000ec600000|  0%| F|  |TAMS 0x00000000ec500000, 0x00000000ec500000| Untracked 
| 198|0x00000000ec600000, 0x00000000ec600000, 0x00000000ec700000|  0%| F|  |TAMS 0x00000000ec600000, 0x00000000ec600000| Untracked 
| 199|0x00000000ec700000, 0x00000000ec700000, 0x00000000ec800000|  0%| F|  |TAMS 0x00000000ec700000, 0x00000000ec700000| Untracked 
| 200|0x00000000ec800000, 0x00000000ec800000, 0x00000000ec900000|  0%| F|  |TAMS 0x00000000ec800000, 0x00000000ec800000| Untracked 
| 201|0x00000000ec900000, 0x00000000ec900000, 0x00000000eca00000|  0%| F|  |TAMS 0x00000000ec900000, 0x00000000ec900000| Untracked 
| 202|0x00000000eca00000, 0x00000000eca00000, 0x00000000ecb00000|  0%| F|  |TAMS 0x00000000eca00000, 0x00000000eca00000| Untracked 
| 203|0x00000000ecb00000, 0x00000000ecb00000, 0x00000000ecc00000|  0%| F|  |TAMS 0x00000000ecb00000, 0x00000000ecb00000| Untracked 
| 204|0x00000000ecc00000, 0x00000000ecc00000, 0x00000000ecd00000|  0%| F|  |TAMS 0x00000000ecc00000, 0x00000000ecc00000| Untracked 
| 205|0x00000000ecd00000, 0x00000000ecd00000, 0x00000000ece00000|  0%| F|  |TAMS 0x00000000ecd00000, 0x00000000ecd00000| Untracked 
| 206|0x00000000ece00000, 0x00000000ece00000, 0x00000000ecf00000|  0%| F|  |TAMS 0x00000000ece00000, 0x00000000ece00000| Untracked 
| 207|0x00000000ecf00000, 0x00000000ecf00000, 0x00000000ed000000|  0%| F|  |TAMS 0x00000000ecf00000, 0x00000000ecf00000| Untracked 
| 208|0x00000000ed000000, 0x00000000ed000000, 0x00000000ed100000|  0%| F|  |TAMS 0x00000000ed000000, 0x00000000ed000000| Untracked 
| 209|0x00000000ed100000, 0x00000000ed100000, 0x00000000ed200000|  0%| F|  |TAMS 0x00000000ed100000, 0x00000000ed100000| Untracked 
| 210|0x00000000ed200000, 0x00000000ed200000, 0x00000000ed300000|  0%| F|  |TAMS 0x00000000ed200000, 0x00000000ed200000| Untracked 
| 211|0x00000000ed300000, 0x00000000ed300000, 0x00000000ed400000|  0%| F|  |TAMS 0x00000000ed300000, 0x00000000ed300000| Untracked 
| 212|0x00000000ed400000, 0x00000000ed400000, 0x00000000ed500000|  0%| F|  |TAMS 0x00000000ed400000, 0x00000000ed400000| Untracked 
| 213|0x00000000ed500000, 0x00000000ed500000, 0x00000000ed600000|  0%| F|  |TAMS 0x00000000ed500000, 0x00000000ed500000| Untracked 
| 214|0x00000000ed600000, 0x00000000ed600000, 0x00000000ed700000|  0%| F|  |TAMS 0x00000000ed600000, 0x00000000ed600000| Untracked 
| 215|0x00000000ed700000, 0x00000000ed700000, 0x00000000ed800000|  0%| F|  |TAMS 0x00000000ed700000, 0x00000000ed700000| Untracked 
| 216|0x00000000ed800000, 0x00000000ed800000, 0x00000000ed900000|  0%| F|  |TAMS 0x00000000ed800000, 0x00000000ed800000| Untracked 
| 217|0x00000000ed900000, 0x00000000ed900000, 0x00000000eda00000|  0%| F|  |TAMS 0x00000000ed900000, 0x00000000ed900000| Untracked 
| 218|0x00000000eda00000, 0x00000000eda00000, 0x00000000edb00000|  0%| F|  |TAMS 0x00000000eda00000, 0x00000000eda00000| Untracked 
| 219|0x00000000edb00000, 0x00000000edb00000, 0x00000000edc00000|  0%| F|  |TAMS 0x00000000edb00000, 0x00000000edb00000| Untracked 
| 220|0x00000000edc00000, 0x00000000edc00000, 0x00000000edd00000|  0%| F|  |TAMS 0x00000000edc00000, 0x00000000edc00000| Untracked 
| 221|0x00000000edd00000, 0x00000000edd00000, 0x00000000ede00000|  0%| F|  |TAMS 0x00000000edd00000, 0x00000000edd00000| Untracked 
| 222|0x00000000ede00000, 0x00000000ede00000, 0x00000000edf00000|  0%| F|  |TAMS 0x00000000ede00000, 0x00000000ede00000| Untracked 
| 223|0x00000000edf00000, 0x00000000edf00000, 0x00000000ee000000|  0%| F|  |TAMS 0x00000000edf00000, 0x00000000edf00000| Untracked 
| 224|0x00000000ee000000, 0x00000000ee000000, 0x00000000ee100000|  0%| F|  |TAMS 0x00000000ee000000, 0x00000000ee000000| Untracked 
| 225|0x00000000ee100000, 0x00000000ee100000, 0x00000000ee200000|  0%| F|  |TAMS 0x00000000ee100000, 0x00000000ee100000| Untracked 
| 226|0x00000000ee200000, 0x00000000ee200000, 0x00000000ee300000|  0%| F|  |TAMS 0x00000000ee200000, 0x00000000ee200000| Untracked 
| 227|0x00000000ee300000, 0x00000000ee300000, 0x00000000ee400000|  0%| F|  |TAMS 0x00000000ee300000, 0x00000000ee300000| Untracked 
| 228|0x00000000ee400000, 0x00000000ee400000, 0x00000000ee500000|  0%| F|  |TAMS 0x00000000ee400000, 0x00000000ee400000| Untracked 
| 229|0x00000000ee500000, 0x00000000ee500000, 0x00000000ee600000|  0%| F|  |TAMS 0x00000000ee500000, 0x00000000ee500000| Untracked 
| 230|0x00000000ee600000, 0x00000000ee600000, 0x00000000ee700000|  0%| F|  |TAMS 0x00000000ee600000, 0x00000000ee600000| Untracked 
| 231|0x00000000ee700000, 0x00000000ee700000, 0x00000000ee800000|  0%| F|  |TAMS 0x00000000ee700000, 0x00000000ee700000| Untracked 
| 232|0x00000000ee800000, 0x00000000ee800000, 0x00000000ee900000|  0%| F|  |TAMS 0x00000000ee800000, 0x00000000ee800000| Untracked 
| 233|0x00000000ee900000, 0x00000000ee900000, 0x00000000eea00000|  0%| F|  |TAMS 0x00000000ee900000, 0x00000000ee900000| Untracked 
| 234|0x00000000eea00000, 0x00000000eea00000, 0x00000000eeb00000|  0%| F|  |TAMS 0x00000000eea00000, 0x00000000eea00000| Untracked 
| 235|0x00000000eeb00000, 0x00000000eeb00000, 0x00000000eec00000|  0%| F|  |TAMS 0x00000000eeb00000, 0x00000000eeb00000| Untracked 
| 236|0x00000000eec00000, 0x00000000eec00000, 0x00000000eed00000|  0%| F|  |TAMS 0x00000000eec00000, 0x00000000eec00000| Untracked 
| 237|0x00000000eed00000, 0x00000000eed00000, 0x00000000eee00000|  0%| F|  |TAMS 0x00000000eed00000, 0x00000000eed00000| Untracked 
| 238|0x00000000eee00000, 0x00000000eee00000, 0x00000000eef00000|  0%| F|  |TAMS 0x00000000eee00000, 0x00000000eee00000| Untracked 
| 239|0x00000000eef00000, 0x00000000eef00000, 0x00000000ef000000|  0%| F|  |TAMS 0x00000000eef00000, 0x00000000eef00000| Untracked 
| 240|0x00000000ef000000, 0x00000000ef000000, 0x00000000ef100000|  0%| F|  |TAMS 0x00000000ef000000, 0x00000000ef000000| Untracked 
| 241|0x00000000ef100000, 0x00000000ef100000, 0x00000000ef200000|  0%| F|  |TAMS 0x00000000ef100000, 0x00000000ef100000| Untracked 
| 242|0x00000000ef200000, 0x00000000ef200000, 0x00000000ef300000|  0%| F|  |TAMS 0x00000000ef200000, 0x00000000ef200000| Untracked 
| 243|0x00000000ef300000, 0x00000000ef380800, 0x00000000ef400000| 50%| E|  |TAMS 0x00000000ef300000, 0x00000000ef300000| Complete 
| 244|0x00000000ef400000, 0x00000000ef500000, 0x00000000ef500000|100%| E|CS|TAMS 0x00000000ef400000, 0x00000000ef400000| Complete 
| 245|0x00000000ef500000, 0x00000000ef600000, 0x00000000ef600000|100%| E|CS|TAMS 0x00000000ef500000, 0x00000000ef500000| Complete 
| 246|0x00000000ef600000, 0x00000000ef700000, 0x00000000ef700000|100%| E|CS|TAMS 0x00000000ef600000, 0x00000000ef600000| Complete 
| 247|0x00000000ef700000, 0x00000000ef800000, 0x00000000ef800000|100%| E|CS|TAMS 0x00000000ef700000, 0x00000000ef700000| Complete 
| 248|0x00000000ef800000, 0x00000000ef900000, 0x00000000ef900000|100%| E|CS|TAMS 0x00000000ef800000, 0x00000000ef800000| Complete 
| 249|0x00000000ef900000, 0x00000000efa00000, 0x00000000efa00000|100%| E|CS|TAMS 0x00000000ef900000, 0x00000000ef900000| Complete 
| 250|0x00000000efa00000, 0x00000000efb00000, 0x00000000efb00000|100%| E|CS|TAMS 0x00000000efa00000, 0x00000000efa00000| Complete 
| 251|0x00000000efb00000, 0x00000000efc00000, 0x00000000efc00000|100%| E|CS|TAMS 0x00000000efb00000, 0x00000000efb00000| Complete 
| 252|0x00000000efc00000, 0x00000000efd00000, 0x00000000efd00000|100%| E|CS|TAMS 0x00000000efc00000, 0x00000000efc00000| Complete 
| 253|0x00000000efd00000, 0x00000000efe00000, 0x00000000efe00000|100%| E|CS|TAMS 0x00000000efd00000, 0x00000000efd00000| Complete 
| 254|0x00000000efe00000, 0x00000000eff00000, 0x00000000eff00000|100%| E|CS|TAMS 0x00000000efe00000, 0x00000000efe00000| Complete 
| 255|0x00000000eff00000, 0x00000000f0000000, 0x00000000f0000000|100%| E|CS|TAMS 0x00000000eff00000, 0x00000000eff00000| Complete 

Card table byte_map: [0x000001221e9c0000,0x000001221eac0000] _byte_map_base: 0x000001221e2c0000

Marking Bits (Prev, Next): (CMBitMap*) 0x0000012205c49fe0, (CMBitMap*) 0x0000012205c4a020
 Prev Bits: [0x000001221ebc0000, 0x000001221f3c0000)
 Next Bits: [0x000001221f3c0000, 0x000001221fbc0000)

Polling page: 0x0000012205b00000

Metaspace:

Usage:
  Non-class:     37.24 MB used.
      Class:      5.96 MB used.
       Both:     43.20 MB used.

Virtual space:
  Non-class space:       40.00 MB reserved,      37.50 MB ( 94%) committed,  5 nodes.
      Class space:      308.00 MB reserved,       6.12 MB (  2%) committed,  1 nodes.
             Both:      348.00 MB reserved,      43.62 MB ( 13%) committed. 

Chunk freelists:
   Non-Class:  2.05 MB
       Class:  1.88 MB
        Both:  3.92 MB

MaxMetaspaceSize: 384.00 MB
CompressedClassSpaceSize: 308.00 MB
Initial GC threshold: 21.00 MB
Current GC threshold: 59.38 MB
CDS: on
MetaspaceReclaimPolicy: balanced
 - commit_granule_bytes: 65536.
 - commit_granule_words: 8192.
 - virtual_space_node_default_size: 1048576.
 - enlarge_chunks_in_place: 1.
 - new_chunks_are_fully_committed: 0.
 - uncommit_free_chunks: 1.
 - use_allocation_guard: 0.
 - handle_deallocations: 1.


Internal statistics:

num_allocs_failed_limit: 9.
num_arena_births: 448.
num_arena_deaths: 0.
num_vsnodes_births: 6.
num_vsnodes_deaths: 0.
num_space_committed: 698.
num_space_uncommitted: 0.
num_chunks_returned_to_freelist: 9.
num_chunks_taken_from_freelist: 2086.
num_chunk_merges: 6.
num_chunk_splits: 1413.
num_chunks_enlarged: 1009.
num_purges: 0.
num_inconsistent_stats: 0.

CodeHeap 'non-profiled nmethods': size=120000Kb used=5748Kb max_used=5748Kb free=114251Kb
 bounds [0x0000012217060000, 0x0000012217600000, 0x000001221e590000]
CodeHeap 'profiled nmethods': size=120000Kb used=10750Kb max_used=10757Kb free=109249Kb
 bounds [0x000001220f590000, 0x0000012210090000, 0x0000012216ac0000]
CodeHeap 'non-nmethods': size=5760Kb used=2317Kb max_used=2434Kb free=3442Kb
 bounds [0x0000012216ac0000, 0x0000012216d30000, 0x0000012217060000]
 total_blobs=6508 nmethods=5677 adapters=742
 compilation: enabled
              stopped_count=0, restarted_count=0
 full_count=0

Compilation events (20 events):
Event: 13.426 Thread 0x00000122225dc480 nmethod 7011 0x000001220f636690 code [0x000001220f636880, 0x000001220f636ea8]
Event: 13.461 Thread 0x00000122225dbb80 nmethod 7006 0x00000122175dc690 code [0x00000122175dd5c0, 0x00000122175e3d00]
Event: 13.590 Thread 0x00000122225dbb80 7012       4       org.objectweb.asm.tree.MethodNode::visitCode (1 bytes)
Event: 13.590 Thread 0x00000122225dc480 7013       3       java.util.stream.FindOps::makeRef (14 bytes)
Event: 13.590 Thread 0x00000122225dbb80 nmethod 7012 0x00000122175e8c90 code [0x00000122175e8e00, 0x00000122175e8e78]
Event: 13.590 Thread 0x00000122225dc480 nmethod 7013 0x000001220f746110 code [0x000001220f7462a0, 0x000001220f746418]
Event: 13.599 Thread 0x00000122225dc480 7014       3       org.gradle.internal.lazy.UnsafeLazy::get (30 bytes)
Event: 13.599 Thread 0x00000122225dc480 nmethod 7014 0x000001220f636190 code [0x000001220f636340, 0x000001220f6365c8]
Event: 13.605 Thread 0x00000122225dc480 7015       3       org.objectweb.asm.tree.ClassNode::visitInnerClass (27 bytes)
Event: 13.606 Thread 0x0000012224c519b0 7017       4       java.util.ArrayList$ArrayListSpliterator::tryAdvance (79 bytes)
Event: 13.606 Thread 0x00000122225dc480 nmethod 7015 0x000001220feadb10 code [0x000001220feadce0, 0x000001220feae108]
Event: 13.606 Thread 0x00000122225dc480 7016       3       org.objectweb.asm.tree.InnerClassNode::<init> (26 bytes)
Event: 13.606 Thread 0x00000122225dc480 nmethod 7016 0x000001220f635b90 code [0x000001220f635d40, 0x000001220f635fb8]
Event: 13.607 Thread 0x0000012224c519b0 nmethod 7017 0x00000122175e8f90 code [0x00000122175e9120, 0x00000122175e92b8]
Event: 13.648 Thread 0x00000122225dc480 7018       3       org.gradle.internal.classpath.InstrumentingTransformer$InstrumentingMethodVisitor::binaryClassNameOf (8 bytes)
Event: 13.648 Thread 0x00000122225dc480 nmethod 7018 0x000001220fead710 code [0x000001220fead8c0, 0x000001220feada38]
Event: 13.689 Thread 0x0000012229c3e890 nmethod 6970% 0x00000122175e9490 code [0x00000122175e9e20, 0x00000122175f4580]
Event: 13.689 Thread 0x0000012224c519b0 7019 %     4       org.objectweb.asm.ClassReader::readCode @ 1631 (5117 bytes)
Event: 13.818 Thread 0x00000122225dbb80 7020       4       org.objectweb.asm.ByteVector::putLong (145 bytes)
Event: 13.824 Thread 0x00000122225dbb80 nmethod 7020 0x00000122175fc990 code [0x00000122175fcb20, 0x00000122175fd158]

GC Heap History (20 events):
Event: 10.729 GC heap before
{Heap before GC invocations=17 (full 0):
 garbage-first heap   total 262144K, used 223505K [0x00000000e0000000, 0x0000000100000000)
  region size 1024K, 150 young (153600K), 10 survivors (10240K)
 Metaspace       used 43768K, committed 44224K, reserved 356352K
  class space    used 6051K, committed 6272K, reserved 315392K
}
Event: 10.734 GC heap after
{Heap after GC invocations=18 (full 0):
 garbage-first heap   total 262144K, used 81199K [0x00000000e0000000, 0x0000000100000000)
  region size 1024K, 11 young (11264K), 11 survivors (11264K)
 Metaspace       used 43768K, committed 44224K, reserved 356352K
  class space    used 6051K, committed 6272K, reserved 315392K
}
Event: 11.302 GC heap before
{Heap before GC invocations=18 (full 0):
 garbage-first heap   total 262144K, used 222511K [0x00000000e0000000, 0x0000000100000000)
  region size 1024K, 149 young (152576K), 11 survivors (11264K)
 Metaspace       used 43984K, committed 44416K, reserved 356352K
  class space    used 6066K, committed 6272K, reserved 315392K
}
Event: 11.306 GC heap after
{Heap after GC invocations=19 (full 0):
 garbage-first heap   total 262144K, used 72802K [0x00000000e0000000, 0x0000000100000000)
  region size 1024K, 3 young (3072K), 3 survivors (3072K)
 Metaspace       used 43984K, committed 44416K, reserved 356352K
  class space    used 6066K, committed 6272K, reserved 315392K
}
Event: 11.576 GC heap before
{Heap before GC invocations=19 (full 0):
 garbage-first heap   total 262144K, used 228450K [0x00000000e0000000, 0x0000000100000000)
  region size 1024K, 153 young (156672K), 3 survivors (3072K)
 Metaspace       used 44218K, committed 44608K, reserved 356352K
  class space    used 6102K, committed 6272K, reserved 315392K
}
Event: 11.579 GC heap after
{Heap after GC invocations=20 (full 0):
 garbage-first heap   total 262144K, used 77777K [0x00000000e0000000, 0x0000000100000000)
  region size 1024K, 5 young (5120K), 5 survivors (5120K)
 Metaspace       used 44218K, committed 44608K, reserved 356352K
  class space    used 6102K, committed 6272K, reserved 315392K
}
Event: 11.743 GC heap before
{Heap before GC invocations=20 (full 0):
 garbage-first heap   total 262144K, used 226257K [0x00000000e0000000, 0x0000000100000000)
  region size 1024K, 150 young (153600K), 5 survivors (5120K)
 Metaspace       used 44220K, committed 44608K, reserved 356352K
  class space    used 6102K, committed 6272K, reserved 315392K
}
Event: 11.746 GC heap after
{Heap after GC invocations=21 (full 0):
 garbage-first heap   total 262144K, used 79234K [0x00000000e0000000, 0x0000000100000000)
  region size 1024K, 7 young (7168K), 7 survivors (7168K)
 Metaspace       used 44220K, committed 44608K, reserved 356352K
  class space    used 6102K, committed 6272K, reserved 315392K
}
Event: 11.929 GC heap before
{Heap before GC invocations=21 (full 0):
 garbage-first heap   total 262144K, used 225666K [0x00000000e0000000, 0x0000000100000000)
  region size 1024K, 150 young (153600K), 7 survivors (7168K)
 Metaspace       used 44222K, committed 44672K, reserved 356352K
  class space    used 6102K, committed 6272K, reserved 315392K
}
Event: 11.932 GC heap after
{Heap after GC invocations=22 (full 0):
 garbage-first heap   total 262144K, used 73480K [0x00000000e0000000, 0x0000000100000000)
  region size 1024K, 4 young (4096K), 4 survivors (4096K)
 Metaspace       used 44222K, committed 44672K, reserved 356352K
  class space    used 6102K, committed 6272K, reserved 315392K
}
Event: 12.315 GC heap before
{Heap before GC invocations=22 (full 0):
 garbage-first heap   total 262144K, used 229128K [0x00000000e0000000, 0x0000000100000000)
  region size 1024K, 153 young (156672K), 4 survivors (4096K)
 Metaspace       used 44224K, committed 44672K, reserved 356352K
  class space    used 6102K, committed 6272K, reserved 315392K
}
Event: 12.318 GC heap after
{Heap after GC invocations=23 (full 0):
 garbage-first heap   total 262144K, used 77168K [0x00000000e0000000, 0x0000000100000000)
  region size 1024K, 5 young (5120K), 5 survivors (5120K)
 Metaspace       used 44224K, committed 44672K, reserved 356352K
  class space    used 6102K, committed 6272K, reserved 315392K
}
Event: 12.691 GC heap before
{Heap before GC invocations=23 (full 0):
 garbage-first heap   total 262144K, used 227696K [0x00000000e0000000, 0x0000000100000000)
  region size 1024K, 152 young (155648K), 5 survivors (5120K)
 Metaspace       used 44225K, committed 44672K, reserved 356352K
  class space    used 6102K, committed 6272K, reserved 315392K
}
Event: 12.694 GC heap after
{Heap after GC invocations=24 (full 0):
 garbage-first heap   total 262144K, used 77968K [0x00000000e0000000, 0x0000000100000000)
  region size 1024K, 5 young (5120K), 5 survivors (5120K)
 Metaspace       used 44225K, committed 44672K, reserved 356352K
  class space    used 6102K, committed 6272K, reserved 315392K
}
Event: 13.075 GC heap before
{Heap before GC invocations=24 (full 0):
 garbage-first heap   total 262144K, used 228496K [0x00000000e0000000, 0x0000000100000000)
  region size 1024K, 152 young (155648K), 5 survivors (5120K)
 Metaspace       used 44226K, committed 44672K, reserved 356352K
  class space    used 6102K, committed 6272K, reserved 315392K
}
Event: 13.079 GC heap after
{Heap after GC invocations=25 (full 0):
 garbage-first heap   total 262144K, used 79154K [0x00000000e0000000, 0x0000000100000000)
  region size 1024K, 7 young (7168K), 7 survivors (7168K)
 Metaspace       used 44226K, committed 44672K, reserved 356352K
  class space    used 6102K, committed 6272K, reserved 315392K
}
Event: 13.473 GC heap before
{Heap before GC invocations=25 (full 0):
 garbage-first heap   total 262144K, used 226610K [0x00000000e0000000, 0x0000000100000000)
  region size 1024K, 151 young (154624K), 7 survivors (7168K)
 Metaspace       used 44234K, committed 44672K, reserved 356352K
  class space    used 6102K, committed 6272K, reserved 315392K
}
Event: 13.476 GC heap after
{Heap after GC invocations=26 (full 0):
 garbage-first heap   total 262144K, used 80335K [0x00000000e0000000, 0x0000000100000000)
  region size 1024K, 8 young (8192K), 8 survivors (8192K)
 Metaspace       used 44234K, committed 44672K, reserved 356352K
  class space    used 6102K, committed 6272K, reserved 315392K
}
Event: 13.812 GC heap before
{Heap before GC invocations=26 (full 0):
 garbage-first heap   total 262144K, used 225743K [0x00000000e0000000, 0x0000000100000000)
  region size 1024K, 150 young (153600K), 8 survivors (8192K)
 Metaspace       used 44236K, committed 44672K, reserved 356352K
  class space    used 6102K, committed 6272K, reserved 315392K
}
Event: 13.818 GC heap after
{Heap after GC invocations=27 (full 0):
 garbage-first heap   total 262144K, used 81901K [0x00000000e0000000, 0x0000000100000000)
  region size 1024K, 9 young (9216K), 9 survivors (9216K)
 Metaspace       used 44236K, committed 44672K, reserved 356352K
  class space    used 6102K, committed 6272K, reserved 315392K
}

Deoptimization events (20 events):
Event: 13.830 Thread 0x00000122256c9470 DEOPT PACKING pc=0x0000012210004cca sp=0x0000001e6effe1f0
Event: 13.830 Thread 0x00000122256c9470 DEOPT UNPACKING pc=0x0000012216b12b43 sp=0x0000001e6effd900 mode 0
Event: 13.831 Thread 0x00000122256c9470 DEOPT PACKING pc=0x0000012210004cca sp=0x0000001e6effe1f0
Event: 13.831 Thread 0x00000122256c9470 DEOPT UNPACKING pc=0x0000012216b12b43 sp=0x0000001e6effd900 mode 0
Event: 13.832 Thread 0x00000122256c9470 DEOPT PACKING pc=0x0000012210005e59 sp=0x0000001e6effe1f0
Event: 13.832 Thread 0x00000122256c9470 DEOPT UNPACKING pc=0x0000012216b12b43 sp=0x0000001e6effd900 mode 0
Event: 13.834 Thread 0x00000122256c9470 DEOPT PACKING pc=0x0000012210004cca sp=0x0000001e6effe1f0
Event: 13.834 Thread 0x00000122256c9470 DEOPT UNPACKING pc=0x0000012216b12b43 sp=0x0000001e6effd900 mode 0
Event: 13.835 Thread 0x00000122256c9470 DEOPT PACKING pc=0x0000012210004cca sp=0x0000001e6effe1f0
Event: 13.835 Thread 0x00000122256c9470 DEOPT UNPACKING pc=0x0000012216b12b43 sp=0x0000001e6effd900 mode 0
Event: 13.836 Thread 0x00000122256c9470 DEOPT PACKING pc=0x0000012210005e59 sp=0x0000001e6effe1f0
Event: 13.836 Thread 0x00000122256c9470 DEOPT UNPACKING pc=0x0000012216b12b43 sp=0x0000001e6effd900 mode 0
Event: 13.837 Thread 0x00000122256c9470 DEOPT PACKING pc=0x0000012210005e59 sp=0x0000001e6effe1f0
Event: 13.837 Thread 0x00000122256c9470 DEOPT UNPACKING pc=0x0000012216b12b43 sp=0x0000001e6effd900 mode 0
Event: 13.838 Thread 0x00000122256c9470 DEOPT PACKING pc=0x0000012210004cca sp=0x0000001e6effe1f0
Event: 13.838 Thread 0x00000122256c9470 DEOPT UNPACKING pc=0x0000012216b12b43 sp=0x0000001e6effd900 mode 0
Event: 13.839 Thread 0x00000122256c9470 DEOPT PACKING pc=0x0000012210004cca sp=0x0000001e6effe1f0
Event: 13.839 Thread 0x00000122256c9470 DEOPT UNPACKING pc=0x0000012216b12b43 sp=0x0000001e6effd900 mode 0
Event: 13.840 Thread 0x00000122256c9470 DEOPT PACKING pc=0x0000012210004cca sp=0x0000001e6effe1f0
Event: 13.840 Thread 0x00000122256c9470 DEOPT UNPACKING pc=0x0000012216b12b43 sp=0x0000001e6effd900 mode 0

Classes unloaded (0 events):
No events

Classes redefined (0 events):
No events

Internal exceptions (20 events):
Event: 11.454 Thread 0x00000122256cac80 Exception <a 'sun/nio/fs/WindowsException'{0x00000000eec95ae0}> (0x00000000eec95ae0) 
thrown [s\open\src\hotspot\share\prims\jni.cpp, line 516]
Event: 11.459 Thread 0x00000122256c6920 Exception <a 'sun/nio/fs/WindowsException'{0x00000000eed181c0}> (0x00000000eed181c0) 
thrown [s\open\src\hotspot\share\prims\jni.cpp, line 516]
Event: 11.460 Thread 0x00000122256c5f80 Exception <a 'sun/nio/fs/WindowsException'{0x00000000eedbb878}> (0x00000000eedbb878) 
thrown [s\open\src\hotspot\share\prims\jni.cpp, line 516]
Event: 11.462 Thread 0x00000122256c6450 Exception <a 'sun/nio/fs/WindowsException'{0x00000000ee60e270}> (0x00000000ee60e270) 
thrown [s\open\src\hotspot\share\prims\jni.cpp, line 516]
Event: 11.463 Thread 0x00000122256c6920 Exception <a 'sun/nio/fs/WindowsException'{0x00000000ed386678}> (0x00000000ed386678) 
thrown [s\open\src\hotspot\share\prims\jni.cpp, line 516]
Event: 11.464 Thread 0x00000122256c6920 Exception <a 'sun/nio/fs/WindowsException'{0x00000000ed386838}> (0x00000000ed386838) 
thrown [s\open\src\hotspot\share\prims\jni.cpp, line 516]
Event: 11.466 Thread 0x00000122256cb620 Exception <a 'sun/nio/fs/WindowsException'{0x00000000ed3b5970}> (0x00000000ed3b5970) 
thrown [s\open\src\hotspot\share\prims\jni.cpp, line 516]
Event: 11.467 Thread 0x00000122256cb150 Exception <a 'sun/nio/fs/WindowsException'{0x00000000ee96b0f8}> (0x00000000ee96b0f8) 
thrown [s\open\src\hotspot\share\prims\jni.cpp, line 516]
Event: 11.485 Thread 0x00000122256cac80 Exception <a 'sun/nio/fs/WindowsException'{0x00000000ec468e88}> (0x00000000ec468e88) 
thrown [s\open\src\hotspot\share\prims\jni.cpp, line 516]
Event: 11.486 Thread 0x00000122256cac80 Exception <a 'sun/nio/fs/WindowsException'{0x00000000ec469030}> (0x00000000ec469030) 
thrown [s\open\src\hotspot\share\prims\jni.cpp, line 516]
Event: 11.503 Thread 0x00000122256cb150 Exception <a 'sun/nio/fs/WindowsException'{0x00000000eb00d428}> (0x00000000eb00d428) 
thrown [s\open\src\hotspot\share\prims\jni.cpp, line 516]
Event: 11.506 Thread 0x00000122256cb150 Exception <a 'sun/nio/fs/WindowsException'{0x00000000eb00d5f8}> (0x00000000eb00d5f8) 
thrown [s\open\src\hotspot\share\prims\jni.cpp, line 516]
Event: 11.509 Thread 0x00000122256c9e10 Exception <a 'sun/nio/fs/WindowsException'{0x00000000eb0f0390}> (0x00000000eb0f0390) 
thrown [s\open\src\hotspot\share\prims\jni.cpp, line 516]
Event: 11.555 Thread 0x00000122256c6450 Exception <a 'sun/nio/fs/WindowsException'{0x00000000e7db7450}> (0x00000000e7db7450) 
thrown [s\open\src\hotspot\share\prims\jni.cpp, line 516]
Event: 11.555 Thread 0x00000122256c6450 Exception <a 'sun/nio/fs/WindowsException'{0x00000000e7db7628}> (0x00000000e7db7628) 
thrown [s\open\src\hotspot\share\prims\jni.cpp, line 516]
Event: 11.634 Thread 0x00000122256cb620 Exception <a 'sun/nio/fs/WindowsException'{0x00000000eccaae10}> (0x00000000eccaae10) 
thrown [s\open\src\hotspot\share\prims\jni.cpp, line 516]
Event: 11.634 Thread 0x00000122256cb620 Exception <a 'sun/nio/fs/WindowsException'{0x00000000eccaaf88}> (0x00000000eccaaf88) 
thrown [s\open\src\hotspot\share\prims\jni.cpp, line 516]
Event: 11.929 Thread 0x00000122256c9470 Exception <a 'sun/nio/fs/WindowsException'{0x00000000e73e5558}> (0x00000000e73e5558) 
thrown [s\open\src\hotspot\share\prims\jni.cpp, line 516]
Event: 11.960 Thread 0x00000122256c9e10 Exception <a 'sun/nio/fs/WindowsException'{0x00000000ef1b1e70}> (0x00000000ef1b1e70) 
thrown [s\open\src\hotspot\share\prims\jni.cpp, line 516]
Event: 11.960 Thread 0x00000122256c9e10 Exception <a 'sun/nio/fs/WindowsException'{0x00000000ef1b2028}> (0x00000000ef1b2028) 
thrown [s\open\src\hotspot\share\prims\jni.cpp, line 516]

VM Operations (20 events):
Event: 11.477 Executing VM operation: HandshakeAllThreads
Event: 11.478 Executing VM operation: HandshakeAllThreads done
Event: 11.576 Executing VM operation: G1CollectForAllocation
Event: 11.579 Executing VM operation: G1CollectForAllocation done
Event: 11.743 Executing VM operation: G1CollectForAllocation
Event: 11.746 Executing VM operation: G1CollectForAllocation done
Event: 11.868 Executing VM operation: HandshakeAllThreads
Event: 11.868 Executing VM operation: HandshakeAllThreads done
Event: 11.929 Executing VM operation: G1CollectForAllocation
Event: 11.932 Executing VM operation: G1CollectForAllocation done
Event: 12.315 Executing VM operation: G1CollectForAllocation
Event: 12.318 Executing VM operation: G1CollectForAllocation done
Event: 12.691 Executing VM operation: G1CollectForAllocation
Event: 12.694 Executing VM operation: G1CollectForAllocation done
Event: 13.075 Executing VM operation: G1CollectForAllocation
Event: 13.079 Executing VM operation: G1CollectForAllocation done
Event: 13.473 Executing VM operation: G1CollectForAllocation
Event: 13.476 Executing VM operation: G1CollectForAllocation done
Event: 13.812 Executing VM operation: G1CollectForAllocation
Event: 13.818 Executing VM operation: G1CollectForAllocation done

Events (20 events):
Event: 10.533 Thread 0x00000122225dcd80 flushing nmethod 0x000001220ff3ce10
Event: 10.533 Thread 0x00000122225dcd80 flushing nmethod 0x000001220ff3fe10
Event: 10.533 Thread 0x00000122225dcd80 flushing nmethod 0x000001220ff40490
Event: 10.533 Thread 0x00000122225dcd80 flushing nmethod 0x000001220ff40f10
Event: 10.533 Thread 0x00000122225dcd80 flushing nmethod 0x000001220ff41910
Event: 10.533 Thread 0x00000122225dcd80 flushing nmethod 0x000001220ff4af10
Event: 10.533 Thread 0x00000122225dcd80 flushing nmethod 0x000001220ff58d10
Event: 10.533 Thread 0x00000122225dcd80 flushing nmethod 0x000001220ff86690
Event: 10.533 Thread 0x00000122225dcd80 flushing nmethod 0x000001220ff88290
Event: 10.533 Thread 0x00000122225dcd80 flushing nmethod 0x000001220ff9b490
Event: 10.533 Thread 0x00000122225dcd80 flushing nmethod 0x000001220ffa3d10
Event: 10.533 Thread 0x00000122225dcd80 flushing nmethod 0x000001220ffb1690
Event: 10.533 Thread 0x00000122225dcd80 flushing nmethod 0x000001220ffb8e90
Event: 10.533 Thread 0x00000122225dcd80 flushing nmethod 0x000001220ffe8f10
Event: 11.469 loading class java/util/concurrent/LinkedBlockingDeque$Itr
Event: 11.469 loading class java/util/concurrent/LinkedBlockingDeque$AbstractItr
Event: 11.469 loading class java/util/concurrent/LinkedBlockingDeque$AbstractItr done
Event: 11.469 loading class java/util/concurrent/LinkedBlockingDeque$Itr done
Event: 11.870 Thread 0x00000122225dcd80 flushing nmethod 0x000001221749cc90
Event: 13.818 Thread 0x0000012229c3e890 Thread exited: 0x0000012229c3e890


Dynamic libraries:
0x00007ff602290000 - 0x00007ff6022a0000 	C:\Program Files\Java\jdk-17\bin\java.exe
0x00007ffdd9690000 - 0x00007ffdd9888000 	C:\Windows\SYSTEM32\ntdll.dll
0x00007ffdd79a0000 - 0x00007ffdd7a5d000 	C:\Windows\System32\KERNEL32.DLL
0x00007ffdd6ff0000 - 0x00007ffdd72e6000 	C:\Windows\System32\KERNELBASE.dll
0x00007ffdd7360000 - 0x00007ffdd7460000 	C:\Windows\System32\ucrtbase.dll
0x00007ffdcd970000 - 0x00007ffdcd989000 	C:\Program Files\Java\jdk-17\bin\jli.dll
0x00007ffdc7400000 - 0x00007ffdc741b000 	C:\Program Files\Java\jdk-17\bin\VCRUNTIME140.dll
0x00007ffdd7830000 - 0x00007ffdd78df000 	C:\Windows\System32\ADVAPI32.dll
0x00007ffdd7a60000 - 0x00007ffdd7afe000 	C:\Windows\System32\msvcrt.dll
0x00007ffdd89f0000 - 0x00007ffdd8a8c000 	C:\Windows\System32\sechost.dll
0x00007ffdd8370000 - 0x00007ffdd8496000 	C:\Windows\System32\RPCRT4.dll
0x00007ffdd81d0000 - 0x00007ffdd836e000 	C:\Windows\System32\USER32.dll
0x00007ffdd6f70000 - 0x00007ffdd6f92000 	C:\Windows\System32\win32u.dll
0x00007ffdc2610000 - 0x00007ffdc28aa000 	C:\Windows\WinSxS\amd64_microsoft.windows.common-controls_6595b64144ccf1df_6.0.19041.3636_none_60b6a03d71f818d5\COMCTL32.dll
0x00007ffdd7e80000 - 0x00007ffdd7eac000 	C:\Windows\System32\GDI32.dll
0x00007ffdd6e50000 - 0x00007ffdd6f6a000 	C:\Windows\System32\gdi32full.dll
0x00007ffdd7460000 - 0x00007ffdd74fd000 	C:\Windows\System32\msvcp_win.dll
0x00007ffdcd5b0000 - 0x00007ffdcd5ba000 	C:\Windows\SYSTEM32\VERSION.dll
0x00007ffdd7f40000 - 0x00007ffdd7f70000 	C:\Windows\System32\IMM32.DLL
0x00007ffdd1bb0000 - 0x00007ffdd1bbc000 	C:\Program Files\Java\jdk-17\bin\vcruntime140_1.dll
0x00007ffda1340000 - 0x00007ffda13ce000 	C:\Program Files\Java\jdk-17\bin\msvcp140.dll
0x00007ffd5e930000 - 0x00007ffd5f50d000 	C:\Program Files\Java\jdk-17\bin\server\jvm.dll
0x00007ffdd7eb0000 - 0x00007ffdd7eb8000 	C:\Windows\System32\PSAPI.DLL
0x00007ffdb61a0000 - 0x00007ffdb61a9000 	C:\Windows\SYSTEM32\WSOCK32.dll
0x00007ffdd7ed0000 - 0x00007ffdd7f3b000 	C:\Windows\System32\WS2_32.dll
0x00007ffdbe770000 - 0x00007ffdbe797000 	C:\Windows\SYSTEM32\WINMM.dll
0x00007ffdd55d0000 - 0x00007ffdd55e2000 	C:\Windows\SYSTEM32\kernel.appcore.dll
0x00007ffdd1b80000 - 0x00007ffdd1b8a000 	C:\Program Files\Java\jdk-17\bin\jimage.dll
0x00007ffdd4310000 - 0x00007ffdd44f4000 	C:\Windows\SYSTEM32\DBGHELP.DLL
0x00007ffdbd450000 - 0x00007ffdbd484000 	C:\Windows\SYSTEM32\dbgcore.DLL
0x00007ffdd7500000 - 0x00007ffdd7582000 	C:\Windows\System32\bcryptPrimitives.dll
0x00007ffdce1e0000 - 0x00007ffdce1ee000 	C:\Program Files\Java\jdk-17\bin\instrument.dll
0x00007ffdc3140000 - 0x00007ffdc3165000 	C:\Program Files\Java\jdk-17\bin\java.dll
0x00007ffd9f6c0000 - 0x00007ffd9f797000 	C:\Program Files\Java\jdk-17\bin\jsvml.dll
0x00007ffdd8a90000 - 0x00007ffdd91d4000 	C:\Windows\System32\SHELL32.dll
0x00007ffdd4ac0000 - 0x00007ffdd525b000 	C:\Windows\SYSTEM32\windows.storage.dll
0x00007ffdd7b00000 - 0x00007ffdd7e54000 	C:\Windows\System32\combase.dll
0x00007ffdd67b0000 - 0x00007ffdd67dd000 	C:\Windows\SYSTEM32\Wldp.dll
0x00007ffdd9420000 - 0x00007ffdd94cd000 	C:\Windows\System32\SHCORE.dll
0x00007ffdd78e0000 - 0x00007ffdd7935000 	C:\Windows\System32\shlwapi.dll
0x00007ffdd6ca0000 - 0x00007ffdd6cc5000 	C:\Windows\SYSTEM32\profapi.dll
0x00007ffdaa050000 - 0x00007ffdaa068000 	C:\Program Files\Java\jdk-17\bin\zip.dll
0x00007ffdc16b0000 - 0x00007ffdc16c9000 	C:\Program Files\Java\jdk-17\bin\net.dll
0x00007ffdcce80000 - 0x00007ffdccf8a000 	C:\Windows\SYSTEM32\WINHTTP.dll
0x00007ffdd64f0000 - 0x00007ffdd655a000 	C:\Windows\system32\mswsock.dll
0x00007ffdb6510000 - 0x00007ffdb6526000 	C:\Program Files\Java\jdk-17\bin\nio.dll
0x00007ffdcfed0000 - 0x00007ffdcfee0000 	C:\Program Files\Java\jdk-17\bin\verify.dll
0x00007ffdd1bc0000 - 0x00007ffdd1be7000 	C:\Users\henryvf\.gradle\native\c067742578af261105cb4f569cf0c3c89f3d7b1fecec35dd04571415982c5e48\windows-amd64\native-platform.dll
0x00007ffd9f1b0000 - 0x00007ffd9f2f4000 	C:\Users\henryvf\.gradle\native\38dada09dfb8b06ba9b0570ebf7e218e3eb74d4ef43ca46872605cf95ebc2f47\windows-amd64\native-platform-file-events.dll
0x00007ffdccbe0000 - 0x00007ffdccbea000 	C:\Program Files\Java\jdk-17\bin\management.dll
0x00007ffdc8090000 - 0x00007ffdc809b000 	C:\Program Files\Java\jdk-17\bin\management_ext.dll
0x00007ffdd6710000 - 0x00007ffdd6728000 	C:\Windows\SYSTEM32\CRYPTSP.dll
0x00007ffdd5d90000 - 0x00007ffdd5dc4000 	C:\Windows\system32\rsaenh.dll
0x00007ffdd6e20000 - 0x00007ffdd6e47000 	C:\Windows\System32\bcrypt.dll
0x00007ffdd6c20000 - 0x00007ffdd6c4e000 	C:\Windows\SYSTEM32\USERENV.dll
0x00007ffdd6700000 - 0x00007ffdd670c000 	C:\Windows\SYSTEM32\CRYPTBASE.dll
0x00007ffdd6180000 - 0x00007ffdd61bb000 	C:\Windows\SYSTEM32\IPHLPAPI.DLL
0x00007ffdd7ec0000 - 0x00007ffdd7ec8000 	C:\Windows\System32\NSI.dll
0x00007ffdccb20000 - 0x00007ffdccb37000 	C:\Windows\SYSTEM32\dhcpcsvc6.DLL
0x00007ffdccaf0000 - 0x00007ffdccb0d000 	C:\Windows\SYSTEM32\dhcpcsvc.DLL
0x00007ffdd61d0000 - 0x00007ffdd629a000 	C:\Windows\SYSTEM32\DNSAPI.dll
0x00007ffdc7da0000 - 0x00007ffdc7dad000 	C:\Program Files\Java\jdk-17\bin\sunmscapi.dll
0x00007ffdd7590000 - 0x00007ffdd76ed000 	C:\Windows\System32\CRYPT32.dll
0x00007ffdd6820000 - 0x00007ffdd6847000 	C:\Windows\SYSTEM32\ncrypt.dll
0x00007ffdd67e0000 - 0x00007ffdd681b000 	C:\Windows\SYSTEM32\NTASN1.dll
0x00007ffdcf8f0000 - 0x00007ffdcf8f7000 	C:\Windows\system32\wshunix.dll

dbghelp: loaded successfully - version: 4.0.5 - missing functions: none
symbol engine: initialized successfully - sym options: 0x614 - pdb path: .;C:\Program Files\Java\jdk-17\bin;C:\Windows\SYSTEM32;C:\Windows\WinSxS\amd64_microsoft.windows.common-controls_6595b64144ccf1df_6.0.19041.3636_none_60b6a03d71f818d5;C:\Program Files\Java\jdk-17\bin\server;C:\Users\henryvf\.gradle\native\c067742578af261105cb4f569cf0c3c89f3d7b1fecec35dd04571415982c5e48\windows-amd64;C:\Users\henryvf\.gradle\native\38dada09dfb8b06ba9b0570ebf7e218e3eb74d4ef43ca46872605cf95ebc2f47\windows-amd64

VM Arguments:
jvm_args: --add-opens=java.base/java.util=ALL-UNNAMED --add-opens=java.base/java.lang=ALL-UNNAMED --add-opens=java.base/java.lang.invoke=ALL-UNNAMED --add-opens=java.prefs/java.util.prefs=ALL-UNNAMED --add-opens=java.base/java.nio.charset=ALL-UNNAMED --add-opens=java.base/java.net=ALL-UNNAMED --add-opens=java.base/java.util.concurrent.atomic=ALL-UNNAMED -XX:MaxMetaspaceSize=384m -XX:+HeapDumpOnOutOfMemoryError -Xms256m -Xmx512m -Dfile.encoding=windows-1252 -Duser.country=PE -Duser.language=es -Duser.variant -javaagent:C:\Users\henryvf\.gradle\wrapper\dists\gradle-8.4-bin\1w5dpkrfk8irigvoxmyhowfim\gradle-8.4\lib\agents\gradle-instrumentation-agent-8.4.jar 
java_command: org.gradle.launcher.daemon.bootstrap.GradleDaemon 8.4
java_class_path (initial): C:\Users\henryvf\.gradle\wrapper\dists\gradle-8.4-bin\1w5dpkrfk8irigvoxmyhowfim\gradle-8.4\lib\gradle-launcher-8.4.jar
Launcher Type: SUN_STANDARD

[Global flags]
     intx CICompilerCount                          = 4                                         {product} {ergonomic}
   size_t CompressedClassSpaceSize                 = 322961408                                 {product} {ergonomic}
     uint ConcGCThreads                            = 2                                         {product} {ergonomic}
     uint G1ConcRefinementThreads                  = 8                                         {product} {ergonomic}
   size_t G1HeapRegionSize                         = 1048576                                   {product} {ergonomic}
    uintx GCDrainStackTargetSize                   = 64                                        {product} {ergonomic}
     bool HeapDumpOnOutOfMemoryError               = true                                   {manageable} {command line}
   size_t InitialHeapSize                          = 268435456                                 {product} {command line}
   size_t MarkStackSize                            = 4194304                                   {product} {ergonomic}
   size_t MaxHeapSize                              = 536870912                                 {product} {command line}
   size_t MaxMetaspaceSize                         = 402653184                                 {product} {command line}
   size_t MaxNewSize                               = 321912832                                 {product} {ergonomic}
   size_t MinHeapDeltaBytes                        = 1048576                                   {product} {ergonomic}
   size_t MinHeapSize                              = 268435456                                 {product} {command line}
    uintx NonNMethodCodeHeapSize                   = 5839372                                {pd product} {ergonomic}
    uintx NonProfiledCodeHeapSize                  = 122909434                              {pd product} {ergonomic}
    uintx ProfiledCodeHeapSize                     = 122909434                              {pd product} {ergonomic}
    uintx ReservedCodeCacheSize                    = 251658240                              {pd product} {ergonomic}
     bool SegmentedCodeCache                       = true                                      {product} {ergonomic}
   size_t SoftMaxHeapSize                          = 536870912                              {manageable} {ergonomic}
     bool UseCompressedClassPointers               = true                           {product lp64_product} {ergonomic}
     bool UseCompressedOops                        = true                           {product lp64_product} {ergonomic}
     bool UseG1GC                                  = true                                      {product} {ergonomic}
     bool UseLargePagesIndividualAllocation        = false                                  {pd product} {ergonomic}

Logging:
Log output configuration:
 #0: stdout all=warning uptime,level,tags
 #1: stderr all=off uptime,level,tags

Environment Variables:
JAVA_HOME=C:\Program Files\Java\jdk-17
PATH=C:\Program Files\Common Files\Oracle\Java\javapath;C:\Windows\system32;C:\Windows;C:\Windows\System32\Wbem;C:\Windows\System32\WindowsPowerShell\v1.0\;C:\Windows\System32\OpenSSH\;C:\Program Files\Git\cmd;C:\Program Files\Docker\Docker\resources\bin;C:\Program Files\Java\jdk-17\bin;C:\gradle-8.1.1\bin;C:\xampp\php;C:\Program Files\MATLAB\R2023b\bin;C:\Program Files\PowerShell\7\;C:\Users\henryvf\AppData\Roaming\nvm;C:\Program Files\nodejs;C:\Users\henryvf\AppData\Local\Microsoft\WindowsApps;C:\Users\henryvf\AppData\Local\Programs\Microsoft VS Code\bin;C:\Program Files\JetBrains\IntelliJ IDEA 2022.3.2\bin;C:\Users\henryvf\AppData\Roaming\npm;C:\Program Files\heroku\bin;C:\Users\henryvf\.fly\bin;C:\Users\henryvf\AppData\Local\spicetify;C:\Users\henryvf\AppData\Roaming\nvm;C:\Program Files\nodejs
USERNAME=henryvf
OS=Windows_NT
PROCESSOR_IDENTIFIER=Intel64 Family 6 Model 142 Stepping 12, GenuineIntel



---------------  S Y S T E M  ---------------

OS:
 Windows 10 , 64 bit Build 19041 (10.0.19041.3636)
OS uptime: 5 days 10:23 hours
Hyper-V role detected

CPU: total 8 (initial active 8) (4 cores per cpu, 2 threads per core) family 6 model 142 stepping 12 microcode 0xde, cx8, cmov, fxsr, ht, mmx, 3dnowpref, sse, sse2, sse3, ssse3, sse4.1, sse4.2, popcnt, lzcnt, tsc, tscinvbit, avx, avx2, aes, erms, clmul, bmi1, bmi2, adx, fma, vzeroupper, clflush, clflushopt, hv

Memory: 4k page, system-wide physical 8020M (716M free)
TotalPageFile size 10068M (AvailPageFile size 16M)
current process WorkingSet (physical memory assigned to process): 425M, peak: 440M
current process commit charge ("private bytes"): 495M, peak: 509M

vm_info: Java HotSpot(TM) 64-Bit Server VM (17.0.7+8-LTS-224) for windows-amd64 JRE (17.0.7+8-LTS-224), built on Feb 28 2023 23:03:02 by "mach5one" with MS VC++ 17.1 (VS2022)

END.
