#
# There is insufficient memory for the Java Runtime Environment to continue.
# Native memory allocation (malloc) failed to allocate 32744 bytes for ChunkPool::allocate
# Possible reasons:
#   The system is out of physical RAM or swap space
#   The process is running with CompressedOops enabled, and the Java Heap may be blocking the growth of the native heap
# Possible solutions:
#   Reduce memory load on the system
#   Increase physical memory or swap space
#   Check if swap backing store is full
#   Decrease Java heap size (-Xmx/-Xms)
#   Decrease number of Java threads
#   Decrease Java thread stack sizes (-Xss)
#   Set larger code cache with -XX:ReservedCodeCacheSize=
#   JVM is running with Unscaled Compressed Oops mode in which the Java heap is
#     placed in the first 4GB address space. The Java Heap base address is the
#     maximum limit for the native heap growth. Please use -XX:HeapBaseMinAddress
#     to set the Java Heap base and to place the Java Heap above 4GB virtual address.
# This output file may be truncated or incomplete.
#
#  Out of Memory Error (arena.cpp:78), pid=9180, tid=14036
#
# JRE version: Java(TM) SE Runtime Environment (17.0.7+8) (build 17.0.7+8-LTS-224)
# Java VM: Java HotSpot(TM) 64-Bit Server VM (17.0.7+8-LTS-224, mixed mode, sharing, tiered, compressed oops, compressed class ptrs, g1 gc, windows-amd64)
# No core dump will be written. Minidumps are not enabled by default on client versions of Windows
#

---------------  S U M M A R Y ------------

Command Line: --add-opens=java.base/java.util=ALL-UNNAMED --add-opens=java.base/java.lang=ALL-UNNAMED --add-opens=java.base/java.lang.invoke=ALL-UNNAMED --add-opens=java.prefs/java.util.prefs=ALL-UNNAMED --add-opens=java.base/java.nio.charset=ALL-UNNAMED --add-opens=java.base/java.net=ALL-UNNAMED --add-opens=java.base/java.util.concurrent.atomic=ALL-UNNAMED -XX:MaxMetaspaceSize=384m -XX:+HeapDumpOnOutOfMemoryError -Xms256m -Xmx512m -Dfile.encoding=windows-1252 -Duser.country=PE -Duser.language=es -Duser.variant -javaagent:C:\Users\henryvf\.gradle\wrapper\dists\gradle-8.4-bin\1w5dpkrfk8irigvoxmyhowfim\gradle-8.4\lib\agents\gradle-instrumentation-agent-8.4.jar org.gradle.launcher.daemon.bootstrap.GradleDaemon 8.4

Host: Intel(R) Core(TM) i5-10210U CPU @ 1.60GHz, 8 cores, 7G,  Windows 10 , 64 bit Build 19041 (10.0.19041.3636)
Time: Sun Nov 26 11:17:31 2023 Hora est. Pacífico, Sudamérica elapsed time: 2.154301 seconds (0d 0h 0m 2s)

---------------  T H R E A D  ---------------

Current thread (0x0000028e3b20bdd0):  JavaThread "C2 CompilerThread0" daemon [_thread_in_native, id=14036, stack(0x000000b8d7900000,0x000000b8d7a00000)]


Current CompileTask:
C2:   2154 2243   !   4       java.lang.ClassLoader::loadClass (121 bytes)

Stack: [0x000000b8d7900000,0x000000b8d7a00000]
Native frames: (J=compiled Java code, j=interpreted, Vv=VM code, C=native code)
V  [jvm.dll+0x676a4a]
V  [jvm.dll+0x7d74f4]
V  [jvm.dll+0x7d8c9e]
V  [jvm.dll+0x7d9303]
V  [jvm.dll+0x2452c5]
V  [jvm.dll+0xaac80]
V  [jvm.dll+0xaafcc]
V  [jvm.dll+0xaab44]
V  [jvm.dll+0x7c0d0c]
V  [jvm.dll+0x58df71]
V  [jvm.dll+0x59523b]
V  [jvm.dll+0x5935a8]
V  [jvm.dll+0x592e5a]
V  [jvm.dll+0x57fb33]
V  [jvm.dll+0x2205f2]
V  [jvm.dll+0x2194b5]
V  [jvm.dll+0x216df9]
V  [jvm.dll+0x1a35e0]
V  [jvm.dll+0x226a6e]
V  [jvm.dll+0x224e15]
V  [jvm.dll+0x78d05c]
V  [jvm.dll+0x78759a]
V  [jvm.dll+0x675875]
C  [ucrtbase.dll+0x21bb2]
C  [KERNEL32.DLL+0x17344]
C  [ntdll.dll+0x526b1]


---------------  P R O C E S S  ---------------

Threads class SMR info:
_java_thread_list=0x0000028e3cb0b9d0, length=25, elements={
0x0000028e1e9b00d0, 0x0000028e3b1edf40, 0x0000028e3b1eecc0, 0x0000028e3b2076e0,
0x0000028e3b209fb0, 0x0000028e3b20a870, 0x0000028e3b20b130, 0x0000028e3b20bdd0,
0x0000028e3b20fc80, 0x0000028e3b21b5b0, 0x0000028e3b1d9560, 0x0000028e3be2b010,
0x0000028e3be6f710, 0x0000028e3c7f4cf0, 0x0000028e3c7f3e80, 0x0000028e3c7f4820,
0x0000028e3c7f5b60, 0x0000028e3c7f6030, 0x0000028e3c7f3010, 0x0000028e3c7f2670,
0x0000028e3c7f34e0, 0x0000028e3c7f39b0, 0x0000028e3c7f4350, 0x0000028e3c7f51c0,
0x0000028e3c7f5690
}

Java Threads: ( => current thread )
  0x0000028e1e9b00d0 JavaThread "main" [_thread_blocked, id=5192, stack(0x000000b8d6c00000,0x000000b8d6d00000)]
  0x0000028e3b1edf40 JavaThread "Reference Handler" daemon [_thread_blocked, id=16020, stack(0x000000b8d7300000,0x000000b8d7400000)]
  0x0000028e3b1eecc0 JavaThread "Finalizer" daemon [_thread_blocked, id=13512, stack(0x000000b8d7400000,0x000000b8d7500000)]
  0x0000028e3b2076e0 JavaThread "Signal Dispatcher" daemon [_thread_blocked, id=2612, stack(0x000000b8d7500000,0x000000b8d7600000)]
  0x0000028e3b209fb0 JavaThread "Attach Listener" daemon [_thread_blocked, id=8340, stack(0x000000b8d7600000,0x000000b8d7700000)]
  0x0000028e3b20a870 JavaThread "Service Thread" daemon [_thread_blocked, id=10976, stack(0x000000b8d7700000,0x000000b8d7800000)]
  0x0000028e3b20b130 JavaThread "Monitor Deflation Thread" daemon [_thread_blocked, id=12492, stack(0x000000b8d7800000,0x000000b8d7900000)]
=>0x0000028e3b20bdd0 JavaThread "C2 CompilerThread0" daemon [_thread_in_native, id=14036, stack(0x000000b8d7900000,0x000000b8d7a00000)]
  0x0000028e3b20fc80 JavaThread "C1 CompilerThread0" daemon [_thread_in_native, id=2464, stack(0x000000b8d7a00000,0x000000b8d7b00000)]
  0x0000028e3b21b5b0 JavaThread "Sweeper thread" daemon [_thread_blocked, id=12176, stack(0x000000b8d7b00000,0x000000b8d7c00000)]
  0x0000028e3b1d9560 JavaThread "Common-Cleaner" daemon [_thread_blocked, id=4392, stack(0x000000b8d7c00000,0x000000b8d7d00000)]
  0x0000028e3be2b010 JavaThread "Notification Thread" daemon [_thread_blocked, id=12108, stack(0x000000b8d7d00000,0x000000b8d7e00000)]
  0x0000028e3be6f710 JavaThread "C2 CompilerThread1" daemon [_thread_in_native, id=12072, stack(0x000000b8d7f00000,0x000000b8d8000000)]
  0x0000028e3c7f4cf0 JavaThread "Daemon health stats" [_thread_blocked, id=11896, stack(0x000000b8d8600000,0x000000b8d8700000)]
  0x0000028e3c7f3e80 JavaThread "Incoming local TCP Connector on port 50410" [_thread_in_native, id=4304, stack(0x000000b8d8700000,0x000000b8d8800000)]
  0x0000028e3c7f4820 JavaThread "Daemon periodic checks" [_thread_blocked, id=880, stack(0x000000b8d8800000,0x000000b8d8900000)]
  0x0000028e3c7f5b60 JavaThread "Daemon" [_thread_blocked, id=11420, stack(0x000000b8d8900000,0x000000b8d8a00000)]
  0x0000028e3c7f6030 JavaThread "Handler for socket connection from /127.0.0.1:50410 to /127.0.0.1:50411" [_thread_in_native, id=17112, stack(0x000000b8d8a00000,0x000000b8d8b00000)]
  0x0000028e3c7f3010 JavaThread "Cancel handler" [_thread_blocked, id=13364, stack(0x000000b8d8b00000,0x000000b8d8c00000)]
  0x0000028e3c7f2670 JavaThread "Daemon worker" [_thread_in_vm, id=9192, stack(0x000000b8d8c00000,0x000000b8d8d00000)]
  0x0000028e3c7f34e0 JavaThread "Asynchronous log dispatcher for DefaultDaemonConnection: socket connection from /127.0.0.1:50410 to /127.0.0.1:50411" [_thread_blocked, id=13164, stack(0x000000b8d8d00000,0x000000b8d8e00000)]
  0x0000028e3c7f39b0 JavaThread "Stdin handler" [_thread_blocked, id=9600, stack(0x000000b8d8e00000,0x000000b8d8f00000)]
  0x0000028e3c7f4350 JavaThread "Daemon client event forwarder" [_thread_blocked, id=3848, stack(0x000000b8d8f00000,0x000000b8d9000000)]
  0x0000028e3c7f51c0 JavaThread "Cache worker for journal cache (C:\Users\henryvf\.gradle\caches\journal-1)" [_thread_blocked, id=9804, stack(0x000000b8d9000000,0x000000b8d9100000)]
  0x0000028e3c7f5690 JavaThread "File lock request listener" [_thread_in_native, id=2632, stack(0x000000b8d9100000,0x000000b8d9200000)]

Other Threads:
  0x0000028e3b1ea440 VMThread "VM Thread" [stack: 0x000000b8d7200000,0x000000b8d7300000] [id=11064]
  0x0000028e1e9ebb20 WatcherThread [stack: 0x000000b8d7e00000,0x000000b8d7f00000] [id=12092]
  0x0000028e1e9de1a0 GCTaskThread "GC Thread#0" [stack: 0x000000b8d6d00000,0x000000b8d6e00000] [id=13544]
  0x0000028e3c3a0440 GCTaskThread "GC Thread#1" [stack: 0x000000b8d8100000,0x000000b8d8200000] [id=5412]
  0x0000028e3c7809d0 GCTaskThread "GC Thread#2" [stack: 0x000000b8d8200000,0x000000b8d8300000] [id=14360]
  0x0000028e3c780c80 GCTaskThread "GC Thread#3" [stack: 0x000000b8d8300000,0x000000b8d8400000] [id=10836]
  0x0000028e3c7e9260 GCTaskThread "GC Thread#4" [stack: 0x000000b8d8400000,0x000000b8d8500000] [id=6060]
  0x0000028e3c7e9510 GCTaskThread "GC Thread#5" [stack: 0x000000b8d8500000,0x000000b8d8600000] [id=17100]
  0x0000028e1e9e4000 ConcurrentGCThread "G1 Main Marker" [stack: 0x000000b8d6e00000,0x000000b8d6f00000] [id=13496]
  0x0000028e1e9e4920 ConcurrentGCThread "G1 Conc#0" [stack: 0x000000b8d6f00000,0x000000b8d7000000] [id=10884]
  0x0000028e1ea8e770 ConcurrentGCThread "G1 Refine#0" [stack: 0x000000b8d7000000,0x000000b8d7100000] [id=17292]
  0x0000028e3b0aa680 ConcurrentGCThread "G1 Service" [stack: 0x000000b8d7100000,0x000000b8d7200000] [id=8516]

Threads with active compile tasks:
C2 CompilerThread0     2180 2243   !   4       java.lang.ClassLoader::loadClass (121 bytes)
C2 CompilerThread1     2180 2134       4       jdk.internal.org.objectweb.asm.Frame::execute (2305 bytes)

VM state: not at safepoint (normal execution)

VM Mutex/Monitor currently owned by a thread: None

Heap address: 0x00000000e0000000, size: 512 MB, Compressed Oops mode: 32-bit

CDS archive(s) mapped at: [0x0000000800000000-0x0000000800bd0000-0x0000000800bd0000), size 12386304, SharedBaseAddress: 0x0000000800000000, ArchiveRelocationMode: 0.
Compressed class space mapped at: 0x0000000800c00000-0x0000000814000000, reserved size: 322961408
Narrow klass base: 0x0000000800000000, Narrow klass shift: 0, Narrow klass range: 0x100000000

GC Precious Log:
 CPUs: 8 total, 8 available
 Memory: 8020M
 Large Page Support: Disabled
 NUMA Support: Disabled
 Compressed Oops: Enabled (32-bit)
 Heap Region Size: 1M
 Heap Min Capacity: 256M
 Heap Initial Capacity: 256M
 Heap Max Capacity: 512M
 Pre-touch: Disabled
 Parallel Workers: 8
 Concurrent Workers: 2
 Concurrent Refinement Workers: 8
 Periodic GC: Disabled

Heap:
 garbage-first heap   total 262144K, used 79061K [0x00000000e0000000, 0x0000000100000000)
  region size 1024K, 67 young (68608K), 1 survivors (1024K)
 Metaspace       used 15103K, committed 15424K, reserved 331776K
  class space    used 2119K, committed 2304K, reserved 315392K

Heap Regions: E=young(eden), S=young(survivor), O=old, HS=humongous(starts), HC=humongous(continues), CS=collection set, F=free, OA=open archive, CA=closed archive, TAMS=top-at-mark-start (previous, next)
|   0|0x00000000e0000000, 0x00000000e0100000, 0x00000000e0100000|100%|HS|  |TAMS 0x00000000e0000000, 0x00000000e0000000| Complete 
|   1|0x00000000e0100000, 0x00000000e0200000, 0x00000000e0200000|100%|HC|  |TAMS 0x00000000e0100000, 0x00000000e0100000| Complete 
|   2|0x00000000e0200000, 0x00000000e0300000, 0x00000000e0300000|100%|HC|  |TAMS 0x00000000e0200000, 0x00000000e0200000| Complete 
|   3|0x00000000e0300000, 0x00000000e0400000, 0x00000000e0400000|100%|HC|  |TAMS 0x00000000e0300000, 0x00000000e0300000| Complete 
|   4|0x00000000e0400000, 0x00000000e0500000, 0x00000000e0500000|100%| O|  |TAMS 0x00000000e0400000, 0x00000000e0400000| Untracked 
|   5|0x00000000e0500000, 0x00000000e0600000, 0x00000000e0600000|100%| O|  |TAMS 0x00000000e0500000, 0x00000000e0500000| Untracked 
|   6|0x00000000e0600000, 0x00000000e0700000, 0x00000000e0700000|100%| O|  |TAMS 0x00000000e0600000, 0x00000000e0600000| Untracked 
|   7|0x00000000e0700000, 0x00000000e0800000, 0x00000000e0800000|100%| O|  |TAMS 0x00000000e0700000, 0x00000000e0700000| Untracked 
|   8|0x00000000e0800000, 0x00000000e0900000, 0x00000000e0900000|100%| O|  |TAMS 0x00000000e0800000, 0x00000000e0800000| Untracked 
|   9|0x00000000e0900000, 0x00000000e0a00000, 0x00000000e0a00000|100%| O|  |TAMS 0x00000000e0900000, 0x00000000e0900000| Untracked 
|  10|0x00000000e0a00000, 0x00000000e0a82e00, 0x00000000e0b00000| 51%| O|  |TAMS 0x00000000e0a00000, 0x00000000e0a00000| Untracked 
|  11|0x00000000e0b00000, 0x00000000e0c00000, 0x00000000e0c00000|100%|HS|  |TAMS 0x00000000e0b00000, 0x00000000e0b00000| Complete 
|  12|0x00000000e0c00000, 0x00000000e0c00000, 0x00000000e0d00000|  0%| F|  |TAMS 0x00000000e0c00000, 0x00000000e0c00000| Untracked 
|  13|0x00000000e0d00000, 0x00000000e0d00000, 0x00000000e0e00000|  0%| F|  |TAMS 0x00000000e0d00000, 0x00000000e0d00000| Untracked 
|  14|0x00000000e0e00000, 0x00000000e0e00000, 0x00000000e0f00000|  0%| F|  |TAMS 0x00000000e0e00000, 0x00000000e0e00000| Untracked 
|  15|0x00000000e0f00000, 0x00000000e0f00000, 0x00000000e1000000|  0%| F|  |TAMS 0x00000000e0f00000, 0x00000000e0f00000| Untracked 
|  16|0x00000000e1000000, 0x00000000e1000000, 0x00000000e1100000|  0%| F|  |TAMS 0x00000000e1000000, 0x00000000e1000000| Untracked 
|  17|0x00000000e1100000, 0x00000000e1100000, 0x00000000e1200000|  0%| F|  |TAMS 0x00000000e1100000, 0x00000000e1100000| Untracked 
|  18|0x00000000e1200000, 0x00000000e1200000, 0x00000000e1300000|  0%| F|  |TAMS 0x00000000e1200000, 0x00000000e1200000| Untracked 
|  19|0x00000000e1300000, 0x00000000e1300000, 0x00000000e1400000|  0%| F|  |TAMS 0x00000000e1300000, 0x00000000e1300000| Untracked 
|  20|0x00000000e1400000, 0x00000000e1400000, 0x00000000e1500000|  0%| F|  |TAMS 0x00000000e1400000, 0x00000000e1400000| Untracked 
|  21|0x00000000e1500000, 0x00000000e1500000, 0x00000000e1600000|  0%| F|  |TAMS 0x00000000e1500000, 0x00000000e1500000| Untracked 
|  22|0x00000000e1600000, 0x00000000e1600000, 0x00000000e1700000|  0%| F|  |TAMS 0x00000000e1600000, 0x00000000e1600000| Untracked 
|  23|0x00000000e1700000, 0x00000000e1700000, 0x00000000e1800000|  0%| F|  |TAMS 0x00000000e1700000, 0x00000000e1700000| Untracked 
|  24|0x00000000e1800000, 0x00000000e1800000, 0x00000000e1900000|  0%| F|  |TAMS 0x00000000e1800000, 0x00000000e1800000| Untracked 
|  25|0x00000000e1900000, 0x00000000e1900000, 0x00000000e1a00000|  0%| F|  |TAMS 0x00000000e1900000, 0x00000000e1900000| Untracked 
|  26|0x00000000e1a00000, 0x00000000e1a00000, 0x00000000e1b00000|  0%| F|  |TAMS 0x00000000e1a00000, 0x00000000e1a00000| Untracked 
|  27|0x00000000e1b00000, 0x00000000e1b00000, 0x00000000e1c00000|  0%| F|  |TAMS 0x00000000e1b00000, 0x00000000e1b00000| Untracked 
|  28|0x00000000e1c00000, 0x00000000e1c00000, 0x00000000e1d00000|  0%| F|  |TAMS 0x00000000e1c00000, 0x00000000e1c00000| Untracked 
|  29|0x00000000e1d00000, 0x00000000e1d00000, 0x00000000e1e00000|  0%| F|  |TAMS 0x00000000e1d00000, 0x00000000e1d00000| Untracked 
|  30|0x00000000e1e00000, 0x00000000e1e00000, 0x00000000e1f00000|  0%| F|  |TAMS 0x00000000e1e00000, 0x00000000e1e00000| Untracked 
|  31|0x00000000e1f00000, 0x00000000e1f00000, 0x00000000e2000000|  0%| F|  |TAMS 0x00000000e1f00000, 0x00000000e1f00000| Untracked 
|  32|0x00000000e2000000, 0x00000000e2000000, 0x00000000e2100000|  0%| F|  |TAMS 0x00000000e2000000, 0x00000000e2000000| Untracked 
|  33|0x00000000e2100000, 0x00000000e2100000, 0x00000000e2200000|  0%| F|  |TAMS 0x00000000e2100000, 0x00000000e2100000| Untracked 
|  34|0x00000000e2200000, 0x00000000e2200000, 0x00000000e2300000|  0%| F|  |TAMS 0x00000000e2200000, 0x00000000e2200000| Untracked 
|  35|0x00000000e2300000, 0x00000000e2300000, 0x00000000e2400000|  0%| F|  |TAMS 0x00000000e2300000, 0x00000000e2300000| Untracked 
|  36|0x00000000e2400000, 0x00000000e2400000, 0x00000000e2500000|  0%| F|  |TAMS 0x00000000e2400000, 0x00000000e2400000| Untracked 
|  37|0x00000000e2500000, 0x00000000e2500000, 0x00000000e2600000|  0%| F|  |TAMS 0x00000000e2500000, 0x00000000e2500000| Untracked 
|  38|0x00000000e2600000, 0x00000000e2600000, 0x00000000e2700000|  0%| F|  |TAMS 0x00000000e2600000, 0x00000000e2600000| Untracked 
|  39|0x00000000e2700000, 0x00000000e2700000, 0x00000000e2800000|  0%| F|  |TAMS 0x00000000e2700000, 0x00000000e2700000| Untracked 
|  40|0x00000000e2800000, 0x00000000e2800000, 0x00000000e2900000|  0%| F|  |TAMS 0x00000000e2800000, 0x00000000e2800000| Untracked 
|  41|0x00000000e2900000, 0x00000000e2900000, 0x00000000e2a00000|  0%| F|  |TAMS 0x00000000e2900000, 0x00000000e2900000| Untracked 
|  42|0x00000000e2a00000, 0x00000000e2a00000, 0x00000000e2b00000|  0%| F|  |TAMS 0x00000000e2a00000, 0x00000000e2a00000| Untracked 
|  43|0x00000000e2b00000, 0x00000000e2b00000, 0x00000000e2c00000|  0%| F|  |TAMS 0x00000000e2b00000, 0x00000000e2b00000| Untracked 
|  44|0x00000000e2c00000, 0x00000000e2c00000, 0x00000000e2d00000|  0%| F|  |TAMS 0x00000000e2c00000, 0x00000000e2c00000| Untracked 
|  45|0x00000000e2d00000, 0x00000000e2d00000, 0x00000000e2e00000|  0%| F|  |TAMS 0x00000000e2d00000, 0x00000000e2d00000| Untracked 
|  46|0x00000000e2e00000, 0x00000000e2e00000, 0x00000000e2f00000|  0%| F|  |TAMS 0x00000000e2e00000, 0x00000000e2e00000| Untracked 
|  47|0x00000000e2f00000, 0x00000000e2f00000, 0x00000000e3000000|  0%| F|  |TAMS 0x00000000e2f00000, 0x00000000e2f00000| Untracked 
|  48|0x00000000e3000000, 0x00000000e3000000, 0x00000000e3100000|  0%| F|  |TAMS 0x00000000e3000000, 0x00000000e3000000| Untracked 
|  49|0x00000000e3100000, 0x00000000e3100000, 0x00000000e3200000|  0%| F|  |TAMS 0x00000000e3100000, 0x00000000e3100000| Untracked 
|  50|0x00000000e3200000, 0x00000000e3200000, 0x00000000e3300000|  0%| F|  |TAMS 0x00000000e3200000, 0x00000000e3200000| Untracked 
|  51|0x00000000e3300000, 0x00000000e3300000, 0x00000000e3400000|  0%| F|  |TAMS 0x00000000e3300000, 0x00000000e3300000| Untracked 
|  52|0x00000000e3400000, 0x00000000e3400000, 0x00000000e3500000|  0%| F|  |TAMS 0x00000000e3400000, 0x00000000e3400000| Untracked 
|  53|0x00000000e3500000, 0x00000000e3500000, 0x00000000e3600000|  0%| F|  |TAMS 0x00000000e3500000, 0x00000000e3500000| Untracked 
|  54|0x00000000e3600000, 0x00000000e3600000, 0x00000000e3700000|  0%| F|  |TAMS 0x00000000e3600000, 0x00000000e3600000| Untracked 
|  55|0x00000000e3700000, 0x00000000e3700000, 0x00000000e3800000|  0%| F|  |TAMS 0x00000000e3700000, 0x00000000e3700000| Untracked 
|  56|0x00000000e3800000, 0x00000000e3800000, 0x00000000e3900000|  0%| F|  |TAMS 0x00000000e3800000, 0x00000000e3800000| Untracked 
|  57|0x00000000e3900000, 0x00000000e3900000, 0x00000000e3a00000|  0%| F|  |TAMS 0x00000000e3900000, 0x00000000e3900000| Untracked 
|  58|0x00000000e3a00000, 0x00000000e3a00000, 0x00000000e3b00000|  0%| F|  |TAMS 0x00000000e3a00000, 0x00000000e3a00000| Untracked 
|  59|0x00000000e3b00000, 0x00000000e3b00000, 0x00000000e3c00000|  0%| F|  |TAMS 0x00000000e3b00000, 0x00000000e3b00000| Untracked 
|  60|0x00000000e3c00000, 0x00000000e3c00000, 0x00000000e3d00000|  0%| F|  |TAMS 0x00000000e3c00000, 0x00000000e3c00000| Untracked 
|  61|0x00000000e3d00000, 0x00000000e3d00000, 0x00000000e3e00000|  0%| F|  |TAMS 0x00000000e3d00000, 0x00000000e3d00000| Untracked 
|  62|0x00000000e3e00000, 0x00000000e3e00000, 0x00000000e3f00000|  0%| F|  |TAMS 0x00000000e3e00000, 0x00000000e3e00000| Untracked 
|  63|0x00000000e3f00000, 0x00000000e3f00000, 0x00000000e4000000|  0%| F|  |TAMS 0x00000000e3f00000, 0x00000000e3f00000| Untracked 
|  64|0x00000000e4000000, 0x00000000e4000000, 0x00000000e4100000|  0%| F|  |TAMS 0x00000000e4000000, 0x00000000e4000000| Untracked 
|  65|0x00000000e4100000, 0x00000000e4100000, 0x00000000e4200000|  0%| F|  |TAMS 0x00000000e4100000, 0x00000000e4100000| Untracked 
|  66|0x00000000e4200000, 0x00000000e4200000, 0x00000000e4300000|  0%| F|  |TAMS 0x00000000e4200000, 0x00000000e4200000| Untracked 
|  67|0x00000000e4300000, 0x00000000e4300000, 0x00000000e4400000|  0%| F|  |TAMS 0x00000000e4300000, 0x00000000e4300000| Untracked 
|  68|0x00000000e4400000, 0x00000000e4400000, 0x00000000e4500000|  0%| F|  |TAMS 0x00000000e4400000, 0x00000000e4400000| Untracked 
|  69|0x00000000e4500000, 0x00000000e4500000, 0x00000000e4600000|  0%| F|  |TAMS 0x00000000e4500000, 0x00000000e4500000| Untracked 
|  70|0x00000000e4600000, 0x00000000e4600000, 0x00000000e4700000|  0%| F|  |TAMS 0x00000000e4600000, 0x00000000e4600000| Untracked 
|  71|0x00000000e4700000, 0x00000000e4700000, 0x00000000e4800000|  0%| F|  |TAMS 0x00000000e4700000, 0x00000000e4700000| Untracked 
|  72|0x00000000e4800000, 0x00000000e4800000, 0x00000000e4900000|  0%| F|  |TAMS 0x00000000e4800000, 0x00000000e4800000| Untracked 
|  73|0x00000000e4900000, 0x00000000e4900000, 0x00000000e4a00000|  0%| F|  |TAMS 0x00000000e4900000, 0x00000000e4900000| Untracked 
|  74|0x00000000e4a00000, 0x00000000e4a00000, 0x00000000e4b00000|  0%| F|  |TAMS 0x00000000e4a00000, 0x00000000e4a00000| Untracked 
|  75|0x00000000e4b00000, 0x00000000e4b00000, 0x00000000e4c00000|  0%| F|  |TAMS 0x00000000e4b00000, 0x00000000e4b00000| Untracked 
|  76|0x00000000e4c00000, 0x00000000e4c00000, 0x00000000e4d00000|  0%| F|  |TAMS 0x00000000e4c00000, 0x00000000e4c00000| Untracked 
|  77|0x00000000e4d00000, 0x00000000e4d00000, 0x00000000e4e00000|  0%| F|  |TAMS 0x00000000e4d00000, 0x00000000e4d00000| Untracked 
|  78|0x00000000e4e00000, 0x00000000e4e00000, 0x00000000e4f00000|  0%| F|  |TAMS 0x00000000e4e00000, 0x00000000e4e00000| Untracked 
|  79|0x00000000e4f00000, 0x00000000e4f00000, 0x00000000e5000000|  0%| F|  |TAMS 0x00000000e4f00000, 0x00000000e4f00000| Untracked 
|  80|0x00000000e5000000, 0x00000000e5000000, 0x00000000e5100000|  0%| F|  |TAMS 0x00000000e5000000, 0x00000000e5000000| Untracked 
|  81|0x00000000e5100000, 0x00000000e5100000, 0x00000000e5200000|  0%| F|  |TAMS 0x00000000e5100000, 0x00000000e5100000| Untracked 
|  82|0x00000000e5200000, 0x00000000e5200000, 0x00000000e5300000|  0%| F|  |TAMS 0x00000000e5200000, 0x00000000e5200000| Untracked 
|  83|0x00000000e5300000, 0x00000000e5300000, 0x00000000e5400000|  0%| F|  |TAMS 0x00000000e5300000, 0x00000000e5300000| Untracked 
|  84|0x00000000e5400000, 0x00000000e5400000, 0x00000000e5500000|  0%| F|  |TAMS 0x00000000e5400000, 0x00000000e5400000| Untracked 
|  85|0x00000000e5500000, 0x00000000e5500000, 0x00000000e5600000|  0%| F|  |TAMS 0x00000000e5500000, 0x00000000e5500000| Untracked 
|  86|0x00000000e5600000, 0x00000000e5600000, 0x00000000e5700000|  0%| F|  |TAMS 0x00000000e5600000, 0x00000000e5600000| Untracked 
|  87|0x00000000e5700000, 0x00000000e5700000, 0x00000000e5800000|  0%| F|  |TAMS 0x00000000e5700000, 0x00000000e5700000| Untracked 
|  88|0x00000000e5800000, 0x00000000e5800000, 0x00000000e5900000|  0%| F|  |TAMS 0x00000000e5800000, 0x00000000e5800000| Untracked 
|  89|0x00000000e5900000, 0x00000000e5900000, 0x00000000e5a00000|  0%| F|  |TAMS 0x00000000e5900000, 0x00000000e5900000| Untracked 
|  90|0x00000000e5a00000, 0x00000000e5a00000, 0x00000000e5b00000|  0%| F|  |TAMS 0x00000000e5a00000, 0x00000000e5a00000| Untracked 
|  91|0x00000000e5b00000, 0x00000000e5b00000, 0x00000000e5c00000|  0%| F|  |TAMS 0x00000000e5b00000, 0x00000000e5b00000| Untracked 
|  92|0x00000000e5c00000, 0x00000000e5c00000, 0x00000000e5d00000|  0%| F|  |TAMS 0x00000000e5c00000, 0x00000000e5c00000| Untracked 
|  93|0x00000000e5d00000, 0x00000000e5d00000, 0x00000000e5e00000|  0%| F|  |TAMS 0x00000000e5d00000, 0x00000000e5d00000| Untracked 
|  94|0x00000000e5e00000, 0x00000000e5e00000, 0x00000000e5f00000|  0%| F|  |TAMS 0x00000000e5e00000, 0x00000000e5e00000| Untracked 
|  95|0x00000000e5f00000, 0x00000000e5f00000, 0x00000000e6000000|  0%| F|  |TAMS 0x00000000e5f00000, 0x00000000e5f00000| Untracked 
|  96|0x00000000e6000000, 0x00000000e6000000, 0x00000000e6100000|  0%| F|  |TAMS 0x00000000e6000000, 0x00000000e6000000| Untracked 
|  97|0x00000000e6100000, 0x00000000e6100000, 0x00000000e6200000|  0%| F|  |TAMS 0x00000000e6100000, 0x00000000e6100000| Untracked 
|  98|0x00000000e6200000, 0x00000000e6200000, 0x00000000e6300000|  0%| F|  |TAMS 0x00000000e6200000, 0x00000000e6200000| Untracked 
|  99|0x00000000e6300000, 0x00000000e6300000, 0x00000000e6400000|  0%| F|  |TAMS 0x00000000e6300000, 0x00000000e6300000| Untracked 
| 100|0x00000000e6400000, 0x00000000e6400000, 0x00000000e6500000|  0%| F|  |TAMS 0x00000000e6400000, 0x00000000e6400000| Untracked 
| 101|0x00000000e6500000, 0x00000000e6500000, 0x00000000e6600000|  0%| F|  |TAMS 0x00000000e6500000, 0x00000000e6500000| Untracked 
| 102|0x00000000e6600000, 0x00000000e6600000, 0x00000000e6700000|  0%| F|  |TAMS 0x00000000e6600000, 0x00000000e6600000| Untracked 
| 103|0x00000000e6700000, 0x00000000e6700000, 0x00000000e6800000|  0%| F|  |TAMS 0x00000000e6700000, 0x00000000e6700000| Untracked 
| 104|0x00000000e6800000, 0x00000000e6800000, 0x00000000e6900000|  0%| F|  |TAMS 0x00000000e6800000, 0x00000000e6800000| Untracked 
| 105|0x00000000e6900000, 0x00000000e6900000, 0x00000000e6a00000|  0%| F|  |TAMS 0x00000000e6900000, 0x00000000e6900000| Untracked 
| 106|0x00000000e6a00000, 0x00000000e6a00000, 0x00000000e6b00000|  0%| F|  |TAMS 0x00000000e6a00000, 0x00000000e6a00000| Untracked 
| 107|0x00000000e6b00000, 0x00000000e6b00000, 0x00000000e6c00000|  0%| F|  |TAMS 0x00000000e6b00000, 0x00000000e6b00000| Untracked 
| 108|0x00000000e6c00000, 0x00000000e6c00000, 0x00000000e6d00000|  0%| F|  |TAMS 0x00000000e6c00000, 0x00000000e6c00000| Untracked 
| 109|0x00000000e6d00000, 0x00000000e6d00000, 0x00000000e6e00000|  0%| F|  |TAMS 0x00000000e6d00000, 0x00000000e6d00000| Untracked 
| 110|0x00000000e6e00000, 0x00000000e6e00000, 0x00000000e6f00000|  0%| F|  |TAMS 0x00000000e6e00000, 0x00000000e6e00000| Untracked 
| 111|0x00000000e6f00000, 0x00000000e6f00000, 0x00000000e7000000|  0%| F|  |TAMS 0x00000000e6f00000, 0x00000000e6f00000| Untracked 
| 112|0x00000000e7000000, 0x00000000e7000000, 0x00000000e7100000|  0%| F|  |TAMS 0x00000000e7000000, 0x00000000e7000000| Untracked 
| 113|0x00000000e7100000, 0x00000000e7100000, 0x00000000e7200000|  0%| F|  |TAMS 0x00000000e7100000, 0x00000000e7100000| Untracked 
| 114|0x00000000e7200000, 0x00000000e7200000, 0x00000000e7300000|  0%| F|  |TAMS 0x00000000e7200000, 0x00000000e7200000| Untracked 
| 115|0x00000000e7300000, 0x00000000e7300000, 0x00000000e7400000|  0%| F|  |TAMS 0x00000000e7300000, 0x00000000e7300000| Untracked 
| 116|0x00000000e7400000, 0x00000000e7400000, 0x00000000e7500000|  0%| F|  |TAMS 0x00000000e7400000, 0x00000000e7400000| Untracked 
| 117|0x00000000e7500000, 0x00000000e7500000, 0x00000000e7600000|  0%| F|  |TAMS 0x00000000e7500000, 0x00000000e7500000| Untracked 
| 118|0x00000000e7600000, 0x00000000e7600000, 0x00000000e7700000|  0%| F|  |TAMS 0x00000000e7600000, 0x00000000e7600000| Untracked 
| 119|0x00000000e7700000, 0x00000000e7700000, 0x00000000e7800000|  0%| F|  |TAMS 0x00000000e7700000, 0x00000000e7700000| Untracked 
| 120|0x00000000e7800000, 0x00000000e7800000, 0x00000000e7900000|  0%| F|  |TAMS 0x00000000e7800000, 0x00000000e7800000| Untracked 
| 121|0x00000000e7900000, 0x00000000e7900000, 0x00000000e7a00000|  0%| F|  |TAMS 0x00000000e7900000, 0x00000000e7900000| Untracked 
| 122|0x00000000e7a00000, 0x00000000e7a00000, 0x00000000e7b00000|  0%| F|  |TAMS 0x00000000e7a00000, 0x00000000e7a00000| Untracked 
| 123|0x00000000e7b00000, 0x00000000e7b00000, 0x00000000e7c00000|  0%| F|  |TAMS 0x00000000e7b00000, 0x00000000e7b00000| Untracked 
| 124|0x00000000e7c00000, 0x00000000e7c00000, 0x00000000e7d00000|  0%| F|  |TAMS 0x00000000e7c00000, 0x00000000e7c00000| Untracked 
| 125|0x00000000e7d00000, 0x00000000e7d00000, 0x00000000e7e00000|  0%| F|  |TAMS 0x00000000e7d00000, 0x00000000e7d00000| Untracked 
| 126|0x00000000e7e00000, 0x00000000e7e00000, 0x00000000e7f00000|  0%| F|  |TAMS 0x00000000e7e00000, 0x00000000e7e00000| Untracked 
| 127|0x00000000e7f00000, 0x00000000e7f00000, 0x00000000e8000000|  0%| F|  |TAMS 0x00000000e7f00000, 0x00000000e7f00000| Untracked 
| 128|0x00000000e8000000, 0x00000000e8000000, 0x00000000e8100000|  0%| F|  |TAMS 0x00000000e8000000, 0x00000000e8000000| Untracked 
| 129|0x00000000e8100000, 0x00000000e8100000, 0x00000000e8200000|  0%| F|  |TAMS 0x00000000e8100000, 0x00000000e8100000| Untracked 
| 130|0x00000000e8200000, 0x00000000e8200000, 0x00000000e8300000|  0%| F|  |TAMS 0x00000000e8200000, 0x00000000e8200000| Untracked 
| 131|0x00000000e8300000, 0x00000000e8300000, 0x00000000e8400000|  0%| F|  |TAMS 0x00000000e8300000, 0x00000000e8300000| Untracked 
| 132|0x00000000e8400000, 0x00000000e8400000, 0x00000000e8500000|  0%| F|  |TAMS 0x00000000e8400000, 0x00000000e8400000| Untracked 
| 133|0x00000000e8500000, 0x00000000e8500000, 0x00000000e8600000|  0%| F|  |TAMS 0x00000000e8500000, 0x00000000e8500000| Untracked 
| 134|0x00000000e8600000, 0x00000000e8600000, 0x00000000e8700000|  0%| F|  |TAMS 0x00000000e8600000, 0x00000000e8600000| Untracked 
| 135|0x00000000e8700000, 0x00000000e8700000, 0x00000000e8800000|  0%| F|  |TAMS 0x00000000e8700000, 0x00000000e8700000| Untracked 
| 136|0x00000000e8800000, 0x00000000e8800000, 0x00000000e8900000|  0%| F|  |TAMS 0x00000000e8800000, 0x00000000e8800000| Untracked 
| 137|0x00000000e8900000, 0x00000000e8900000, 0x00000000e8a00000|  0%| F|  |TAMS 0x00000000e8900000, 0x00000000e8900000| Untracked 
| 138|0x00000000e8a00000, 0x00000000e8a00000, 0x00000000e8b00000|  0%| F|  |TAMS 0x00000000e8a00000, 0x00000000e8a00000| Untracked 
| 139|0x00000000e8b00000, 0x00000000e8b00000, 0x00000000e8c00000|  0%| F|  |TAMS 0x00000000e8b00000, 0x00000000e8b00000| Untracked 
| 140|0x00000000e8c00000, 0x00000000e8c00000, 0x00000000e8d00000|  0%| F|  |TAMS 0x00000000e8c00000, 0x00000000e8c00000| Untracked 
| 141|0x00000000e8d00000, 0x00000000e8d00000, 0x00000000e8e00000|  0%| F|  |TAMS 0x00000000e8d00000, 0x00000000e8d00000| Untracked 
| 142|0x00000000e8e00000, 0x00000000e8e00000, 0x00000000e8f00000|  0%| F|  |TAMS 0x00000000e8e00000, 0x00000000e8e00000| Untracked 
| 143|0x00000000e8f00000, 0x00000000e8f00000, 0x00000000e9000000|  0%| F|  |TAMS 0x00000000e8f00000, 0x00000000e8f00000| Untracked 
| 144|0x00000000e9000000, 0x00000000e9000000, 0x00000000e9100000|  0%| F|  |TAMS 0x00000000e9000000, 0x00000000e9000000| Untracked 
| 145|0x00000000e9100000, 0x00000000e9100000, 0x00000000e9200000|  0%| F|  |TAMS 0x00000000e9100000, 0x00000000e9100000| Untracked 
| 146|0x00000000e9200000, 0x00000000e9200000, 0x00000000e9300000|  0%| F|  |TAMS 0x00000000e9200000, 0x00000000e9200000| Untracked 
| 147|0x00000000e9300000, 0x00000000e9300000, 0x00000000e9400000|  0%| F|  |TAMS 0x00000000e9300000, 0x00000000e9300000| Untracked 
| 148|0x00000000e9400000, 0x00000000e9400000, 0x00000000e9500000|  0%| F|  |TAMS 0x00000000e9400000, 0x00000000e9400000| Untracked 
| 149|0x00000000e9500000, 0x00000000e9500000, 0x00000000e9600000|  0%| F|  |TAMS 0x00000000e9500000, 0x00000000e9500000| Untracked 
| 150|0x00000000e9600000, 0x00000000e9600000, 0x00000000e9700000|  0%| F|  |TAMS 0x00000000e9600000, 0x00000000e9600000| Untracked 
| 151|0x00000000e9700000, 0x00000000e9700000, 0x00000000e9800000|  0%| F|  |TAMS 0x00000000e9700000, 0x00000000e9700000| Untracked 
| 152|0x00000000e9800000, 0x00000000e9800000, 0x00000000e9900000|  0%| F|  |TAMS 0x00000000e9800000, 0x00000000e9800000| Untracked 
| 153|0x00000000e9900000, 0x00000000e9900000, 0x00000000e9a00000|  0%| F|  |TAMS 0x00000000e9900000, 0x00000000e9900000| Untracked 
| 154|0x00000000e9a00000, 0x00000000e9a00000, 0x00000000e9b00000|  0%| F|  |TAMS 0x00000000e9a00000, 0x00000000e9a00000| Untracked 
| 155|0x00000000e9b00000, 0x00000000e9b00000, 0x00000000e9c00000|  0%| F|  |TAMS 0x00000000e9b00000, 0x00000000e9b00000| Untracked 
| 156|0x00000000e9c00000, 0x00000000e9c00000, 0x00000000e9d00000|  0%| F|  |TAMS 0x00000000e9c00000, 0x00000000e9c00000| Untracked 
| 157|0x00000000e9d00000, 0x00000000e9d00000, 0x00000000e9e00000|  0%| F|  |TAMS 0x00000000e9d00000, 0x00000000e9d00000| Untracked 
| 158|0x00000000e9e00000, 0x00000000e9e00000, 0x00000000e9f00000|  0%| F|  |TAMS 0x00000000e9e00000, 0x00000000e9e00000| Untracked 
| 159|0x00000000e9f00000, 0x00000000e9f00000, 0x00000000ea000000|  0%| F|  |TAMS 0x00000000e9f00000, 0x00000000e9f00000| Untracked 
| 160|0x00000000ea000000, 0x00000000ea000000, 0x00000000ea100000|  0%| F|  |TAMS 0x00000000ea000000, 0x00000000ea000000| Untracked 
| 161|0x00000000ea100000, 0x00000000ea100000, 0x00000000ea200000|  0%| F|  |TAMS 0x00000000ea100000, 0x00000000ea100000| Untracked 
| 162|0x00000000ea200000, 0x00000000ea200000, 0x00000000ea300000|  0%| F|  |TAMS 0x00000000ea200000, 0x00000000ea200000| Untracked 
| 163|0x00000000ea300000, 0x00000000ea300000, 0x00000000ea400000|  0%| F|  |TAMS 0x00000000ea300000, 0x00000000ea300000| Untracked 
| 164|0x00000000ea400000, 0x00000000ea400000, 0x00000000ea500000|  0%| F|  |TAMS 0x00000000ea400000, 0x00000000ea400000| Untracked 
| 165|0x00000000ea500000, 0x00000000ea500000, 0x00000000ea600000|  0%| F|  |TAMS 0x00000000ea500000, 0x00000000ea500000| Untracked 
| 166|0x00000000ea600000, 0x00000000ea600000, 0x00000000ea700000|  0%| F|  |TAMS 0x00000000ea600000, 0x00000000ea600000| Untracked 
| 167|0x00000000ea700000, 0x00000000ea700000, 0x00000000ea800000|  0%| F|  |TAMS 0x00000000ea700000, 0x00000000ea700000| Untracked 
| 168|0x00000000ea800000, 0x00000000ea800000, 0x00000000ea900000|  0%| F|  |TAMS 0x00000000ea800000, 0x00000000ea800000| Untracked 
| 169|0x00000000ea900000, 0x00000000ea900000, 0x00000000eaa00000|  0%| F|  |TAMS 0x00000000ea900000, 0x00000000ea900000| Untracked 
| 170|0x00000000eaa00000, 0x00000000eaa00000, 0x00000000eab00000|  0%| F|  |TAMS 0x00000000eaa00000, 0x00000000eaa00000| Untracked 
| 171|0x00000000eab00000, 0x00000000eab00000, 0x00000000eac00000|  0%| F|  |TAMS 0x00000000eab00000, 0x00000000eab00000| Untracked 
| 172|0x00000000eac00000, 0x00000000eac00000, 0x00000000ead00000|  0%| F|  |TAMS 0x00000000eac00000, 0x00000000eac00000| Untracked 
| 173|0x00000000ead00000, 0x00000000ead00000, 0x00000000eae00000|  0%| F|  |TAMS 0x00000000ead00000, 0x00000000ead00000| Untracked 
| 174|0x00000000eae00000, 0x00000000eae00000, 0x00000000eaf00000|  0%| F|  |TAMS 0x00000000eae00000, 0x00000000eae00000| Untracked 
| 175|0x00000000eaf00000, 0x00000000eaf00000, 0x00000000eb000000|  0%| F|  |TAMS 0x00000000eaf00000, 0x00000000eaf00000| Untracked 
| 176|0x00000000eb000000, 0x00000000eb000000, 0x00000000eb100000|  0%| F|  |TAMS 0x00000000eb000000, 0x00000000eb000000| Untracked 
| 177|0x00000000eb100000, 0x00000000eb100000, 0x00000000eb200000|  0%| F|  |TAMS 0x00000000eb100000, 0x00000000eb100000| Untracked 
| 178|0x00000000eb200000, 0x00000000eb200000, 0x00000000eb300000|  0%| F|  |TAMS 0x00000000eb200000, 0x00000000eb200000| Untracked 
| 179|0x00000000eb300000, 0x00000000eb300000, 0x00000000eb400000|  0%| F|  |TAMS 0x00000000eb300000, 0x00000000eb300000| Untracked 
| 180|0x00000000eb400000, 0x00000000eb400000, 0x00000000eb500000|  0%| F|  |TAMS 0x00000000eb400000, 0x00000000eb400000| Untracked 
| 181|0x00000000eb500000, 0x00000000eb500000, 0x00000000eb600000|  0%| F|  |TAMS 0x00000000eb500000, 0x00000000eb500000| Untracked 
| 182|0x00000000eb600000, 0x00000000eb600000, 0x00000000eb700000|  0%| F|  |TAMS 0x00000000eb600000, 0x00000000eb600000| Untracked 
| 183|0x00000000eb700000, 0x00000000eb700000, 0x00000000eb800000|  0%| F|  |TAMS 0x00000000eb700000, 0x00000000eb700000| Untracked 
| 184|0x00000000eb800000, 0x00000000eb800000, 0x00000000eb900000|  0%| F|  |TAMS 0x00000000eb800000, 0x00000000eb800000| Untracked 
| 185|0x00000000eb900000, 0x00000000eb900000, 0x00000000eba00000|  0%| F|  |TAMS 0x00000000eb900000, 0x00000000eb900000| Untracked 
| 186|0x00000000eba00000, 0x00000000eba00000, 0x00000000ebb00000|  0%| F|  |TAMS 0x00000000eba00000, 0x00000000eba00000| Untracked 
| 187|0x00000000ebb00000, 0x00000000ebb00000, 0x00000000ebc00000|  0%| F|  |TAMS 0x00000000ebb00000, 0x00000000ebb00000| Untracked 
| 188|0x00000000ebc00000, 0x00000000ebc00000, 0x00000000ebd00000|  0%| F|  |TAMS 0x00000000ebc00000, 0x00000000ebc00000| Untracked 
| 189|0x00000000ebd00000, 0x00000000ebd80800, 0x00000000ebe00000| 50%| E|  |TAMS 0x00000000ebd00000, 0x00000000ebd00000| Complete 
| 190|0x00000000ebe00000, 0x00000000ebf00000, 0x00000000ebf00000|100%| E|CS|TAMS 0x00000000ebe00000, 0x00000000ebe00000| Complete 
| 191|0x00000000ebf00000, 0x00000000ec000000, 0x00000000ec000000|100%| E|CS|TAMS 0x00000000ebf00000, 0x00000000ebf00000| Complete 
| 192|0x00000000ec000000, 0x00000000ec100000, 0x00000000ec100000|100%| E|CS|TAMS 0x00000000ec000000, 0x00000000ec000000| Complete 
| 193|0x00000000ec100000, 0x00000000ec200000, 0x00000000ec200000|100%| E|CS|TAMS 0x00000000ec100000, 0x00000000ec100000| Complete 
| 194|0x00000000ec200000, 0x00000000ec300000, 0x00000000ec300000|100%| E|CS|TAMS 0x00000000ec200000, 0x00000000ec200000| Complete 
| 195|0x00000000ec300000, 0x00000000ec400000, 0x00000000ec400000|100%| E|CS|TAMS 0x00000000ec300000, 0x00000000ec300000| Complete 
| 196|0x00000000ec400000, 0x00000000ec500000, 0x00000000ec500000|100%| E|CS|TAMS 0x00000000ec400000, 0x00000000ec400000| Complete 
| 197|0x00000000ec500000, 0x00000000ec600000, 0x00000000ec600000|100%| E|CS|TAMS 0x00000000ec500000, 0x00000000ec500000| Complete 
| 198|0x00000000ec600000, 0x00000000ec700000, 0x00000000ec700000|100%| E|CS|TAMS 0x00000000ec600000, 0x00000000ec600000| Complete 
| 199|0x00000000ec700000, 0x00000000ec800000, 0x00000000ec800000|100%| E|CS|TAMS 0x00000000ec700000, 0x00000000ec700000| Complete 
| 200|0x00000000ec800000, 0x00000000ec900000, 0x00000000ec900000|100%| E|CS|TAMS 0x00000000ec800000, 0x00000000ec800000| Complete 
| 201|0x00000000ec900000, 0x00000000eca00000, 0x00000000eca00000|100%| E|CS|TAMS 0x00000000ec900000, 0x00000000ec900000| Complete 
| 202|0x00000000eca00000, 0x00000000ecb00000, 0x00000000ecb00000|100%| E|CS|TAMS 0x00000000eca00000, 0x00000000eca00000| Complete 
| 203|0x00000000ecb00000, 0x00000000ecc00000, 0x00000000ecc00000|100%| E|CS|TAMS 0x00000000ecb00000, 0x00000000ecb00000| Complete 
| 204|0x00000000ecc00000, 0x00000000ecd00000, 0x00000000ecd00000|100%| E|CS|TAMS 0x00000000ecc00000, 0x00000000ecc00000| Complete 
| 205|0x00000000ecd00000, 0x00000000ece00000, 0x00000000ece00000|100%| E|CS|TAMS 0x00000000ecd00000, 0x00000000ecd00000| Complete 
| 206|0x00000000ece00000, 0x00000000ecf00000, 0x00000000ecf00000|100%| E|CS|TAMS 0x00000000ece00000, 0x00000000ece00000| Complete 
| 207|0x00000000ecf00000, 0x00000000ed000000, 0x00000000ed000000|100%| E|CS|TAMS 0x00000000ecf00000, 0x00000000ecf00000| Complete 
| 208|0x00000000ed000000, 0x00000000ed100000, 0x00000000ed100000|100%| E|CS|TAMS 0x00000000ed000000, 0x00000000ed000000| Complete 
| 209|0x00000000ed100000, 0x00000000ed200000, 0x00000000ed200000|100%| E|CS|TAMS 0x00000000ed100000, 0x00000000ed100000| Complete 
| 210|0x00000000ed200000, 0x00000000ed300000, 0x00000000ed300000|100%| E|CS|TAMS 0x00000000ed200000, 0x00000000ed200000| Complete 
| 211|0x00000000ed300000, 0x00000000ed400000, 0x00000000ed400000|100%| E|CS|TAMS 0x00000000ed300000, 0x00000000ed300000| Complete 
| 212|0x00000000ed400000, 0x00000000ed500000, 0x00000000ed500000|100%| E|CS|TAMS 0x00000000ed400000, 0x00000000ed400000| Complete 
| 213|0x00000000ed500000, 0x00000000ed600000, 0x00000000ed600000|100%| E|CS|TAMS 0x00000000ed500000, 0x00000000ed500000| Complete 
| 214|0x00000000ed600000, 0x00000000ed700000, 0x00000000ed700000|100%| E|CS|TAMS 0x00000000ed600000, 0x00000000ed600000| Complete 
| 215|0x00000000ed700000, 0x00000000ed800000, 0x00000000ed800000|100%| E|CS|TAMS 0x00000000ed700000, 0x00000000ed700000| Complete 
| 216|0x00000000ed800000, 0x00000000ed900000, 0x00000000ed900000|100%| E|CS|TAMS 0x00000000ed800000, 0x00000000ed800000| Complete 
| 217|0x00000000ed900000, 0x00000000eda00000, 0x00000000eda00000|100%| E|CS|TAMS 0x00000000ed900000, 0x00000000ed900000| Complete 
| 218|0x00000000eda00000, 0x00000000edb00000, 0x00000000edb00000|100%| E|CS|TAMS 0x00000000eda00000, 0x00000000eda00000| Complete 
| 219|0x00000000edb00000, 0x00000000edc00000, 0x00000000edc00000|100%| E|CS|TAMS 0x00000000edb00000, 0x00000000edb00000| Complete 
| 220|0x00000000edc00000, 0x00000000edd00000, 0x00000000edd00000|100%| E|CS|TAMS 0x00000000edc00000, 0x00000000edc00000| Complete 
| 221|0x00000000edd00000, 0x00000000ede00000, 0x00000000ede00000|100%| E|CS|TAMS 0x00000000edd00000, 0x00000000edd00000| Complete 
| 222|0x00000000ede00000, 0x00000000edf00000, 0x00000000edf00000|100%| E|CS|TAMS 0x00000000ede00000, 0x00000000ede00000| Complete 
| 223|0x00000000edf00000, 0x00000000ee000000, 0x00000000ee000000|100%| E|CS|TAMS 0x00000000edf00000, 0x00000000edf00000| Complete 
| 224|0x00000000ee000000, 0x00000000ee100000, 0x00000000ee100000|100%| E|CS|TAMS 0x00000000ee000000, 0x00000000ee000000| Complete 
| 225|0x00000000ee100000, 0x00000000ee200000, 0x00000000ee200000|100%| E|CS|TAMS 0x00000000ee100000, 0x00000000ee100000| Complete 
| 226|0x00000000ee200000, 0x00000000ee2b2980, 0x00000000ee300000| 69%| S|CS|TAMS 0x00000000ee200000, 0x00000000ee200000| Complete 
| 227|0x00000000ee300000, 0x00000000ee400000, 0x00000000ee400000|100%| E|CS|TAMS 0x00000000ee300000, 0x00000000ee300000| Complete 
| 228|0x00000000ee400000, 0x00000000ee500000, 0x00000000ee500000|100%| E|CS|TAMS 0x00000000ee400000, 0x00000000ee400000| Complete 
| 229|0x00000000ee500000, 0x00000000ee600000, 0x00000000ee600000|100%| E|CS|TAMS 0x00000000ee500000, 0x00000000ee500000| Complete 
| 230|0x00000000ee600000, 0x00000000ee700000, 0x00000000ee700000|100%| E|CS|TAMS 0x00000000ee600000, 0x00000000ee600000| Complete 
| 231|0x00000000ee700000, 0x00000000ee800000, 0x00000000ee800000|100%| E|CS|TAMS 0x00000000ee700000, 0x00000000ee700000| Complete 
| 232|0x00000000ee800000, 0x00000000ee900000, 0x00000000ee900000|100%| E|CS|TAMS 0x00000000ee800000, 0x00000000ee800000| Complete 
| 233|0x00000000ee900000, 0x00000000eea00000, 0x00000000eea00000|100%| E|CS|TAMS 0x00000000ee900000, 0x00000000ee900000| Complete 
| 234|0x00000000eea00000, 0x00000000eeb00000, 0x00000000eeb00000|100%| E|CS|TAMS 0x00000000eea00000, 0x00000000eea00000| Complete 
| 235|0x00000000eeb00000, 0x00000000eec00000, 0x00000000eec00000|100%| E|CS|TAMS 0x00000000eeb00000, 0x00000000eeb00000| Complete 
| 236|0x00000000eec00000, 0x00000000eed00000, 0x00000000eed00000|100%| E|CS|TAMS 0x00000000eec00000, 0x00000000eec00000| Complete 
| 237|0x00000000eed00000, 0x00000000eee00000, 0x00000000eee00000|100%| E|CS|TAMS 0x00000000eed00000, 0x00000000eed00000| Complete 
| 238|0x00000000eee00000, 0x00000000eef00000, 0x00000000eef00000|100%| E|CS|TAMS 0x00000000eee00000, 0x00000000eee00000| Complete 
| 239|0x00000000eef00000, 0x00000000ef000000, 0x00000000ef000000|100%| E|CS|TAMS 0x00000000eef00000, 0x00000000eef00000| Complete 
| 240|0x00000000ef000000, 0x00000000ef100000, 0x00000000ef100000|100%| E|CS|TAMS 0x00000000ef000000, 0x00000000ef000000| Complete 
| 241|0x00000000ef100000, 0x00000000ef200000, 0x00000000ef200000|100%| E|CS|TAMS 0x00000000ef100000, 0x00000000ef100000| Complete 
| 242|0x00000000ef200000, 0x00000000ef300000, 0x00000000ef300000|100%| E|CS|TAMS 0x00000000ef200000, 0x00000000ef200000| Complete 
| 243|0x00000000ef300000, 0x00000000ef400000, 0x00000000ef400000|100%| E|CS|TAMS 0x00000000ef300000, 0x00000000ef300000| Complete 
| 244|0x00000000ef400000, 0x00000000ef500000, 0x00000000ef500000|100%| E|CS|TAMS 0x00000000ef400000, 0x00000000ef400000| Complete 
| 245|0x00000000ef500000, 0x00000000ef600000, 0x00000000ef600000|100%| E|CS|TAMS 0x00000000ef500000, 0x00000000ef500000| Complete 
| 246|0x00000000ef600000, 0x00000000ef700000, 0x00000000ef700000|100%| E|CS|TAMS 0x00000000ef600000, 0x00000000ef600000| Complete 
| 247|0x00000000ef700000, 0x00000000ef800000, 0x00000000ef800000|100%| E|CS|TAMS 0x00000000ef700000, 0x00000000ef700000| Complete 
| 248|0x00000000ef800000, 0x00000000ef900000, 0x00000000ef900000|100%| E|CS|TAMS 0x00000000ef800000, 0x00000000ef800000| Complete 
| 249|0x00000000ef900000, 0x00000000efa00000, 0x00000000efa00000|100%| E|CS|TAMS 0x00000000ef900000, 0x00000000ef900000| Complete 
| 250|0x00000000efa00000, 0x00000000efb00000, 0x00000000efb00000|100%| E|CS|TAMS 0x00000000efa00000, 0x00000000efa00000| Complete 
| 251|0x00000000efb00000, 0x00000000efc00000, 0x00000000efc00000|100%| E|CS|TAMS 0x00000000efb00000, 0x00000000efb00000| Complete 
| 252|0x00000000efc00000, 0x00000000efd00000, 0x00000000efd00000|100%| E|CS|TAMS 0x00000000efc00000, 0x00000000efc00000| Complete 
| 253|0x00000000efd00000, 0x00000000efe00000, 0x00000000efe00000|100%| E|CS|TAMS 0x00000000efd00000, 0x00000000efd00000| Complete 
| 254|0x00000000efe00000, 0x00000000eff00000, 0x00000000eff00000|100%| E|CS|TAMS 0x00000000efe00000, 0x00000000efe00000| Complete 
| 255|0x00000000eff00000, 0x00000000f0000000, 0x00000000f0000000|100%| E|CS|TAMS 0x00000000eff00000, 0x00000000eff00000| Complete 

Card table byte_map: [0x0000028e37590000,0x0000028e37690000] _byte_map_base: 0x0000028e36e90000

Marking Bits (Prev, Next): (CMBitMap*) 0x0000028e1e9df6d0, (CMBitMap*) 0x0000028e1e9df710
 Prev Bits: [0x0000028e37790000, 0x0000028e37f90000)
 Next Bits: [0x0000028e37f90000, 0x0000028e38790000)

Polling page: 0x0000028e1ea90000

Metaspace:

Usage:
  Non-class:     12.71 MB used.
      Class:      2.08 MB used.
       Both:     14.79 MB used.

Virtual space:
  Non-class space:       16.00 MB reserved,      12.88 MB ( 80%) committed,  2 nodes.
      Class space:      308.00 MB reserved,       2.25 MB ( <1%) committed,  1 nodes.
             Both:      324.00 MB reserved,      15.12 MB (  5%) committed. 

Chunk freelists:
   Non-Class:  3.02 MB
       Class:  1.59 MB
        Both:  4.61 MB

MaxMetaspaceSize: 384.00 MB
CompressedClassSpaceSize: 308.00 MB
Initial GC threshold: 21.00 MB
Current GC threshold: 21.00 MB
CDS: on
MetaspaceReclaimPolicy: balanced
 - commit_granule_bytes: 65536.
 - commit_granule_words: 8192.
 - virtual_space_node_default_size: 1048576.
 - enlarge_chunks_in_place: 1.
 - new_chunks_are_fully_committed: 0.
 - uncommit_free_chunks: 1.
 - use_allocation_guard: 0.
 - handle_deallocations: 1.


Internal statistics:

num_allocs_failed_limit: 0.
num_arena_births: 218.
num_arena_deaths: 0.
num_vsnodes_births: 3.
num_vsnodes_deaths: 0.
num_space_committed: 242.
num_space_uncommitted: 0.
num_chunks_returned_to_freelist: 0.
num_chunks_taken_from_freelist: 687.
num_chunk_merges: 0.
num_chunk_splits: 467.
num_chunks_enlarged: 348.
num_purges: 0.
num_inconsistent_stats: 0.

CodeHeap 'non-profiled nmethods': size=120000Kb used=1101Kb max_used=1101Kb free=118898Kb
 bounds [0x0000028e2f4f0000, 0x0000028e2f760000, 0x0000028e36a20000]
CodeHeap 'profiled nmethods': size=120000Kb used=4537Kb max_used=4537Kb free=115462Kb
 bounds [0x0000028e27a20000, 0x0000028e27e90000, 0x0000028e2ef50000]
CodeHeap 'non-nmethods': size=5760Kb used=1284Kb max_used=1284Kb free=4476Kb
 bounds [0x0000028e2ef50000, 0x0000028e2f1c0000, 0x0000028e2f4f0000]
 total_blobs=2784 nmethods=2261 adapters=433
 compilation: enabled
              stopped_count=0, restarted_count=0
 full_count=0

Compilation events (20 events):
Event: 2.076 Thread 0x0000028e3b20fc80 2251       1       jdk.internal.reflect.NativeMethodAccessorImpl::setParent (6 bytes)
Event: 2.076 Thread 0x0000028e3b20fc80 nmethod 2251 0x0000028e2f602f10 code [0x0000028e2f6030a0, 0x0000028e2f6031b8]
Event: 2.078 Thread 0x0000028e3b20fc80 2253       3       java.lang.ClassLoader::definePackage (53 bytes)
Event: 2.078 Thread 0x0000028e3b20fc80 nmethod 2253 0x0000028e27e77a10 code [0x0000028e27e77c00, 0x0000028e27e78158]
Event: 2.082 Thread 0x0000028e3b20fc80 2254       3       org.gradle.internal.file.FilePathUtil::sizeOfCommonPrefix (142 bytes)
Event: 2.083 Thread 0x0000028e3b20fc80 nmethod 2254 0x0000028e27e78410 code [0x0000028e27e78860, 0x0000028e27e7aa98]
Event: 2.083 Thread 0x0000028e3b20fc80 2255       3       org.gradle.internal.file.FileHierarchySet$Node::sizeOfCommonPrefix (10 bytes)
Event: 2.083 Thread 0x0000028e3b20fc80 nmethod 2255 0x0000028e27e7b810 code [0x0000028e27e7b9c0, 0x0000028e27e7bb68]
Event: 2.083 Thread 0x0000028e3b20fc80 2256       3       org.gradle.internal.file.FilePathUtil::sizeOfCommonPrefix (10 bytes)
Event: 2.083 Thread 0x0000028e3b20fc80 nmethod 2256 0x0000028e27e7bc90 code [0x0000028e27e7be20, 0x0000028e27e7bf48]
Event: 2.084 Thread 0x0000028e3b20fc80 2257       3       org.gradle.internal.file.FileHierarchySet$Node::plus (337 bytes)
Event: 2.086 Thread 0x0000028e3b20fc80 nmethod 2257 0x0000028e27e7c010 code [0x0000028e27e7c660, 0x0000028e27e802f8]
Event: 2.086 Thread 0x0000028e3b20fc80 2258       3       sun.nio.fs.WindowsPathParser::normalize (233 bytes)
Event: 2.088 Thread 0x0000028e3b20fc80 nmethod 2258 0x0000028e27e81890 code [0x0000028e27e81e60, 0x0000028e27e84a88]
Event: 2.088 Thread 0x0000028e3b20fc80 2260       3       jdk.internal.misc.Unsafe::putIntUnaligned (14 bytes)
Event: 2.088 Thread 0x0000028e3b20fc80 nmethod 2260 0x0000028e27e85b90 code [0x0000028e27e85d40, 0x0000028e27e85f98]
Event: 2.088 Thread 0x0000028e3b20fc80 2259       1       java.lang.reflect.Constructor::getSharedParameterTypes (5 bytes)
Event: 2.088 Thread 0x0000028e3b20fc80 nmethod 2259 0x0000028e2f603210 code [0x0000028e2f6033a0, 0x0000028e2f603478]
Event: 2.115 Thread 0x0000028e3b20fc80 2262       3       java.lang.invoke.MemberName::changeReferenceKind (60 bytes)
Event: 2.115 Thread 0x0000028e3b20fc80 nmethod 2262 0x0000028e27e86090 code [0x0000028e27e86220, 0x0000028e27e86358]

GC Heap History (4 events):
Event: 0.589 GC heap before
{Heap before GC invocations=0 (full 0):
 garbage-first heap   total 262144K, used 26624K [0x00000000e0000000, 0x0000000100000000)
  region size 1024K, 23 young (23552K), 0 survivors (0K)
 Metaspace       used 3123K, committed 3200K, reserved 323584K
  class space    used 399K, committed 448K, reserved 315392K
}
Event: 0.593 GC heap after
{Heap after GC invocations=1 (full 0):
 garbage-first heap   total 262144K, used 10568K [0x00000000e0000000, 0x0000000100000000)
  region size 1024K, 3 young (3072K), 3 survivors (3072K)
 Metaspace       used 3123K, committed 3200K, reserved 323584K
  class space    used 399K, committed 448K, reserved 315392K
}
Event: 0.898 GC heap before
{Heap before GC invocations=1 (full 0):
 garbage-first heap   total 262144K, used 37192K [0x00000000e0000000, 0x0000000100000000)
  region size 1024K, 29 young (29696K), 3 survivors (3072K)
 Metaspace       used 4011K, committed 4160K, reserved 323584K
  class space    used 493K, committed 576K, reserved 315392K
}
Event: 0.900 GC heap after
{Heap after GC invocations=2 (full 0):
 garbage-first heap   total 262144K, used 11477K [0x00000000e0000000, 0x0000000100000000)
  region size 1024K, 1 young (1024K), 1 survivors (1024K)
 Metaspace       used 4011K, committed 4160K, reserved 323584K
  class space    used 493K, committed 576K, reserved 315392K
}

Deoptimization events (20 events):
Event: 1.770 Thread 0x0000028e3c7f2670 Uncommon trap: trap_request=0xffffff45 fr.pc=0x0000028e2f5318fc relative=0x000000000000043c
Event: 1.770 Thread 0x0000028e3c7f2670 Uncommon trap: reason=unstable_if action=reinterpret pc=0x0000028e2f5318fc method=java.util.HashMap.getNode(Ljava/lang/Object;)Ljava/util/HashMap$Node; @ 66 c2
Event: 1.770 Thread 0x0000028e3c7f2670 DEOPT PACKING pc=0x0000028e2f5318fc sp=0x000000b8d8cfc080
Event: 1.770 Thread 0x0000028e3c7f2670 DEOPT UNPACKING pc=0x0000028e2efa23a3 sp=0x000000b8d8cfc000 mode 2
Event: 1.782 Thread 0x0000028e3c7f2670 Uncommon trap: trap_request=0xffffff45 fr.pc=0x0000028e2f5cd494 relative=0x00000000000003d4
Event: 1.782 Thread 0x0000028e3c7f2670 Uncommon trap: reason=unstable_if action=reinterpret pc=0x0000028e2f5cd494 method=java.util.concurrent.ConcurrentHashMap.get(Ljava/lang/Object;)Ljava/lang/Object; @ 76 c2
Event: 1.782 Thread 0x0000028e3c7f2670 DEOPT PACKING pc=0x0000028e2f5cd494 sp=0x000000b8d8cfb5d0
Event: 1.782 Thread 0x0000028e3c7f2670 DEOPT UNPACKING pc=0x0000028e2efa23a3 sp=0x000000b8d8cfb558 mode 2
Event: 2.064 Thread 0x0000028e3c7f2670 Uncommon trap: trap_request=0xffffff45 fr.pc=0x0000028e2f589ffc relative=0x000000000000075c
Event: 2.064 Thread 0x0000028e3c7f2670 Uncommon trap: reason=unstable_if action=reinterpret pc=0x0000028e2f589ffc method=java.util.ArrayList.grow(I)[Ljava/lang/Object; @ 17 c2
Event: 2.064 Thread 0x0000028e3c7f2670 DEOPT PACKING pc=0x0000028e2f589ffc sp=0x000000b8d8cfccf0
Event: 2.064 Thread 0x0000028e3c7f2670 DEOPT UNPACKING pc=0x0000028e2efa23a3 sp=0x000000b8d8cfcb88 mode 2
Event: 2.085 Thread 0x0000028e3c7f2670 Uncommon trap: trap_request=0xffffff45 fr.pc=0x0000028e2f515c04 relative=0x0000000000000b04
Event: 2.085 Thread 0x0000028e3c7f2670 Uncommon trap: reason=unstable_if action=reinterpret pc=0x0000028e2f515c04 method=java.io.WinNTFileSystem.resolve(Ljava/lang/String;Ljava/lang/String;)Ljava/lang/String; @ 19 c2
Event: 2.085 Thread 0x0000028e3c7f2670 DEOPT PACKING pc=0x0000028e2f515c04 sp=0x000000b8d8cfcbd0
Event: 2.085 Thread 0x0000028e3c7f2670 DEOPT UNPACKING pc=0x0000028e2efa23a3 sp=0x000000b8d8cfcb78 mode 2
Event: 2.086 Thread 0x0000028e3c7f2670 Uncommon trap: trap_request=0xffffff45 fr.pc=0x0000028e2f569e28 relative=0x0000000000000608
Event: 2.086 Thread 0x0000028e3c7f2670 Uncommon trap: reason=unstable_if action=reinterpret pc=0x0000028e2f569e28 method=java.io.File.getName()Ljava/lang/String; @ 16 c2
Event: 2.086 Thread 0x0000028e3c7f2670 DEOPT PACKING pc=0x0000028e2f569e28 sp=0x000000b8d8cfcb70
Event: 2.086 Thread 0x0000028e3c7f2670 DEOPT UNPACKING pc=0x0000028e2efa23a3 sp=0x000000b8d8cfcb40 mode 2

Classes unloaded (0 events):
No events

Classes redefined (0 events):
No events

Internal exceptions (20 events):
Event: 1.472 Thread 0x0000028e1e9b00d0 Exception <a 'java/io/IOException'{0x00000000edf17d00}> (0x00000000edf17d00) 
thrown [s\open\src\hotspot\share\prims\jni.cpp, line 516]
Event: 1.584 Thread 0x0000028e3c7f6030 Exception <a 'java/lang/NoSuchMethodError'{0x00000000edbaaa48}: static Lorg/gradle/tooling/internal/provider/serialization/ClassLoaderDetails;.<clinit>()V> (0x00000000edbaaa48) 
thrown [s\open\src\hotspot\share\prims\jni.cpp, line 1107]
Event: 1.586 Thread 0x0000028e3c7f6030 Exception <a 'java/lang/NoSuchMethodError'{0x00000000edbc3828}: static Lorg/gradle/internal/classloader/ClassLoaderSpec;.<clinit>()V> (0x00000000edbc3828) 
thrown [s\open\src\hotspot\share\prims\jni.cpp, line 1107]
Event: 1.587 Thread 0x0000028e3c7f6030 Exception <a 'java/lang/NoSuchMethodError'{0x00000000edbccfe0}: static Lorg/gradle/tooling/internal/provider/serialization/WellKnownClassLoaderRegistry$KnownClassLoaderSpec;.<clinit>()V> (0x00000000edbccfe0) 
thrown [s\open\src\hotspot\share\prims\jni.cpp, line 1107]
Event: 1.589 Thread 0x0000028e3c7f6030 Exception <a 'java/lang/NoSuchMethodError'{0x00000000edbe2d68}: static Lorg/gradle/tooling/internal/provider/serialization/ClientOwnedClassLoaderSpec;.<clinit>()V> (0x00000000edbe2d68) 
thrown [s\open\src\hotspot\share\prims\jni.cpp, line 1107]
Event: 1.660 Thread 0x0000028e3c7f2670 Exception <a 'java/lang/NoSuchMethodError'{0x00000000ed78b5b0}: 'long java.lang.invoke.DirectMethodHandle$Holder.invokeInterface(java.lang.Object, java.lang.Object)'> (0x00000000ed78b5b0) 
thrown [s\open\src\hotspot\share\interpreter\linkResolver.cpp, line 759]
Event: 1.664 Thread 0x0000028e3c7f2670 Exception <a 'java/lang/NoSuchMethodError'{0x00000000ed7c2ff8}: 'java.lang.Object java.lang.invoke.DirectMethodHandle$Holder.invokeVirtual(java.lang.Object, java.lang.Object, java.lang.Object)'> (0x00000000ed7c2ff8) 
thrown [s\open\src\hotspot\share\interpreter\linkResolver.cpp, line 759]
Event: 1.728 Thread 0x0000028e3c7f2670 Exception <a 'java/lang/NoSuchMethodError'{0x00000000ed3746c8}: 'void java.lang.invoke.DirectMethodHandle$Holder.invokeStatic(java.lang.Object, java.lang.Object)'> (0x00000000ed3746c8) 
thrown [s\open\src\hotspot\share\interpreter\linkResolver.cpp, line 759]
Event: 1.833 Thread 0x0000028e3c7f2670 Exception <a 'java/lang/NoSuchMethodError'{0x00000000ecfdedb0}: 'java.lang.Object java.lang.invoke.DirectMethodHandle$Holder.newInvokeSpecial(java.lang.Object, java.lang.Object, java.lang.Object, java.lang.Object, java.lang.Object, java.lang.Object)'> (0x00000000ecfdedb0) 
thrown [s\open\src\hotspot\share\interpreter\linkResolver.cpp, line 759]
Event: 1.836 Thread 0x0000028e3c7f2670 Exception <a 'java/lang/NoSuchMethodError'{0x00000000ecffab48}: 'void java.lang.invoke.DirectMethodHandle$Holder.invokeSpecial(java.lang.Object, java.lang.Object, java.lang.Object, java.lang.Object, java.lang.Object)'> (0x00000000ecffab48) 
thrown [s\open\src\hotspot\share\interpreter\linkResolver.cpp, line 759]
Event: 1.838 Thread 0x0000028e3c7f2670 Exception <a 'java/lang/NoSuchMethodError'{0x00000000ece0ee20}: 'void java.lang.invoke.DirectMethodHandle$Holder.invokeStaticInit(java.lang.Object, java.lang.Object)'> (0x00000000ece0ee20) 
thrown [s\open\src\hotspot\share\interpreter\linkResolver.cpp, line 759]
Event: 1.863 Thread 0x0000028e3c7f2670 Exception <a 'java/lang/NoSuchMethodError'{0x00000000ecd14b38}: 'java.lang.Object java.lang.invoke.DirectMethodHandle$Holder.newInvokeSpecial(java.lang.Object, java.lang.Object, java.lang.Object, int, java.lang.Object, java.lang.Object)'> (0x00000000ecd14b38) 
thrown [s\open\src\hotspot\share\interpreter\linkResolver.cpp, line 759]
Event: 1.889 Thread 0x0000028e3c7f2670 Exception <a 'java/lang/NoSuchMethodError'{0x00000000eccd2620}: 'void java.lang.invoke.DelegatingMethodHandle$Holder.reinvoke_L(java.lang.Object, java.lang.Object, java.lang.Object, java.lang.Object, java.lang.Object, java.lang.Object, java.lang.Object, java.lang.Object, java.lang.Object, java.lang.Object)'> (0x00000000eccd2620) 
thrown [s\open\src\hotspot\share\interpreter\linkResolver.cpp, line 759]
Event: 1.890 Thread 0x0000028e3c7f2670 Exception <a 'java/lang/NoSuchMethodError'{0x00000000eccdaa90}: 'java.lang.Object java.lang.invoke.DirectMethodHandle$Holder.invokeSpecial(java.lang.Object, java.lang.Object, java.lang.Object, java.lang.Object, java.lang.Object, java.lang.Object, java.lang.Object, java.lang.Object, java.lang.Object, java.lang.Object)'> (0x00000000eccdaa90) 
thrown [s\open\src\hotspot\share\interpreter\linkResolver.cpp, line 759]
Event: 1.891 Thread 0x0000028e3c7f2670 Exception <a 'java/lang/NoSuchMethodError'{0x00000000eccdf360}: 'java.lang.Object java.lang.invoke.Invokers$Holder.invoker(java.lang.Object, java.lang.Object, java.lang.Object, java.lang.Object, java.lang.Object, java.lang.Object, java.lang.Object, java.lang.Object, java.lang.Object, java.lang.Object)'> (0x00000000eccdf360) 
thrown [s\open\src\hotspot\share\interpreter\linkResolver.cpp, line 759]
Event: 1.892 Thread 0x0000028e3c7f2670 Exception <a 'java/lang/NoSuchMethodError'{0x00000000ecce4ee8}: 'java.lang.Object java.lang.invoke.DirectMethodHandle$Holder.invokeSpecial(java.lang.Object, java.lang.Object, java.lang.Object, java.lang.Object, java.lang.Object, java.lang.Object, java.lang.Object, java.lang.Object, java.lang.Object, java.lang.Object, java.lang.Object)'> (0x00000000ecce4ee8) 
thrown [s\open\src\hotspot\share\interpreter\linkResolver.cpp, line 759]
Event: 1.981 Thread 0x0000028e3c7f2670 Exception <a 'java/lang/NoSuchMethodError'{0x00000000ec6c4550}: 'void java.lang.invoke.DirectMethodHandle$Holder.invokeStaticInit(java.lang.Object)'> (0x00000000ec6c4550) 
thrown [s\open\src\hotspot\share\interpreter\linkResolver.cpp, line 759]
Event: 1.999 Thread 0x0000028e3c7f2670 Exception <a 'java/lang/NoSuchMethodError'{0x00000000ec5749d0}: 'java.lang.Object java.lang.invoke.DirectMethodHandle$Holder.newInvokeSpecial(java.lang.Object, java.lang.Object, java.lang.Object, int)'> (0x00000000ec5749d0) 
thrown [s\open\src\hotspot\share\interpreter\linkResolver.cpp, line 759]
Event: 2.000 Thread 0x0000028e3c7f2670 Exception <a 'java/lang/NoSuchMethodError'{0x00000000ec579300}: 'java.lang.Object java.lang.invoke.DirectMethodHandle$Holder.invokeSpecial(java.lang.Object, java.lang.Object, java.lang.Object, java.lang.Object, int)'> (0x00000000ec579300) 
thrown [s\open\src\hotspot\share\interpreter\linkResolver.cpp, line 759]
Event: 2.000 Thread 0x0000028e3c7f2670 Exception <a 'java/lang/NoSuchMethodError'{0x00000000ec57d418}: 'java.lang.Object java.lang.invoke.Invokers$Holder.linkToTargetMethod(java.lang.Object, java.lang.Object, int, java.lang.Object)'> (0x00000000ec57d418) 
thrown [s\open\src\hotspot\share\interpreter\linkResolver.cpp, line 759]

VM Operations (20 events):
Event: 1.270 Executing VM operation: HandshakeAllThreads
Event: 1.270 Executing VM operation: HandshakeAllThreads done
Event: 1.354 Executing VM operation: HandshakeAllThreads
Event: 1.354 Executing VM operation: HandshakeAllThreads done
Event: 1.454 Executing VM operation: HandshakeAllThreads
Event: 1.454 Executing VM operation: HandshakeAllThreads done
Event: 1.513 Executing VM operation: HandshakeAllThreads
Event: 1.513 Executing VM operation: HandshakeAllThreads done
Event: 1.812 Executing VM operation: ICBufferFull
Event: 1.813 Executing VM operation: ICBufferFull done
Event: 1.872 Executing VM operation: HandshakeAllThreads
Event: 1.872 Executing VM operation: HandshakeAllThreads done
Event: 2.092 Executing VM operation: HandshakeAllThreads
Event: 2.092 Executing VM operation: HandshakeAllThreads done
Event: 2.092 Executing VM operation: HandshakeAllThreads
Event: 2.092 Executing VM operation: HandshakeAllThreads done
Event: 2.120 Executing VM operation: HandshakeAllThreads
Event: 2.120 Executing VM operation: HandshakeAllThreads done
Event: 2.121 Executing VM operation: HandshakeAllThreads
Event: 2.121 Executing VM operation: HandshakeAllThreads done

Events (20 events):
Event: 1.998 loading class java/util/concurrent/locks/ReentrantLock$FairSync done
Event: 1.998 Thread 0x0000028e3c7f51c0 Thread added: 0x0000028e3c7f51c0
Event: 2.002 loading class sun/misc/Unsafe
Event: 2.002 loading class sun/misc/Unsafe done
Event: 2.007 Thread 0x0000028e3c7f5690 Thread added: 0x0000028e3c7f5690
Event: 2.007 loading class java/net/DatagramPacket
Event: 2.007 loading class java/net/DatagramPacket done
Event: 2.008 loading class sun/nio/ch/DatagramSocketAdaptor$DatagramPackets
Event: 2.008 loading class sun/nio/ch/DatagramSocketAdaptor$DatagramPackets done
Event: 2.048 Thread 0x0000028e3be70ab0 Thread exited: 0x0000028e3be70ab0
Event: 2.086 loading class java/io/File$TempDirectory
Event: 2.086 loading class java/io/File$TempDirectory done
Event: 2.090 loading class java/io/PrintWriter
Event: 2.090 loading class java/io/PrintWriter done
Event: 2.091 loading class sun/nio/cs/UTF_8$Encoder
Event: 2.091 loading class sun/nio/cs/UTF_8$Encoder done
Event: 2.100 loading class java/util/zip/CheckedInputStream
Event: 2.100 loading class java/util/zip/CheckedInputStream done
Event: 2.101 loading class java/nio/file/FileVisitor
Event: 2.101 loading class java/nio/file/FileVisitor done


Dynamic libraries:
0x00007ff602290000 - 0x00007ff6022a0000 	C:\Program Files\Java\jdk-17\bin\java.exe
0x00007ffdd9690000 - 0x00007ffdd9888000 	C:\Windows\SYSTEM32\ntdll.dll
0x00007ffdd79a0000 - 0x00007ffdd7a5d000 	C:\Windows\System32\KERNEL32.DLL
0x00007ffdd6ff0000 - 0x00007ffdd72e6000 	C:\Windows\System32\KERNELBASE.dll
0x00007ffdd7360000 - 0x00007ffdd7460000 	C:\Windows\System32\ucrtbase.dll
0x00007ffdcd970000 - 0x00007ffdcd989000 	C:\Program Files\Java\jdk-17\bin\jli.dll
0x00007ffdd7830000 - 0x00007ffdd78df000 	C:\Windows\System32\ADVAPI32.dll
0x00007ffdc80c0000 - 0x00007ffdc80db000 	C:\Program Files\Java\jdk-17\bin\VCRUNTIME140.dll
0x00007ffdd7a60000 - 0x00007ffdd7afe000 	C:\Windows\System32\msvcrt.dll
0x00007ffdd89f0000 - 0x00007ffdd8a8c000 	C:\Windows\System32\sechost.dll
0x00007ffdd8370000 - 0x00007ffdd8496000 	C:\Windows\System32\RPCRT4.dll
0x00007ffdd81d0000 - 0x00007ffdd836e000 	C:\Windows\System32\USER32.dll
0x00007ffdd6f70000 - 0x00007ffdd6f92000 	C:\Windows\System32\win32u.dll
0x00007ffdc2610000 - 0x00007ffdc28aa000 	C:\Windows\WinSxS\amd64_microsoft.windows.common-controls_6595b64144ccf1df_6.0.19041.3636_none_60b6a03d71f818d5\COMCTL32.dll
0x00007ffdd7e80000 - 0x00007ffdd7eac000 	C:\Windows\System32\GDI32.dll
0x00007ffdd6e50000 - 0x00007ffdd6f6a000 	C:\Windows\System32\gdi32full.dll
0x00007ffdd7460000 - 0x00007ffdd74fd000 	C:\Windows\System32\msvcp_win.dll
0x00007ffdcd5b0000 - 0x00007ffdcd5ba000 	C:\Windows\SYSTEM32\VERSION.dll
0x00007ffdd7f40000 - 0x00007ffdd7f70000 	C:\Windows\System32\IMM32.DLL
0x00007ffdd1bb0000 - 0x00007ffdd1bbc000 	C:\Program Files\Java\jdk-17\bin\vcruntime140_1.dll
0x00007ffda2900000 - 0x00007ffda298e000 	C:\Program Files\Java\jdk-17\bin\msvcp140.dll
0x00007ffd5e930000 - 0x00007ffd5f50d000 	C:\Program Files\Java\jdk-17\bin\server\jvm.dll
0x00007ffdd7eb0000 - 0x00007ffdd7eb8000 	C:\Windows\System32\PSAPI.DLL
0x00007ffdb61a0000 - 0x00007ffdb61a9000 	C:\Windows\SYSTEM32\WSOCK32.dll
0x00007ffdbe770000 - 0x00007ffdbe797000 	C:\Windows\SYSTEM32\WINMM.dll
0x00007ffdd7ed0000 - 0x00007ffdd7f3b000 	C:\Windows\System32\WS2_32.dll
0x00007ffdd55d0000 - 0x00007ffdd55e2000 	C:\Windows\SYSTEM32\kernel.appcore.dll
0x00007ffdd1b80000 - 0x00007ffdd1b8a000 	C:\Program Files\Java\jdk-17\bin\jimage.dll
0x00007ffdd4310000 - 0x00007ffdd44f4000 	C:\Windows\SYSTEM32\DBGHELP.DLL
0x00007ffdbd450000 - 0x00007ffdbd484000 	C:\Windows\SYSTEM32\dbgcore.DLL
0x00007ffdd7500000 - 0x00007ffdd7582000 	C:\Windows\System32\bcryptPrimitives.dll
0x00007ffdd09a0000 - 0x00007ffdd09ae000 	C:\Program Files\Java\jdk-17\bin\instrument.dll
0x00007ffdc8090000 - 0x00007ffdc80b5000 	C:\Program Files\Java\jdk-17\bin\java.dll
0x00007ffd9f6c0000 - 0x00007ffd9f797000 	C:\Program Files\Java\jdk-17\bin\jsvml.dll
0x00007ffdd8a90000 - 0x00007ffdd91d4000 	C:\Windows\System32\SHELL32.dll
0x00007ffdd4ac0000 - 0x00007ffdd525b000 	C:\Windows\SYSTEM32\windows.storage.dll
0x00007ffdd7b00000 - 0x00007ffdd7e54000 	C:\Windows\System32\combase.dll
0x00007ffdd67b0000 - 0x00007ffdd67dd000 	C:\Windows\SYSTEM32\Wldp.dll
0x00007ffdd9420000 - 0x00007ffdd94cd000 	C:\Windows\System32\SHCORE.dll
0x00007ffdd78e0000 - 0x00007ffdd7935000 	C:\Windows\System32\shlwapi.dll
0x00007ffdd6ca0000 - 0x00007ffdd6cc5000 	C:\Windows\SYSTEM32\profapi.dll
0x00007ffdc7dc0000 - 0x00007ffdc7dd8000 	C:\Program Files\Java\jdk-17\bin\zip.dll
0x00007ffdc7da0000 - 0x00007ffdc7db9000 	C:\Program Files\Java\jdk-17\bin\net.dll
0x00007ffdcce80000 - 0x00007ffdccf8a000 	C:\Windows\SYSTEM32\WINHTTP.dll
0x00007ffdd64f0000 - 0x00007ffdd655a000 	C:\Windows\system32\mswsock.dll
0x00007ffdc7400000 - 0x00007ffdc7416000 	C:\Program Files\Java\jdk-17\bin\nio.dll
0x00007ffdcfed0000 - 0x00007ffdcfee0000 	C:\Program Files\Java\jdk-17\bin\verify.dll
0x00007ffdd1bc0000 - 0x00007ffdd1be7000 	C:\Users\henryvf\.gradle\native\c067742578af261105cb4f569cf0c3c89f3d7b1fecec35dd04571415982c5e48\windows-amd64\native-platform.dll
0x00007ffd9c5e0000 - 0x00007ffd9c724000 	C:\Users\henryvf\.gradle\native\38dada09dfb8b06ba9b0570ebf7e218e3eb74d4ef43ca46872605cf95ebc2f47\windows-amd64\native-platform-file-events.dll
0x00007ffdce1e0000 - 0x00007ffdce1ea000 	C:\Program Files\Java\jdk-17\bin\management.dll
0x00007ffdccbe0000 - 0x00007ffdccbeb000 	C:\Program Files\Java\jdk-17\bin\management_ext.dll
0x00007ffdd6710000 - 0x00007ffdd6728000 	C:\Windows\SYSTEM32\CRYPTSP.dll
0x00007ffdd5d90000 - 0x00007ffdd5dc4000 	C:\Windows\system32\rsaenh.dll
0x00007ffdd6e20000 - 0x00007ffdd6e47000 	C:\Windows\System32\bcrypt.dll
0x00007ffdd6c20000 - 0x00007ffdd6c4e000 	C:\Windows\SYSTEM32\USERENV.dll
0x00007ffdd6700000 - 0x00007ffdd670c000 	C:\Windows\SYSTEM32\CRYPTBASE.dll
0x00007ffdd6180000 - 0x00007ffdd61bb000 	C:\Windows\SYSTEM32\IPHLPAPI.DLL
0x00007ffdd7ec0000 - 0x00007ffdd7ec8000 	C:\Windows\System32\NSI.dll
0x00007ffdccb20000 - 0x00007ffdccb37000 	C:\Windows\SYSTEM32\dhcpcsvc6.DLL
0x00007ffdccaf0000 - 0x00007ffdccb0d000 	C:\Windows\SYSTEM32\dhcpcsvc.DLL
0x00007ffdd61d0000 - 0x00007ffdd629a000 	C:\Windows\SYSTEM32\DNSAPI.dll
0x00007ffdc3160000 - 0x00007ffdc316d000 	C:\Program Files\Java\jdk-17\bin\sunmscapi.dll
0x00007ffdd7590000 - 0x00007ffdd76ed000 	C:\Windows\System32\CRYPT32.dll
0x00007ffdd6820000 - 0x00007ffdd6847000 	C:\Windows\SYSTEM32\ncrypt.dll
0x00007ffdd67e0000 - 0x00007ffdd681b000 	C:\Windows\SYSTEM32\NTASN1.dll
0x00007ffdcf8f0000 - 0x00007ffdcf8f7000 	C:\Windows\system32\wshunix.dll

dbghelp: loaded successfully - version: 4.0.5 - missing functions: none
symbol engine: initialized successfully - sym options: 0x614 - pdb path: .;C:\Program Files\Java\jdk-17\bin;C:\Windows\SYSTEM32;C:\Windows\WinSxS\amd64_microsoft.windows.common-controls_6595b64144ccf1df_6.0.19041.3636_none_60b6a03d71f818d5;C:\Program Files\Java\jdk-17\bin\server;C:\Users\henryvf\.gradle\native\c067742578af261105cb4f569cf0c3c89f3d7b1fecec35dd04571415982c5e48\windows-amd64;C:\Users\henryvf\.gradle\native\38dada09dfb8b06ba9b0570ebf7e218e3eb74d4ef43ca46872605cf95ebc2f47\windows-amd64

VM Arguments:
jvm_args: --add-opens=java.base/java.util=ALL-UNNAMED --add-opens=java.base/java.lang=ALL-UNNAMED --add-opens=java.base/java.lang.invoke=ALL-UNNAMED --add-opens=java.prefs/java.util.prefs=ALL-UNNAMED --add-opens=java.base/java.nio.charset=ALL-UNNAMED --add-opens=java.base/java.net=ALL-UNNAMED --add-opens=java.base/java.util.concurrent.atomic=ALL-UNNAMED -XX:MaxMetaspaceSize=384m -XX:+HeapDumpOnOutOfMemoryError -Xms256m -Xmx512m -Dfile.encoding=windows-1252 -Duser.country=PE -Duser.language=es -Duser.variant -javaagent:C:\Users\henryvf\.gradle\wrapper\dists\gradle-8.4-bin\1w5dpkrfk8irigvoxmyhowfim\gradle-8.4\lib\agents\gradle-instrumentation-agent-8.4.jar 
java_command: org.gradle.launcher.daemon.bootstrap.GradleDaemon 8.4
java_class_path (initial): C:\Users\henryvf\.gradle\wrapper\dists\gradle-8.4-bin\1w5dpkrfk8irigvoxmyhowfim\gradle-8.4\lib\gradle-launcher-8.4.jar
Launcher Type: SUN_STANDARD

[Global flags]
     intx CICompilerCount                          = 4                                         {product} {ergonomic}
   size_t CompressedClassSpaceSize                 = 322961408                                 {product} {ergonomic}
     uint ConcGCThreads                            = 2                                         {product} {ergonomic}
     uint G1ConcRefinementThreads                  = 8                                         {product} {ergonomic}
   size_t G1HeapRegionSize                         = 1048576                                   {product} {ergonomic}
    uintx GCDrainStackTargetSize                   = 64                                        {product} {ergonomic}
     bool HeapDumpOnOutOfMemoryError               = true                                   {manageable} {command line}
   size_t InitialHeapSize                          = 268435456                                 {product} {command line}
   size_t MarkStackSize                            = 4194304                                   {product} {ergonomic}
   size_t MaxHeapSize                              = 536870912                                 {product} {command line}
   size_t MaxMetaspaceSize                         = 402653184                                 {product} {command line}
   size_t MaxNewSize                               = 321912832                                 {product} {ergonomic}
   size_t MinHeapDeltaBytes                        = 1048576                                   {product} {ergonomic}
   size_t MinHeapSize                              = 268435456                                 {product} {command line}
    uintx NonNMethodCodeHeapSize                   = 5839372                                {pd product} {ergonomic}
    uintx NonProfiledCodeHeapSize                  = 122909434                              {pd product} {ergonomic}
    uintx ProfiledCodeHeapSize                     = 122909434                              {pd product} {ergonomic}
    uintx ReservedCodeCacheSize                    = 251658240                              {pd product} {ergonomic}
     bool SegmentedCodeCache                       = true                                      {product} {ergonomic}
   size_t SoftMaxHeapSize                          = 536870912                              {manageable} {ergonomic}
     bool UseCompressedClassPointers               = true                           {product lp64_product} {ergonomic}
     bool UseCompressedOops                        = true                           {product lp64_product} {ergonomic}
     bool UseG1GC                                  = true                                      {product} {ergonomic}
     bool UseLargePagesIndividualAllocation        = false                                  {pd product} {ergonomic}

Logging:
Log output configuration:
 #0: stdout all=warning uptime,level,tags
 #1: stderr all=off uptime,level,tags

Environment Variables:
JAVA_HOME=C:\Program Files\Java\jdk-17
PATH=C:\Program Files\Common Files\Oracle\Java\javapath;C:\Windows\system32;C:\Windows;C:\Windows\System32\Wbem;C:\Windows\System32\WindowsPowerShell\v1.0\;C:\Windows\System32\OpenSSH\;C:\Program Files\Git\cmd;C:\Program Files\Docker\Docker\resources\bin;C:\Program Files\Java\jdk-17\bin;C:\gradle-8.1.1\bin;C:\xampp\php;C:\Program Files\MATLAB\R2023b\bin;C:\Program Files\PowerShell\7\;C:\Users\henryvf\AppData\Roaming\nvm;C:\Program Files\nodejs;C:\Users\henryvf\AppData\Local\Microsoft\WindowsApps;C:\Users\henryvf\AppData\Local\Programs\Microsoft VS Code\bin;C:\Program Files\JetBrains\IntelliJ IDEA 2022.3.2\bin;C:\Users\henryvf\AppData\Roaming\npm;C:\Program Files\heroku\bin;C:\Users\henryvf\.fly\bin;C:\Users\henryvf\AppData\Local\spicetify;C:\Users\henryvf\AppData\Roaming\nvm;C:\Program Files\nodejs
USERNAME=henryvf
OS=Windows_NT
PROCESSOR_IDENTIFIER=Intel64 Family 6 Model 142 Stepping 12, GenuineIntel



---------------  S Y S T E M  ---------------

OS:
 Windows 10 , 64 bit Build 19041 (10.0.19041.3636)
OS uptime: 5 days 10:21 hours
Hyper-V role detected

CPU: total 8 (initial active 8) (4 cores per cpu, 2 threads per core) family 6 model 142 stepping 12 microcode 0xde, cx8, cmov, fxsr, ht, mmx, 3dnowpref, sse, sse2, sse3, ssse3, sse4.1, sse4.2, popcnt, lzcnt, tsc, tscinvbit, avx, avx2, aes, erms, clmul, bmi1, bmi2, adx, fma, vzeroupper, clflush, clflushopt, hv

Memory: 4k page, system-wide physical 8020M (800M free)
TotalPageFile size 10068M (AvailPageFile size 2M)
current process WorkingSet (physical memory assigned to process): 178M, peak: 180M
current process commit charge ("private bytes"): 412M, peak: 415M

vm_info: Java HotSpot(TM) 64-Bit Server VM (17.0.7+8-LTS-224) for windows-amd64 JRE (17.0.7+8-LTS-224), built on Feb 28 2023 23:03:02 by "mach5one" with MS VC++ 17.1 (VS2022)

END.
